#
# There is insufficient memory for the Java Runtime Environment to continue.
# Native memory allocation (malloc) failed to allocate 435264 bytes for Chunk::new
# Possible reasons:
#   The system is out of physical RAM or swap space
#   The process is running with CompressedOops enabled, and the Java Heap may be blocking the growth of the native heap
# Possible solutions:
#   Reduce memory load on the system
#   Increase physical memory or swap space
#   Check if swap backing store is full
#   Decrease Java heap size (-Xmx/-Xms)
#   Decrease number of Java threads
#   Decrease Java thread stack sizes (-Xss)
#   Set larger code cache with -XX:ReservedCodeCacheSize=
#   JVM is running with Unscaled Compressed Oops mode in which the Java heap is
#     placed in the first 4GB address space. The Java Heap base address is the
#     maximum limit for the native heap growth. Please use -XX:HeapBaseMinAddress
#     to set the Java Heap base and to place the Java Heap above 4GB virtual address.
# This output file may be truncated or incomplete.
#
#  Out of Memory Error (arena.cpp:191), pid=22712, tid=20004
#
# JRE version: OpenJDK Runtime Environment Temurin-17.0.10+7 (17.0.10+7) (build 17.0.10+7)
# Java VM: OpenJDK 64-Bit Server VM Temurin-17.0.10+7 (17.0.10+7, mixed mode, tiered, compressed oops, compressed class ptrs, parallel gc, windows-amd64)
# No core dump will be written. Minidumps are not enabled by default on client versions of Windows
#

---------------  S U M M A R Y ------------

Command Line: --add-modules=ALL-SYSTEM --add-opens=java.base/java.util=ALL-UNNAMED --add-opens=java.base/java.lang=ALL-UNNAMED --add-opens=java.base/sun.nio.fs=ALL-UNNAMED -Declipse.application=org.eclipse.jdt.ls.core.id1 -Dosgi.bundles.defaultStartLevel=4 -Declipse.product=org.eclipse.jdt.ls.core.product -Djava.import.generatesMetadataFilesAtProjectRoot=false -DDetectVMInstallationsJob.disabled=true -Dfile.encoding=utf8 -XX:+UseParallelGC -XX:GCTimeRatio=4 -XX:AdaptiveSizePolicyWeight=90 -Dsun.zip.disableMemoryMapping=true -Xmx1G -Xms100m -Xlog:disable -javaagent:c:\Users\mitta\.vscode\extensions\redhat.java-1.28.1-win32-x64\lombok\lombok-1.18.31.jar c:\Users\mitta\.vscode\extensions\redhat.java-1.28.1-win32-x64\server\plugins\org.eclipse.equinox.launcher_1.6.700.v20231214-2017.jar -configuration c:\Users\mitta\AppData\Roaming\Code\User\globalStorage\redhat.java\1.28.1\config_ss_win -data c:\Users\mitta\AppData\Roaming\Code\User\workspaceStorage\a692e1cf0e494f24f55278b0b71f1011\redhat.java\ss_ws --stdio

Host: 11th Gen Intel(R) Core(TM) i5-11320H @ 3.20GHz, 8 cores, 7G,  Windows 11 , 64 bit Build 22621 (10.0.22621.3139)
Time: Thu Mar  7 11:29:12 2024 India Standard Time elapsed time: 1.501461 seconds (0d 0h 0m 1s)

---------------  T H R E A D  ---------------

Current thread (0x00000168d5c66500):  JavaThread "C2 CompilerThread2" daemon [_thread_in_native, id=20004, stack(0x00000031e0f00000,0x00000031e1000000)]


Current CompileTask:
C2:   1501 2369       4       lombok.patcher.PatchScript$MethodPatcher::visitMethod (158 bytes)

Stack: [0x00000031e0f00000,0x00000031e1000000]
Native frames: (J=compiled Java code, j=interpreted, Vv=VM code, C=native code)
V  [jvm.dll+0x67d2c9]
V  [jvm.dll+0x834afa]
V  [jvm.dll+0x8365be]
V  [jvm.dll+0x836c23]
V  [jvm.dll+0x2477ff]
V  [jvm.dll+0xac514]
V  [jvm.dll+0xacb5c]
V  [jvm.dll+0x3667d7]
V  [jvm.dll+0x330bfa]
V  [jvm.dll+0x33009a]
V  [jvm.dll+0x219ef1]
V  [jvm.dll+0x219311]
V  [jvm.dll+0x1a502d]
V  [jvm.dll+0x2290de]
V  [jvm.dll+0x2272ac]
V  [jvm.dll+0x7e9bb7]
V  [jvm.dll+0x7e3fba]
V  [jvm.dll+0x67c1b5]
C  [ucrtbase.dll+0x29363]
C  [KERNEL32.DLL+0x1257d]
C  [ntdll.dll+0x5aa58]


---------------  P R O C E S S  ---------------

Threads class SMR info:
_java_thread_list=0x00000168d76967e0, length=22, elements={
0x00000168bc965030, 0x00000168d07d6ab0, 0x00000168d07d8ea0, 0x00000168d58cb9c0,
0x00000168d58cc390, 0x00000168d58fc030, 0x00000168d58fc900, 0x00000168d58ff6b0,
0x00000168d590c200, 0x00000168d5914bf0, 0x00000168d5a7a1b0, 0x00000168d5a7d100,
0x00000168d6a6a010, 0x00000168d5c66500, 0x00000168d72ebd40, 0x00000168d750ce60,
0x00000168d72f6e80, 0x00000168d74bf870, 0x00000168d7515f50, 0x00000168d59bb8c0,
0x00000168d59bbdd0, 0x00000168d59b9040
}

Java Threads: ( => current thread )
  0x00000168bc965030 JavaThread "main" [_thread_blocked, id=20216, stack(0x00000031dff00000,0x00000031e0000000)]
  0x00000168d07d6ab0 JavaThread "Reference Handler" daemon [_thread_blocked, id=15924, stack(0x00000031e0200000,0x00000031e0300000)]
  0x00000168d07d8ea0 JavaThread "Finalizer" daemon [_thread_blocked, id=17368, stack(0x00000031e0300000,0x00000031e0400000)]
  0x00000168d58cb9c0 JavaThread "Signal Dispatcher" daemon [_thread_blocked, id=17764, stack(0x00000031e0400000,0x00000031e0500000)]
  0x00000168d58cc390 JavaThread "Attach Listener" daemon [_thread_blocked, id=23484, stack(0x00000031e0500000,0x00000031e0600000)]
  0x00000168d58fc030 JavaThread "Service Thread" daemon [_thread_blocked, id=2804, stack(0x00000031e0600000,0x00000031e0700000)]
  0x00000168d58fc900 JavaThread "Monitor Deflation Thread" daemon [_thread_blocked, id=16096, stack(0x00000031e0700000,0x00000031e0800000)]
  0x00000168d58ff6b0 JavaThread "C2 CompilerThread0" daemon [_thread_in_native, id=19064, stack(0x00000031e0800000,0x00000031e0900000)]
  0x00000168d590c200 JavaThread "C1 CompilerThread0" daemon [_thread_blocked, id=13612, stack(0x00000031e0900000,0x00000031e0a00000)]
  0x00000168d5914bf0 JavaThread "Sweeper thread" daemon [_thread_blocked, id=17780, stack(0x00000031e0a00000,0x00000031e0b00000)]
  0x00000168d5a7a1b0 JavaThread "Common-Cleaner" daemon [_thread_blocked, id=11240, stack(0x00000031e0b00000,0x00000031e0c00000)]
  0x00000168d5a7d100 JavaThread "C2 CompilerThread1" daemon [_thread_in_native, id=21668, stack(0x00000031e0c00000,0x00000031e0d00000)]
  0x00000168d6a6a010 JavaThread "Notification Thread" daemon [_thread_blocked, id=3904, stack(0x00000031e0d00000,0x00000031e0e00000)]
=>0x00000168d5c66500 JavaThread "C2 CompilerThread2" daemon [_thread_in_native, id=20004, stack(0x00000031e0f00000,0x00000031e1000000)]
  0x00000168d72ebd40 JavaThread "Active Thread: Equinox Container: cf42c541-1706-4b8c-8aaf-d51cc7b02e39" [_thread_blocked, id=14560, stack(0x00000031e1600000,0x00000031e1700000)]
  0x00000168d750ce60 JavaThread "Framework Event Dispatcher: Equinox Container: cf42c541-1706-4b8c-8aaf-d51cc7b02e39" daemon [_thread_blocked, id=8092, stack(0x00000031e1700000,0x00000031e1800000)]
  0x00000168d72f6e80 JavaThread "Start Level: Equinox Container: cf42c541-1706-4b8c-8aaf-d51cc7b02e39" daemon [_thread_in_vm, id=23704, stack(0x00000031e1800000,0x00000031e1900000)]
  0x00000168d74bf870 JavaThread "SCR Component Actor" daemon [_thread_blocked, id=23188, stack(0x00000031e1900000,0x00000031e1a00000)]
  0x00000168d7515f50 JavaThread "SCR Component Registry" daemon [_thread_blocked, id=684, stack(0x00000031e1b00000,0x00000031e1c00000)]
  0x00000168d59bb8c0 JavaThread "Worker-JM" [_thread_blocked, id=12400, stack(0x00000031e1c00000,0x00000031e1d00000)]
  0x00000168d59bbdd0 JavaThread "Worker-0" [_thread_blocked, id=3120, stack(0x00000031e1d00000,0x00000031e1e00000)]
  0x00000168d59b9040 JavaThread "Worker-1" [_thread_blocked, id=2492, stack(0x00000031e1e00000,0x00000031e1f00000)]

Other Threads:
  0x00000168d06d75e0 VMThread "VM Thread" [stack: 0x00000031e0100000,0x00000031e0200000] [id=16880]
  0x00000168d6a6a4f0 WatcherThread [stack: 0x00000031e0e00000,0x00000031e0f00000] [id=5592]
  0x00000168bc97cce0 GCTaskThread "GC Thread#0" [stack: 0x00000031e0000000,0x00000031e0100000] [id=20660]
  0x00000168d6e2b670 GCTaskThread "GC Thread#1" [stack: 0x00000031e1000000,0x00000031e1100000] [id=13436]
  0x00000168d6ea3410 GCTaskThread "GC Thread#2" [stack: 0x00000031e1100000,0x00000031e1200000] [id=20768]
  0x00000168d6ea36d0 GCTaskThread "GC Thread#3" [stack: 0x00000031e1200000,0x00000031e1300000] [id=22228]
  0x00000168d6ea3990 GCTaskThread "GC Thread#4" [stack: 0x00000031e1300000,0x00000031e1400000] [id=22100]
  0x00000168d6ea3c50 GCTaskThread "GC Thread#5" [stack: 0x00000031e1400000,0x00000031e1500000] [id=14716]
  0x00000168d6d01f50 GCTaskThread "GC Thread#6" [stack: 0x00000031e1500000,0x00000031e1600000] [id=4876]
  0x00000168d74f1960 GCTaskThread "GC Thread#7" [stack: 0x00000031e1a00000,0x00000031e1b00000] [id=22680]

Threads with active compile tasks:
C2 CompilerThread0     1513 2327       4       org.lombokweb.asm.ClassReader::readMethod (1066 bytes)
C2 CompilerThread1     1513 2373       4       org.lombokweb.asm.MethodWriter::putMethodInfo (1274 bytes)
C2 CompilerThread2     1513 2369       4       lombok.patcher.PatchScript$MethodPatcher::visitMethod (158 bytes)

VM state: not at safepoint (normal execution)

VM Mutex/Monitor currently owned by a thread: None

Heap address: 0x00000000c0000000, size: 1024 MB, Compressed Oops mode: 32-bit

CDS archive(s) not mapped
Compressed class space mapped at: 0x0000000100000000-0x0000000140000000, reserved size: 1073741824
Narrow klass base: 0x0000000000000000, Narrow klass shift: 3, Narrow klass range: 0x140000000

GC Precious Log:
 CPUs: 8 total, 8 available
 Memory: 7975M
 Large Page Support: Disabled
 NUMA Support: Disabled
 Compressed Oops: Enabled (32-bit)
 Alignments: Space 512K, Generation 512K, Heap 2M
 Heap Min Capacity: 100M
 Heap Initial Capacity: 100M
 Heap Max Capacity: 1G
 Pre-touch: Disabled
 Parallel Workers: 8

Heap:
 PSYoungGen      total 26112K, used 17062K [0x00000000eab00000, 0x00000000ec880000, 0x0000000100000000)
  eden space 25088K, 65% used [0x00000000eab00000,0x00000000ebaf46a0,0x00000000ec380000)
  from space 1024K, 70% used [0x00000000ec400000,0x00000000ec4b52f0,0x00000000ec500000)
  to   space 2560K, 0% used [0x00000000ec600000,0x00000000ec600000,0x00000000ec880000)
 ParOldGen       total 68608K, used 6711K [0x00000000c0000000, 0x00000000c4300000, 0x00000000eab00000)
  object space 68608K, 9% used [0x00000000c0000000,0x00000000c068dc80,0x00000000c4300000)
 Metaspace       used 26443K, committed 26944K, reserved 1114112K
  class space    used 2573K, committed 2816K, reserved 1048576K

Card table byte_map: [0x00000168bc2f0000,0x00000168bc500000] _byte_map_base: 0x00000168bbcf0000

Marking Bits: (ParMarkBitMap*) 0x00007ffa2c53d7d0
 Begin Bits: [0x00000168ce5e0000, 0x00000168cf5e0000)
 End Bits:   [0x00000168cf5e0000, 0x00000168d05e0000)

Polling page: 0x00000168ba930000

Metaspace:

Usage:
  Non-class:     23.31 MB used.
      Class:      2.51 MB used.
       Both:     25.82 MB used.

Virtual space:
  Non-class space:       64.00 MB reserved,      23.56 MB ( 37%) committed,  1 nodes.
      Class space:        1.00 GB reserved,       2.75 MB ( <1%) committed,  1 nodes.
             Both:        1.06 GB reserved,      26.31 MB (  2%) committed. 

Chunk freelists:
   Non-Class:  8.42 MB
       Class:  13.30 MB
        Both:  21.72 MB

MaxMetaspaceSize: unlimited
CompressedClassSpaceSize: 1.00 GB
Initial GC threshold: 21.00 MB
Current GC threshold: 35.00 MB
CDS: off
MetaspaceReclaimPolicy: balanced
 - commit_granule_bytes: 65536.
 - commit_granule_words: 8192.
 - virtual_space_node_default_size: 8388608.
 - enlarge_chunks_in_place: 1.
 - new_chunks_are_fully_committed: 0.
 - uncommit_free_chunks: 1.
 - use_allocation_guard: 0.
 - handle_deallocations: 1.


Internal statistics:

num_allocs_failed_limit: 3.
num_arena_births: 274.
num_arena_deaths: 14.
num_vsnodes_births: 2.
num_vsnodes_deaths: 0.
num_space_committed: 421.
num_space_uncommitted: 0.
num_chunks_returned_to_freelist: 17.
num_chunks_taken_from_freelist: 992.
num_chunk_merges: 5.
num_chunk_splits: 648.
num_chunks_enlarged: 463.
num_inconsistent_stats: 0.

CodeHeap 'non-profiled nmethods': size=120000Kb used=962Kb max_used=962Kb free=119037Kb
 bounds [0x00000168c70b0000, 0x00000168c7320000, 0x00000168ce5e0000]
CodeHeap 'profiled nmethods': size=120000Kb used=4662Kb max_used=4662Kb free=115337Kb
 bounds [0x00000168bf5e0000, 0x00000168bfa70000, 0x00000168c6b10000]
CodeHeap 'non-nmethods': size=5760Kb used=1234Kb max_used=1253Kb free=4525Kb
 bounds [0x00000168c6b10000, 0x00000168c6d80000, 0x00000168c70b0000]
 total_blobs=2908 nmethods=2372 adapters=450
 compilation: enabled
              stopped_count=0, restarted_count=0
 full_count=0

Compilation events (20 events):
Event: 1.483 Thread 0x00000168d590c200 2363       3       org.lombokweb.asm.ClassReader::<init> (371 bytes)
Event: 1.484 Thread 0x00000168d590c200 nmethod 2363 0x00000168bfa64910 code [0x00000168bfa64be0, 0x00000168bfa65d98]
Event: 1.484 Thread 0x00000168d590c200 2364       3       org.lombokweb.asm.SymbolTable::<init> (536 bytes)
Event: 1.484 Thread 0x00000168d5a7d100 2366       4       lombok.patcher.MethodTarget::matches (29 bytes)
Event: 1.484 Thread 0x00000168d5c66500 2369       4       lombok.patcher.PatchScript$MethodPatcher::visitMethod (158 bytes)
Event: 1.485 Thread 0x00000168d5a7d100 nmethod 2366 0x00000168c719fe10 code [0x00000168c719ffa0, 0x00000168c71a01d8]
Event: 1.485 Thread 0x00000168d590c200 nmethod 2364 0x00000168bfa66310 code [0x00000168bfa66880, 0x00000168bfa69108]
Event: 1.485 Thread 0x00000168d590c200 2367       3       org.lombokweb.asm.MethodWriter::visitMethodInsn (191 bytes)
Event: 1.486 Thread 0x00000168d590c200 nmethod 2367 0x00000168bfa6a210 code [0x00000168bfa6a440, 0x00000168bfa6ac48]
Event: 1.486 Thread 0x00000168d590c200 2370       3       lombok.patcher.Hook::convertType (64 bytes)
Event: 1.486 Thread 0x00000168d590c200 nmethod 2370 0x00000168bfa6af90 code [0x00000168bfa6b1e0, 0x00000168bfa6b998]
Event: 1.486 Thread 0x00000168d590c200 2368       3       org.lombokweb.asm.SymbolTable::addConstantMethodref (24 bytes)
Event: 1.486 Thread 0x00000168d590c200 nmethod 2368 0x00000168bfa6bd10 code [0x00000168bfa6bec0, 0x00000168bfa6c068]
Event: 1.486 Thread 0x00000168d590c200 2365       3       org.lombokweb.asm.ClassReader::readLong (29 bytes)
Event: 1.486 Thread 0x00000168d590c200 nmethod 2365 0x00000168bfa6c110 code [0x00000168bfa6c2c0, 0x00000168bfa6c478]
Event: 1.487 Thread 0x00000168d5a7d100 2371       4       org.lombokweb.asm.ByteVector::putByteArray (49 bytes)
Event: 1.488 Thread 0x00000168d5a7d100 nmethod 2371 0x00000168c71a0390 code [0x00000168c71a0500, 0x00000168c71a0678]
Event: 1.488 Thread 0x00000168d5a7d100 2372       4       org.lombokweb.asm.MethodWriter::hasFrames (13 bytes)
Event: 1.489 Thread 0x00000168d5a7d100 nmethod 2372 0x00000168c71a0790 code [0x00000168c71a0900, 0x00000168c71a0998]
Event: 1.489 Thread 0x00000168d5a7d100 2373       4       org.lombokweb.asm.MethodWriter::putMethodInfo (1274 bytes)

GC Heap History (12 events):
Event: 0.563 GC heap before
{Heap before GC invocations=1 (full 0):
 PSYoungGen      total 29696K, used 25600K [0x00000000eab00000, 0x00000000ecc00000, 0x0000000100000000)
  eden space 25600K, 100% used [0x00000000eab00000,0x00000000ec400000,0x00000000ec400000)
  from space 4096K, 0% used [0x00000000ec800000,0x00000000ec800000,0x00000000ecc00000)
  to   space 4096K, 0% used [0x00000000ec400000,0x00000000ec400000,0x00000000ec800000)
 ParOldGen       total 68608K, used 0K [0x00000000c0000000, 0x00000000c4300000, 0x00000000eab00000)
  object space 68608K, 0% used [0x00000000c0000000,0x00000000c0000000,0x00000000c4300000)
 Metaspace       used 10987K, committed 11200K, reserved 1114112K
  class space    used 1096K, committed 1216K, reserved 1048576K
}
Event: 0.567 GC heap after
{Heap after GC invocations=1 (full 0):
 PSYoungGen      total 29696K, used 3156K [0x00000000eab00000, 0x00000000ecc00000, 0x0000000100000000)
  eden space 25600K, 0% used [0x00000000eab00000,0x00000000eab00000,0x00000000ec400000)
  from space 4096K, 77% used [0x00000000ec400000,0x00000000ec715130,0x00000000ec800000)
  to   space 4096K, 0% used [0x00000000ec800000,0x00000000ec800000,0x00000000ecc00000)
 ParOldGen       total 68608K, used 16K [0x00000000c0000000, 0x00000000c4300000, 0x00000000eab00000)
  object space 68608K, 0% used [0x00000000c0000000,0x00000000c0004000,0x00000000c4300000)
 Metaspace       used 10987K, committed 11200K, reserved 1114112K
  class space    used 1096K, committed 1216K, reserved 1048576K
}
Event: 0.896 GC heap before
{Heap before GC invocations=2 (full 0):
 PSYoungGen      total 29696K, used 28756K [0x00000000eab00000, 0x00000000ecc00000, 0x0000000100000000)
  eden space 25600K, 100% used [0x00000000eab00000,0x00000000ec400000,0x00000000ec400000)
  from space 4096K, 77% used [0x00000000ec400000,0x00000000ec715130,0x00000000ec800000)
  to   space 4096K, 0% used [0x00000000ec800000,0x00000000ec800000,0x00000000ecc00000)
 ParOldGen       total 68608K, used 16K [0x00000000c0000000, 0x00000000c4300000, 0x00000000eab00000)
  object space 68608K, 0% used [0x00000000c0000000,0x00000000c0004000,0x00000000c4300000)
 Metaspace       used 15024K, committed 15296K, reserved 1114112K
  class space    used 1526K, committed 1664K, reserved 1048576K
}
Event: 0.900 GC heap after
{Heap after GC invocations=2 (full 0):
 PSYoungGen      total 29696K, used 4073K [0x00000000eab00000, 0x00000000ecc00000, 0x0000000100000000)
  eden space 25600K, 0% used [0x00000000eab00000,0x00000000eab00000,0x00000000ec400000)
  from space 4096K, 99% used [0x00000000ec800000,0x00000000ecbfa640,0x00000000ecc00000)
  to   space 4096K, 0% used [0x00000000ec400000,0x00000000ec400000,0x00000000ec800000)
 ParOldGen       total 68608K, used 774K [0x00000000c0000000, 0x00000000c4300000, 0x00000000eab00000)
  object space 68608K, 1% used [0x00000000c0000000,0x00000000c00c1b60,0x00000000c4300000)
 Metaspace       used 15024K, committed 15296K, reserved 1114112K
  class space    used 1526K, committed 1664K, reserved 1048576K
}
Event: 1.177 GC heap before
{Heap before GC invocations=3 (full 0):
 PSYoungGen      total 29696K, used 29673K [0x00000000eab00000, 0x00000000ecc00000, 0x0000000100000000)
  eden space 25600K, 100% used [0x00000000eab00000,0x00000000ec400000,0x00000000ec400000)
  from space 4096K, 99% used [0x00000000ec800000,0x00000000ecbfa640,0x00000000ecc00000)
  to   space 4096K, 0% used [0x00000000ec400000,0x00000000ec400000,0x00000000ec800000)
 ParOldGen       total 68608K, used 774K [0x00000000c0000000, 0x00000000c4300000, 0x00000000eab00000)
  object space 68608K, 1% used [0x00000000c0000000,0x00000000c00c1b60,0x00000000c4300000)
 Metaspace       used 20054K, committed 20416K, reserved 1114112K
  class space    used 2042K, committed 2176K, reserved 1048576K
}
Event: 1.180 GC heap after
{Heap after GC invocations=3 (full 0):
 PSYoungGen      total 29696K, used 4073K [0x00000000eab00000, 0x00000000ecc00000, 0x0000000100000000)
  eden space 25600K, 0% used [0x00000000eab00000,0x00000000eab00000,0x00000000ec400000)
  from space 4096K, 99% used [0x00000000ec400000,0x00000000ec7fa690,0x00000000ec800000)
  to   space 4096K, 0% used [0x00000000ec800000,0x00000000ec800000,0x00000000ecc00000)
 ParOldGen       total 68608K, used 2527K [0x00000000c0000000, 0x00000000c4300000, 0x00000000eab00000)
  object space 68608K, 3% used [0x00000000c0000000,0x00000000c0277ea8,0x00000000c4300000)
 Metaspace       used 20054K, committed 20416K, reserved 1114112K
  class space    used 2042K, committed 2176K, reserved 1048576K
}
Event: 1.268 GC heap before
{Heap before GC invocations=4 (full 0):
 PSYoungGen      total 29696K, used 10739K [0x00000000eab00000, 0x00000000ecc00000, 0x0000000100000000)
  eden space 25600K, 26% used [0x00000000eab00000,0x00000000eb1826c0,0x00000000ec400000)
  from space 4096K, 99% used [0x00000000ec400000,0x00000000ec7fa690,0x00000000ec800000)
  to   space 4096K, 0% used [0x00000000ec800000,0x00000000ec800000,0x00000000ecc00000)
 ParOldGen       total 68608K, used 2527K [0x00000000c0000000, 0x00000000c4300000, 0x00000000eab00000)
  object space 68608K, 3% used [0x00000000c0000000,0x00000000c0277ea8,0x00000000c4300000)
 Metaspace       used 21094K, committed 21504K, reserved 1114112K
  class space    used 2160K, committed 2368K, reserved 1048576K
}
Event: 1.270 GC heap after
{Heap after GC invocations=4 (full 0):
 PSYoungGen      total 29696K, used 4089K [0x00000000eab00000, 0x00000000ecc00000, 0x0000000100000000)
  eden space 25600K, 0% used [0x00000000eab00000,0x00000000eab00000,0x00000000ec400000)
  from space 4096K, 99% used [0x00000000ec800000,0x00000000ecbfe680,0x00000000ecc00000)
  to   space 4096K, 0% used [0x00000000ec400000,0x00000000ec400000,0x00000000ec800000)
 ParOldGen       total 68608K, used 2855K [0x00000000c0000000, 0x00000000c4300000, 0x00000000eab00000)
  object space 68608K, 4% used [0x00000000c0000000,0x00000000c02c9ed8,0x00000000c4300000)
 Metaspace       used 21094K, committed 21504K, reserved 1114112K
  class space    used 2160K, committed 2368K, reserved 1048576K
}
Event: 1.270 GC heap before
{Heap before GC invocations=5 (full 1):
 PSYoungGen      total 29696K, used 4089K [0x00000000eab00000, 0x00000000ecc00000, 0x0000000100000000)
  eden space 25600K, 0% used [0x00000000eab00000,0x00000000eab00000,0x00000000ec400000)
  from space 4096K, 99% used [0x00000000ec800000,0x00000000ecbfe680,0x00000000ecc00000)
  to   space 4096K, 0% used [0x00000000ec400000,0x00000000ec400000,0x00000000ec800000)
 ParOldGen       total 68608K, used 2855K [0x00000000c0000000, 0x00000000c4300000, 0x00000000eab00000)
  object space 68608K, 4% used [0x00000000c0000000,0x00000000c02c9ed8,0x00000000c4300000)
 Metaspace       used 21094K, committed 21504K, reserved 1114112K
  class space    used 2160K, committed 2368K, reserved 1048576K
}
Event: 1.284 GC heap after
{Heap after GC invocations=5 (full 1):
 PSYoungGen      total 29696K, used 0K [0x00000000eab00000, 0x00000000ecc00000, 0x0000000100000000)
  eden space 25600K, 0% used [0x00000000eab00000,0x00000000eab00000,0x00000000ec400000)
  from space 4096K, 0% used [0x00000000ec800000,0x00000000ec800000,0x00000000ecc00000)
  to   space 4096K, 0% used [0x00000000ec400000,0x00000000ec400000,0x00000000ec800000)
 ParOldGen       total 68608K, used 6711K [0x00000000c0000000, 0x00000000c4300000, 0x00000000eab00000)
  object space 68608K, 9% used [0x00000000c0000000,0x00000000c068dc80,0x00000000c4300000)
 Metaspace       used 21081K, committed 21504K, reserved 1114112K
  class space    used 2157K, committed 2368K, reserved 1048576K
}
Event: 1.415 GC heap before
{Heap before GC invocations=6 (full 1):
 PSYoungGen      total 29696K, used 25600K [0x00000000eab00000, 0x00000000ecc00000, 0x0000000100000000)
  eden space 25600K, 100% used [0x00000000eab00000,0x00000000ec400000,0x00000000ec400000)
  from space 4096K, 0% used [0x00000000ec800000,0x00000000ec800000,0x00000000ecc00000)
  to   space 4096K, 0% used [0x00000000ec400000,0x00000000ec400000,0x00000000ec800000)
 ParOldGen       total 68608K, used 6711K [0x00000000c0000000, 0x00000000c4300000, 0x00000000eab00000)
  object space 68608K, 9% used [0x00000000c0000000,0x00000000c068dc80,0x00000000c4300000)
 Metaspace       used 24210K, committed 24640K, reserved 1114112K
  class space    used 2369K, committed 2560K, reserved 1048576K
}
Event: 1.415 GC heap after
{Heap after GC invocations=6 (full 1):
 PSYoungGen      total 26112K, used 724K [0x00000000eab00000, 0x00000000ec880000, 0x0000000100000000)
  eden space 25088K, 0% used [0x00000000eab00000,0x00000000eab00000,0x00000000ec380000)
  from space 1024K, 70% used [0x00000000ec400000,0x00000000ec4b52f0,0x00000000ec500000)
  to   space 2560K, 0% used [0x00000000ec600000,0x00000000ec600000,0x00000000ec880000)
 ParOldGen       total 68608K, used 6711K [0x00000000c0000000, 0x00000000c4300000, 0x00000000eab00000)
  object space 68608K, 9% used [0x00000000c0000000,0x00000000c068dc80,0x00000000c4300000)
 Metaspace       used 24210K, committed 24640K, reserved 1114112K
  class space    used 2369K, committed 2560K, reserved 1048576K
}

Dll operation events (9 events):
Event: 0.008 Loaded shared library c:\Users\mitta\.vscode\extensions\redhat.java-1.28.1-win32-x64\jre\17.0.10-win32-x86_64\bin\java.dll
Event: 0.134 Loaded shared library c:\Users\mitta\.vscode\extensions\redhat.java-1.28.1-win32-x64\jre\17.0.10-win32-x86_64\bin\zip.dll
Event: 0.138 Loaded shared library C:\Users\mitta\.vscode\extensions\redhat.java-1.28.1-win32-x64\jre\17.0.10-win32-x86_64\bin\instrument.dll
Event: 0.148 Loaded shared library C:\Users\mitta\.vscode\extensions\redhat.java-1.28.1-win32-x64\jre\17.0.10-win32-x86_64\bin\net.dll
Event: 0.150 Loaded shared library C:\Users\mitta\.vscode\extensions\redhat.java-1.28.1-win32-x64\jre\17.0.10-win32-x86_64\bin\nio.dll
Event: 0.156 Loaded shared library C:\Users\mitta\.vscode\extensions\redhat.java-1.28.1-win32-x64\jre\17.0.10-win32-x86_64\bin\zip.dll
Event: 0.169 Loaded shared library C:\Users\mitta\.vscode\extensions\redhat.java-1.28.1-win32-x64\jre\17.0.10-win32-x86_64\bin\jimage.dll
Event: 0.231 Loaded shared library c:\Users\mitta\.vscode\extensions\redhat.java-1.28.1-win32-x64\jre\17.0.10-win32-x86_64\bin\verify.dll
Event: 0.823 Loaded shared library C:\Users\mitta\AppData\Roaming\Code\User\globalStorage\redhat.java\1.28.1\config_ss_win\org.eclipse.equinox.launcher\org.eclipse.equinox.launcher.win32.win32.x86_64_1.2.900.v20240129-1338\eclipse_11900.dll

Deoptimization events (20 events):
Event: 1.032 Thread 0x00000168d72f6e80 Uncommon trap: trap_request=0xffffffc6 fr.pc=0x00000168c71641bc relative=0x0000000000000d7c
Event: 1.032 Thread 0x00000168d72f6e80 Uncommon trap: reason=bimorphic_or_optimized_type_check action=maybe_recompile pc=0x00000168c71641bc method=java.io.DataInputStream.readInt()I @ 6 c2
Event: 1.032 Thread 0x00000168d72f6e80 DEOPT PACKING pc=0x00000168c71641bc sp=0x00000031e18f8870
Event: 1.032 Thread 0x00000168d72f6e80 DEOPT UNPACKING pc=0x00000168c6b69ea3 sp=0x00000031e18f8828 mode 2
Event: 1.078 Thread 0x00000168d72f6e80 Uncommon trap: trap_request=0xffffff45 fr.pc=0x00000168c70ea37c relative=0x0000000000000edc
Event: 1.078 Thread 0x00000168d72f6e80 Uncommon trap: reason=unstable_if action=reinterpret pc=0x00000168c70ea37c method=lombok.patcher.PatchScript.classMatches(Ljava/lang/String;Ljava/util/Collection;)Z @ 25 c2
Event: 1.078 Thread 0x00000168d72f6e80 DEOPT PACKING pc=0x00000168c70ea37c sp=0x00000031e18f6e40
Event: 1.078 Thread 0x00000168d72f6e80 DEOPT UNPACKING pc=0x00000168c6b69ea3 sp=0x00000031e18f6e00 mode 2
Event: 1.210 Thread 0x00000168d72f6e80 Uncommon trap: trap_request=0xffffff45 fr.pc=0x00000168c71414c0 relative=0x0000000000000040
Event: 1.210 Thread 0x00000168d72f6e80 Uncommon trap: reason=unstable_if action=reinterpret pc=0x00000168c71414c0 method=sun.nio.fs.WindowsPathParser.isSlash(C)Z @ 9 c2
Event: 1.210 Thread 0x00000168d72f6e80 DEOPT PACKING pc=0x00000168c71414c0 sp=0x00000031e18f91d0
Event: 1.210 Thread 0x00000168d72f6e80 DEOPT UNPACKING pc=0x00000168c6b69ea3 sp=0x00000031e18f9158 mode 2
Event: 1.221 Thread 0x00000168d72f6e80 Uncommon trap: trap_request=0xffffff45 fr.pc=0x00000168c718431c relative=0x00000000000006bc
Event: 1.221 Thread 0x00000168d72f6e80 Uncommon trap: reason=unstable_if action=reinterpret pc=0x00000168c718431c method=java.io.BufferedInputStream.read([BII)I @ 56 c2
Event: 1.221 Thread 0x00000168d72f6e80 DEOPT PACKING pc=0x00000168c718431c sp=0x00000031e18f90f0
Event: 1.221 Thread 0x00000168d72f6e80 DEOPT UNPACKING pc=0x00000168c6b69ea3 sp=0x00000031e18f90c8 mode 2
Event: 1.466 Thread 0x00000168d72f6e80 Uncommon trap: trap_request=0xffffff45 fr.pc=0x00000168c719707c relative=0x00000000000002dc
Event: 1.466 Thread 0x00000168d72f6e80 Uncommon trap: reason=unstable_if action=reinterpret pc=0x00000168c719707c method=org.lombokweb.asm.Label.resolve([BI)Z @ 80 c2
Event: 1.466 Thread 0x00000168d72f6e80 DEOPT PACKING pc=0x00000168c719707c sp=0x00000031e18eed50
Event: 1.466 Thread 0x00000168d72f6e80 DEOPT UNPACKING pc=0x00000168c6b69ea3 sp=0x00000031e18eec50 mode 2

Classes unloaded (7 events):
Event: 1.273 Thread 0x00000168d06d75e0 Unloading class 0x000000010021a400 'java/lang/invoke/LambdaForm$MH+0x000000010021a400'
Event: 1.273 Thread 0x00000168d06d75e0 Unloading class 0x000000010021a000 'java/lang/invoke/LambdaForm$MH+0x000000010021a000'
Event: 1.273 Thread 0x00000168d06d75e0 Unloading class 0x0000000100219c00 'java/lang/invoke/LambdaForm$MH+0x0000000100219c00'
Event: 1.273 Thread 0x00000168d06d75e0 Unloading class 0x0000000100219800 'java/lang/invoke/LambdaForm$MH+0x0000000100219800'
Event: 1.273 Thread 0x00000168d06d75e0 Unloading class 0x0000000100219400 'java/lang/invoke/LambdaForm$BMH+0x0000000100219400'
Event: 1.273 Thread 0x00000168d06d75e0 Unloading class 0x0000000100219000 'java/lang/invoke/LambdaForm$DMH+0x0000000100219000'
Event: 1.273 Thread 0x00000168d06d75e0 Unloading class 0x0000000100214400 'java/lang/invoke/LambdaForm$DMH+0x0000000100214400'

Classes redefined (0 events):
No events

Internal exceptions (20 events):
Event: 1.091 Thread 0x00000168d72f6e80 Exception <a 'java/lang/NoSuchMethodError'{0x00000000ebef2148}: 'int java.lang.invoke.DirectMethodHandle$Holder.invokeStatic(java.lang.Object, java.lang.Object, int)'> (0x00000000ebef2148) 
thrown [s\src\hotspot\share\interpreter\linkResolver.cpp, line 759]
Event: 1.091 Thread 0x00000168d72f6e80 Exception <a 'java/lang/NoSuchMethodError'{0x00000000ebef6170}: 'int java.lang.invoke.DirectMethodHandle$Holder.invokeSpecial(java.lang.Object, java.lang.Object, java.lang.Object, int)'> (0x00000000ebef6170) 
thrown [s\src\hotspot\share\interpreter\linkResolver.cpp, line 759]
Event: 1.092 Thread 0x00000168d72f6e80 Exception <a 'java/lang/NoSuchMethodError'{0x00000000ebf12178}: 'java.lang.Object java.lang.invoke.DirectMethodHandle$Holder.invokeStatic(java.lang.Object, java.lang.Object, java.lang.Object, java.lang.Object, int)'> (0x00000000ebf12178) 
thrown [s\src\hotspot\share\interpreter\linkResolver.cpp, line 759]
Event: 1.093 Thread 0x00000168d72f6e80 Exception <a 'java/lang/NoSuchMethodError'{0x00000000ebf1e170}: 'java.lang.Object java.lang.invoke.DelegatingMethodHandle$Holder.reinvoke_L(java.lang.Object, java.lang.Object, java.lang.Object, java.lang.Object, int, int)'> (0x00000000ebf1e170) 
thrown [s\src\hotspot\share\interpreter\linkResolver.cpp, line 759]
Event: 1.094 Thread 0x00000168d72f6e80 Exception <a 'java/lang/NoSuchMethodError'{0x00000000ebf32ec8}: 'java.lang.Object java.lang.invoke.Invokers$Holder.invokeExact_MT(java.lang.Object, java.lang.Object, java.lang.Object, java.lang.Object)'> (0x00000000ebf32ec8) 
thrown [s\src\hotspot\share\interpreter\linkResolver.cpp, line 759]
Event: 1.145 Thread 0x00000168d72f6e80 Exception <a 'java/io/FileNotFoundException'{0x00000000ec19fad8}> (0x00000000ec19fad8) 
thrown [s\src\hotspot\share\prims\jni.cpp, line 516]
Event: 1.145 Thread 0x00000168d72f6e80 Exception <a 'java/io/FileNotFoundException'{0x00000000ec1be470}> (0x00000000ec1be470) 
thrown [s\src\hotspot\share\prims\jni.cpp, line 516]
Event: 1.189 Thread 0x00000168d72f6e80 Exception <a 'java/lang/NoSuchMethodError'{0x00000000eab6fd98}: 'java.lang.Object java.lang.invoke.DirectMethodHandle$Holder.newInvokeSpecial(java.lang.Object, java.lang.Object, java.lang.Object, java.lang.Object, java.lang.Object)'> (0x00000000eab6fd98) 
thrown [s\src\hotspot\share\interpreter\linkResolver.cpp, line 759]
Event: 1.244 Thread 0x00000168d72f6e80 Exception <a 'java/lang/NoSuchMethodError'{0x00000000eaf51848}: 'java.lang.Object java.lang.invoke.DirectMethodHandle$Holder.invokeSpecial(java.lang.Object, java.lang.Object, java.lang.Object, long, java.lang.Object)'> (0x00000000eaf51848) 
thrown [s\src\hotspot\share\interpreter\linkResolver.cpp, line 759]
Event: 1.245 Thread 0x00000168d72f6e80 Exception <a 'java/lang/NoSuchMethodError'{0x00000000eaf59a00}: 'java.lang.Object java.lang.invoke.DirectMethodHandle$Holder.newInvokeSpecial(java.lang.Object, java.lang.Object, java.lang.Object, long)'> (0x00000000eaf59a00) 
thrown [s\src\hotspot\share\interpreter\linkResolver.cpp, line 759]
Event: 1.245 Thread 0x00000168d72f6e80 Exception <a 'java/lang/NoSuchMethodError'{0x00000000eaf5dfa0}: 'java.lang.Object java.lang.invoke.DirectMethodHandle$Holder.invokeSpecial(java.lang.Object, java.lang.Object, java.lang.Object, java.lang.Object, long)'> (0x00000000eaf5dfa0) 
thrown [s\src\hotspot\share\interpreter\linkResolver.cpp, line 759]
Event: 1.245 Thread 0x00000168d72f6e80 Exception <a 'java/lang/NoSuchMethodError'{0x00000000eaf61e18}: 'java.lang.Object java.lang.invoke.Invokers$Holder.linkToTargetMethod(java.lang.Object, java.lang.Object, long, java.lang.Object)'> (0x00000000eaf61e18) 
thrown [s\src\hotspot\share\interpreter\linkResolver.cpp, line 759]
Event: 1.251 Thread 0x00000168d72f6e80 Exception <a 'java/lang/NoSuchMethodError'{0x00000000eafdfb90}: 'int java.lang.invoke.DirectMethodHandle$Holder.invokeStaticInit(java.lang.Object, java.lang.Object, java.lang.Object)'> (0x00000000eafdfb90) 
thrown [s\src\hotspot\share\interpreter\linkResolver.cpp, line 759]
Event: 1.256 Thread 0x00000168d72f6e80 Exception <a 'java/lang/IncompatibleClassChangeError'{0x00000000eb04b050}: Found class java.lang.Object, but interface was expected> (0x00000000eb04b050) 
thrown [s\src\hotspot\share\interpreter\linkResolver.cpp, line 826]
Event: 1.259 Thread 0x00000168d72f6e80 Exception <a 'java/lang/NoSuchMethodError'{0x00000000eb05d9f8}: 'java.lang.Object java.lang.invoke.DirectMethodHandle$Holder.invokeSpecial(java.lang.Object, java.lang.Object, java.lang.Object, int, java.lang.Object, java.lang.Object)'> (0x00000000eb05d9f8) 
thrown [s\src\hotspot\share\interpreter\linkResolver.cpp, line 759]
Event: 1.259 Thread 0x00000168d72f6e80 Exception <a 'java/lang/NoSuchMethodError'{0x00000000eb066180}: 'java.lang.Object java.lang.invoke.DirectMethodHandle$Holder.newInvokeSpecial(java.lang.Object, java.lang.Object, java.lang.Object, int, java.lang.Object)'> (0x00000000eb066180) 
thrown [s\src\hotspot\share\interpreter\linkResolver.cpp, line 759]
Event: 1.260 Thread 0x00000168d72f6e80 Exception <a 'java/lang/NoSuchMethodError'{0x00000000eb06a5d8}: 'java.lang.Object java.lang.invoke.DirectMethodHandle$Holder.invokeSpecial(java.lang.Object, java.lang.Object, java.lang.Object, java.lang.Object, int, java.lang.Object)'> (0x00000000eb06a5d8) 
thrown [s\src\hotspot\share\interpreter\linkResolver.cpp, line 759]
Event: 1.260 Thread 0x00000168d59bbdd0 Exception <a 'java/lang/NoSuchMethodError'{0x00000000eaf84930}: 'java.lang.Object java.lang.invoke.DirectMethodHandle$Holder.invokeSpecial(java.lang.Object, java.lang.Object, int, java.lang.Object, java.lang.Object)'> (0x00000000eaf84930) 
thrown [s\src\hotspot\share\interpreter\linkResolver.cpp, line 759]
Event: 1.261 Thread 0x00000168d59bbdd0 Exception <a 'java/lang/NoSuchMethodError'{0x00000000eaf8f0b0}: 'java.lang.Object java.lang.invoke.DirectMethodHandle$Holder.newInvokeSpecial(java.lang.Object, java.lang.Object, int, java.lang.Object)'> (0x00000000eaf8f0b0) 
thrown [s\src\hotspot\share\interpreter\linkResolver.cpp, line 759]
Event: 1.261 Thread 0x00000168d59bbdd0 Exception <a 'java/lang/NoSuchMethodError'{0x00000000eaf92bc0}: 'java.lang.Object java.lang.invoke.DirectMethodHandle$Holder.invokeSpecial(java.lang.Object, java.lang.Object, java.lang.Object, int, java.lang.Object)'> (0x00000000eaf92bc0) 
thrown [s\src\hotspot\share\interpreter\linkResolver.cpp, line 759]

VM Operations (20 events):
Event: 0.740 Executing VM operation: HandshakeAllThreads
Event: 0.740 Executing VM operation: HandshakeAllThreads done
Event: 0.781 Executing VM operation: ICBufferFull
Event: 0.781 Executing VM operation: ICBufferFull done
Event: 0.876 Executing VM operation: HandshakeAllThreads
Event: 0.876 Executing VM operation: HandshakeAllThreads done
Event: 0.896 Executing VM operation: ParallelGCFailedAllocation
Event: 0.900 Executing VM operation: ParallelGCFailedAllocation done
Event: 1.033 Executing VM operation: HandshakeAllThreads
Event: 1.033 Executing VM operation: HandshakeAllThreads done
Event: 1.087 Executing VM operation: HandshakeAllThreads
Event: 1.087 Executing VM operation: HandshakeAllThreads done
Event: 1.177 Executing VM operation: ParallelGCFailedAllocation
Event: 1.180 Executing VM operation: ParallelGCFailedAllocation done
Event: 1.268 Executing VM operation: HandshakeAllThreads
Event: 1.268 Executing VM operation: HandshakeAllThreads done
Event: 1.268 Executing VM operation: CollectForMetadataAllocation
Event: 1.284 Executing VM operation: CollectForMetadataAllocation done
Event: 1.415 Executing VM operation: ParallelGCFailedAllocation
Event: 1.415 Executing VM operation: ParallelGCFailedAllocation done

Events (20 events):
Event: 1.322 loading class java/io/StringReader
Event: 1.322 loading class java/io/StringReader done
Event: 1.324 loading class java/util/zip/GZIPInputStream
Event: 1.324 loading class java/util/zip/GZIPInputStream done
Event: 1.326 loading class java/net/SocketTimeoutException
Event: 1.326 loading class java/io/InterruptedIOException
Event: 1.326 loading class java/io/InterruptedIOException done
Event: 1.326 loading class java/net/SocketTimeoutException done
Event: 1.326 loading class java/net/SocketException
Event: 1.326 loading class java/net/SocketException done
Event: 1.326 loading class java/net/UnknownHostException
Event: 1.326 loading class java/net/UnknownHostException done
Event: 1.326 loading class java/net/ProtocolException
Event: 1.326 loading class java/net/ProtocolException done
Event: 1.335 loading class java/lang/ThreadLocal$SuppliedThreadLocal
Event: 1.335 loading class java/lang/ThreadLocal$SuppliedThreadLocal done
Event: 1.340 loading class java/io/FileWriter
Event: 1.340 loading class java/io/FileWriter done
Event: 1.375 loading class java/lang/NegativeArraySizeException
Event: 1.375 loading class java/lang/NegativeArraySizeException done


Dynamic libraries:
0x00007ff700240000 - 0x00007ff70024e000 	c:\Users\mitta\.vscode\extensions\redhat.java-1.28.1-win32-x64\jre\17.0.10-win32-x86_64\bin\java.exe
0x00007ffae6210000 - 0x00007ffae6426000 	C:\WINDOWS\SYSTEM32\ntdll.dll
0x00007ffae4db0000 - 0x00007ffae4e74000 	C:\WINDOWS\System32\KERNEL32.DLL
0x00007ffae3760000 - 0x00007ffae3b06000 	C:\WINDOWS\System32\KERNELBASE.dll
0x00007ffae0440000 - 0x00007ffae04d7000 	C:\WINDOWS\SYSTEM32\apphelp.dll
0x00007ffae3cf0000 - 0x00007ffae3e01000 	C:\WINDOWS\System32\ucrtbase.dll
0x00007ffaa2000000 - 0x00007ffaa2017000 	c:\Users\mitta\.vscode\extensions\redhat.java-1.28.1-win32-x64\jre\17.0.10-win32-x86_64\bin\jli.dll
0x00007ffaa01f0000 - 0x00007ffaa020b000 	c:\Users\mitta\.vscode\extensions\redhat.java-1.28.1-win32-x64\jre\17.0.10-win32-x86_64\bin\VCRUNTIME140.dll
0x00007ffae5e10000 - 0x00007ffae5fbd000 	C:\WINDOWS\System32\USER32.dll
0x00007ffae3730000 - 0x00007ffae3756000 	C:\WINDOWS\System32\win32u.dll
0x00007ffae4930000 - 0x00007ffae4959000 	C:\WINDOWS\System32\GDI32.dll
0x00007ffae3540000 - 0x00007ffae3658000 	C:\WINDOWS\System32\gdi32full.dll
0x00007ffabef70000 - 0x00007ffabf203000 	C:\WINDOWS\WinSxS\amd64_microsoft.windows.common-controls_6595b64144ccf1df_6.0.22621.3139_none_270f19e5738675cb\COMCTL32.dll
0x00007ffae3690000 - 0x00007ffae372a000 	C:\WINDOWS\System32\msvcp_win.dll
0x00007ffae6120000 - 0x00007ffae61c7000 	C:\WINDOWS\System32\msvcrt.dll
0x00007ffae4c60000 - 0x00007ffae4c91000 	C:\WINDOWS\System32\IMM32.DLL
0x00007ffab9cc0000 - 0x00007ffab9ccc000 	c:\Users\mitta\.vscode\extensions\redhat.java-1.28.1-win32-x64\jre\17.0.10-win32-x86_64\bin\vcruntime140_1.dll
0x00007ffa50690000 - 0x00007ffa5071d000 	c:\Users\mitta\.vscode\extensions\redhat.java-1.28.1-win32-x64\jre\17.0.10-win32-x86_64\bin\msvcp140.dll
0x00007ffa2b9a0000 - 0x00007ffa2c602000 	c:\Users\mitta\.vscode\extensions\redhat.java-1.28.1-win32-x64\jre\17.0.10-win32-x86_64\bin\server\jvm.dll
0x00007ffae4e80000 - 0x00007ffae4f32000 	C:\WINDOWS\System32\ADVAPI32.dll
0x00007ffae4780000 - 0x00007ffae4828000 	C:\WINDOWS\System32\sechost.dll
0x00007ffae3660000 - 0x00007ffae3688000 	C:\WINDOWS\System32\bcrypt.dll
0x00007ffae4b40000 - 0x00007ffae4c55000 	C:\WINDOWS\System32\RPCRT4.dll
0x00007ffae23d0000 - 0x00007ffae241d000 	C:\WINDOWS\SYSTEM32\POWRPROF.dll
0x00007ffad3f00000 - 0x00007ffad3f09000 	C:\WINDOWS\SYSTEM32\WSOCK32.dll
0x00007ffae4830000 - 0x00007ffae48a1000 	C:\WINDOWS\System32\WS2_32.dll
0x00007ffadab70000 - 0x00007ffadaba4000 	C:\WINDOWS\SYSTEM32\WINMM.dll
0x00007ffad7930000 - 0x00007ffad793a000 	C:\WINDOWS\SYSTEM32\VERSION.dll
0x00007ffae23b0000 - 0x00007ffae23c3000 	C:\WINDOWS\SYSTEM32\UMPDC.dll
0x00007ffae2670000 - 0x00007ffae2688000 	C:\WINDOWS\SYSTEM32\kernel.appcore.dll
0x00007ffab66a0000 - 0x00007ffab66aa000 	c:\Users\mitta\.vscode\extensions\redhat.java-1.28.1-win32-x64\jre\17.0.10-win32-x86_64\bin\jimage.dll
0x00007ffae0950000 - 0x00007ffae0b83000 	C:\WINDOWS\SYSTEM32\DBGHELP.DLL
0x00007ffae42f0000 - 0x00007ffae4678000 	C:\WINDOWS\System32\combase.dll
0x00007ffae5fc0000 - 0x00007ffae6097000 	C:\WINDOWS\System32\OLEAUT32.dll
0x00007ffad4a50000 - 0x00007ffad4a82000 	C:\WINDOWS\SYSTEM32\dbgcore.DLL
0x00007ffae3e10000 - 0x00007ffae3e8a000 	C:\WINDOWS\System32\bcryptPrimitives.dll
0x00007ffab63a0000 - 0x00007ffab63ae000 	c:\Users\mitta\.vscode\extensions\redhat.java-1.28.1-win32-x64\jre\17.0.10-win32-x86_64\bin\instrument.dll
0x00007ffa79680000 - 0x00007ffa796a5000 	c:\Users\mitta\.vscode\extensions\redhat.java-1.28.1-win32-x64\jre\17.0.10-win32-x86_64\bin\java.dll
0x00007ffa87870000 - 0x00007ffa87888000 	c:\Users\mitta\.vscode\extensions\redhat.java-1.28.1-win32-x64\jre\17.0.10-win32-x86_64\bin\zip.dll
0x00007ffae5060000 - 0x00007ffae58bc000 	C:\WINDOWS\System32\SHELL32.dll
0x00007ffae14b0000 - 0x00007ffae1da9000 	C:\WINDOWS\SYSTEM32\windows.storage.dll
0x00007ffae1370000 - 0x00007ffae14ae000 	C:\WINDOWS\SYSTEM32\wintypes.dll
0x00007ffae4ca0000 - 0x00007ffae4d93000 	C:\WINDOWS\System32\SHCORE.dll
0x00007ffae58c0000 - 0x00007ffae591e000 	C:\WINDOWS\System32\shlwapi.dll
0x00007ffae3470000 - 0x00007ffae3496000 	C:\WINDOWS\SYSTEM32\profapi.dll
0x00007ffa86450000 - 0x00007ffa86469000 	C:\Users\mitta\.vscode\extensions\redhat.java-1.28.1-win32-x64\jre\17.0.10-win32-x86_64\bin\net.dll
0x00007ffadd3c0000 - 0x00007ffadd4f7000 	C:\WINDOWS\SYSTEM32\WINHTTP.dll
0x00007ffae2af0000 - 0x00007ffae2b59000 	C:\WINDOWS\system32\mswsock.dll
0x00007ffa86380000 - 0x00007ffa86396000 	C:\Users\mitta\.vscode\extensions\redhat.java-1.28.1-win32-x64\jre\17.0.10-win32-x86_64\bin\nio.dll
0x00007ffad3350000 - 0x00007ffad3360000 	c:\Users\mitta\.vscode\extensions\redhat.java-1.28.1-win32-x64\jre\17.0.10-win32-x86_64\bin\verify.dll
0x00007ffa7a550000 - 0x00007ffa7a58e000 	C:\Users\mitta\AppData\Roaming\Code\User\globalStorage\redhat.java\1.28.1\config_ss_win\org.eclipse.equinox.launcher\org.eclipse.equinox.launcher.win32.win32.x86_64_1.2.900.v20240129-1338\eclipse_11900.dll
0x00007ffae4140000 - 0x00007ffae42e5000 	C:\WINDOWS\System32\ole32.dll

dbghelp: loaded successfully - version: 4.0.5 - missing functions: none
symbol engine: initialized successfully - sym options: 0x614 - pdb path: .;c:\Users\mitta\.vscode\extensions\redhat.java-1.28.1-win32-x64\jre\17.0.10-win32-x86_64\bin;C:\WINDOWS\SYSTEM32;C:\WINDOWS\WinSxS\amd64_microsoft.windows.common-controls_6595b64144ccf1df_6.0.22621.3139_none_270f19e5738675cb;c:\Users\mitta\.vscode\extensions\redhat.java-1.28.1-win32-x64\jre\17.0.10-win32-x86_64\bin\server;C:\Users\mitta\AppData\Roaming\Code\User\globalStorage\redhat.java\1.28.1\config_ss_win\org.eclipse.equinox.launcher\org.eclipse.equinox.launcher.win32.win32.x86_64_1.2.900.v20240129-1338

VM Arguments:
jvm_args: --add-modules=ALL-SYSTEM --add-opens=java.base/java.util=ALL-UNNAMED --add-opens=java.base/java.lang=ALL-UNNAMED --add-opens=java.base/sun.nio.fs=ALL-UNNAMED -Declipse.application=org.eclipse.jdt.ls.core.id1 -Dosgi.bundles.defaultStartLevel=4 -Declipse.product=org.eclipse.jdt.ls.core.product -Djava.import.generatesMetadataFilesAtProjectRoot=false -DDetectVMInstallationsJob.disabled=true -Dfile.encoding=utf8 -XX:+UseParallelGC -XX:GCTimeRatio=4 -XX:AdaptiveSizePolicyWeight=90 -Dsun.zip.disableMemoryMapping=true -Xmx1G -Xms100m -Xlog:disable -javaagent:c:\Users\mitta\.vscode\extensions\redhat.java-1.28.1-win32-x64\lombok\lombok-1.18.31.jar 
java_command: c:\Users\mitta\.vscode\extensions\redhat.java-1.28.1-win32-x64\server\plugins\org.eclipse.equinox.launcher_1.6.700.v20231214-2017.jar -configuration c:\Users\mitta\AppData\Roaming\Code\User\globalStorage\redhat.java\1.28.1\config_ss_win -data c:\Users\mitta\AppData\Roaming\Code\User\workspaceStorage\a692e1cf0e494f24f55278b0b71f1011\redhat.java\ss_ws --stdio
java_class_path (initial): c:\Users\mitta\.vscode\extensions\redhat.java-1.28.1-win32-x64\server\plugins\org.eclipse.equinox.launcher_1.6.700.v20231214-2017.jar
Launcher Type: SUN_STANDARD

[Global flags]
    uintx AdaptiveSizePolicyWeight                 = 90                                        {product} {command line}
     intx CICompilerCount                          = 4                                         {product} {ergonomic}
    uintx GCTimeRatio                              = 4                                         {product} {command line}
   size_t InitialHeapSize                          = 104857600                                 {product} {command line}
   size_t MaxHeapSize                              = 1073741824                                {product} {command line}
   size_t MaxNewSize                               = 357564416                                 {product} {ergonomic}
   size_t MinHeapDeltaBytes                        = 524288                                    {product} {ergonomic}
   size_t MinHeapSize                              = 104857600                                 {product} {command line}
   size_t NewSize                                  = 34603008                                  {product} {ergonomic}
    uintx NonNMethodCodeHeapSize                   = 5839372                                {pd product} {ergonomic}
    uintx NonProfiledCodeHeapSize                  = 122909434                              {pd product} {ergonomic}
   size_t OldSize                                  = 70254592                                  {product} {ergonomic}
    uintx ProfiledCodeHeapSize                     = 122909434                              {pd product} {ergonomic}
    uintx ReservedCodeCacheSize                    = 251658240                              {pd product} {ergonomic}
     bool SegmentedCodeCache                       = true                                      {product} {ergonomic}
   size_t SoftMaxHeapSize                          = 1073741824                             {manageable} {ergonomic}
     bool UseCompressedClassPointers               = true                           {product lp64_product} {ergonomic}
     bool UseCompressedOops                        = true                           {product lp64_product} {ergonomic}
     bool UseLargePagesIndividualAllocation        = false                                  {pd product} {ergonomic}
     bool UseParallelGC                            = true                                      {product} {command line}

Logging:
Log output configuration:
 #0: stdout all=off uptime,level,tags
 #1: stderr all=off uptime,level,tags

Environment Variables:
JAVA_HOME=C:\Program Files\Java\jdk-19
PATH=C:\Program Files\Eclipse Adoptium\jdk-17.0.7.7-hotspot\bin;C:\Program Files\Common Files\Oracle\Java\javapath;C:\Program Files (x86)\Common Files\Oracle\Java\javapath;C:\Windows\system32;C:\Windows;C:\Windows\System32\Wbem;C:\Windows\System32\WindowsPowerShell\v1.0\;C:\Windows\System32\OpenSSH\;C:\Program Files (x86)\NVIDIA Corporation\PhysX\Common;C:\Program Files\NVIDIA Corporation\NVIDIA NvDLISR;C:\msys64\mingw64\bin;C:\WINDOWS\system32;C:\WINDOWS;C:\WINDOWS\System32\Wbem;C:\WINDOWS\System32\WindowsPowerShell\v1.0\;C:\WINDOWS\System32\OpenSSH\;C:\Program Files\nodejs\;C:\Program Files\Git\cmd;C:\Program Files\dotnet\;C:\Program Files\Microsoft SQL Server\Client SDK\ODBC\170\Tools\Binn\;C:\Program Files\Microsoft SQL Server\150\Tools\Binn\;C:\Program Files (x86)\Microsoft SQL Server\160\DTS\Binn\;C:\Program Files\Azure Data Studio\bin;C:\Users\mitta\AppData\Local\Microsoft\WindowsApps;C:\Users\mitta\AppData\Local\Programs\Microsoft VS Code\bin;C:\Users\mitta\AppData\Roaming\npm;C:\Program Files\Java\jdk-19\bin;C:\Users\mitta\Downloads\flutter_windows_3.10.2-stable\flutter\bin;C:\Users\mitta\AppData\Local\Programs\Python\Python311;C:\ChromeDriver;C:\Users\mitta\.dotnet\tools;C:\Users\mitta\AppData\Local\GitHubDesktop\bin;C:\Users\mitta\AppData\Local\Programs\Azure Dev CLI\;C:\Program Files\Azure Data Studio\bin;C:\Users\mitta\AppData\Local\Programs\Azure Data Studio\bin
USERNAME=mitta
OS=Windows_NT
PROCESSOR_IDENTIFIER=Intel64 Family 6 Model 140 Stepping 2, GenuineIntel
TMP=C:\Users\mitta\AppData\Local\Temp
TEMP=C:\Users\mitta\AppData\Local\Temp



Periodic native trim disabled


---------------  S Y S T E M  ---------------

OS:
 Windows 11 , 64 bit Build 22621 (10.0.22621.3139)
OS uptime: 0 days 15:15 hours

CPU: total 8 (initial active 8) (4 cores per cpu, 2 threads per core) family 6 model 140 stepping 2 microcode 0x16, cx8, cmov, fxsr, ht, mmx, 3dnowpref, sse, sse2, sse3, ssse3, sse4.1, sse4.2, popcnt, lzcnt, tsc, tscinvbit, avx, avx2, aes, erms, clmul, bmi1, bmi2, adx, avx512f, avx512dq, avx512cd, avx512bw, avx512vl, sha, fma, vzeroupper, avx512_vpopcntdq, avx512_vpclmulqdq, avx512_vaes, avx512_vnni, clflush, clflushopt, clwb, avx512_vbmi2, avx512_vbmi
Processor Information for all 8 processors :
  Max Mhz: 3187, Current Mhz: 3187, Mhz Limit: 3187

Memory: 4k page, system-wide physical 7975M (660M free)
TotalPageFile size 32551M (AvailPageFile size 2M)
current process WorkingSet (physical memory assigned to process): 128M, peak: 128M
current process commit charge ("private bytes"): 235M, peak: 236M

vm_info: OpenJDK 64-Bit Server VM (17.0.10+7) for windows-amd64 JRE (17.0.10+7), built on Jan 16 2024 23:25:11 by "admin" with MS VC++ 16.10 / 16.11 (VS2019)

END.
