#
# There is insufficient memory for the Java Runtime Environment to continue.
# Native memory allocation (malloc) failed to allocate 1170576 bytes for Chunk::new
# Possible reasons:
#   The system is out of physical RAM or swap space
#   The process is running with CompressedOops enabled, and the Java Heap may be blocking the growth of the native heap
# Possible solutions:
#   Reduce memory load on the system
#   Increase physical memory or swap space
#   Check if swap backing store is full
#   Decrease Java heap size (-Xmx/-Xms)
#   Decrease number of Java threads
#   Decrease Java thread stack sizes (-Xss)
#   Set larger code cache with -XX:ReservedCodeCacheSize=
#   JVM is running with Unscaled Compressed Oops mode in which the Java heap is
#     placed in the first 4GB address space. The Java Heap base address is the
#     maximum limit for the native heap growth. Please use -XX:HeapBaseMinAddress
#     to set the Java Heap base and to place the Java Heap above 4GB virtual address.
# This output file may be truncated or incomplete.
#
#  Out of Memory Error (arena.cpp:191), pid=13676, tid=6272
#
# JRE version: OpenJDK Runtime Environment Temurin-17.0.10+7 (17.0.10+7) (build 17.0.10+7)
# Java VM: OpenJDK 64-Bit Server VM Temurin-17.0.10+7 (17.0.10+7, mixed mode, tiered, compressed oops, compressed class ptrs, parallel gc, windows-amd64)
# No core dump will be written. Minidumps are not enabled by default on client versions of Windows
#

---------------  S U M M A R Y ------------

Command Line: --add-modules=ALL-SYSTEM --add-opens=java.base/java.util=ALL-UNNAMED --add-opens=java.base/java.lang=ALL-UNNAMED --add-opens=java.base/sun.nio.fs=ALL-UNNAMED -Declipse.application=org.eclipse.jdt.ls.core.id1 -Dosgi.bundles.defaultStartLevel=4 -Declipse.product=org.eclipse.jdt.ls.core.product -Djava.import.generatesMetadataFilesAtProjectRoot=false -DDetectVMInstallationsJob.disabled=true -Dfile.encoding=utf8 -XX:+UseParallelGC -XX:GCTimeRatio=4 -XX:AdaptiveSizePolicyWeight=90 -Dsun.zip.disableMemoryMapping=true -Xmx1G -Xms100m -Xlog:disable -javaagent:c:\Users\mitta\.vscode\extensions\redhat.java-1.28.1-win32-x64\lombok\lombok-1.18.31.jar -XX:+HeapDumpOnOutOfMemoryError -XX:HeapDumpPath=c:\Users\mitta\AppData\Roaming\Code\User\workspaceStorage\a692e1cf0e494f24f55278b0b71f1011\redhat.java -Daether.dependencyCollector.impl=bf c:\Users\mitta\.vscode\extensions\redhat.java-1.28.1-win32-x64\server\plugins\org.eclipse.equinox.launcher_1.6.700.v20231214-2017.jar -configuration c:\Users\mitta\AppData\Roaming\Code\User\globalStorage\redhat.java\1.28.1\config_win -data c:\Users\mitta\AppData\Roaming\Code\User\workspaceStorage\a692e1cf0e494f24f55278b0b71f1011\redhat.java\jdt_ws --stdio

Host: 11th Gen Intel(R) Core(TM) i5-11320H @ 3.20GHz, 8 cores, 7G,  Windows 11 , 64 bit Build 22621 (10.0.22621.3139)
Time: Thu Mar  7 11:28:08 2024 India Standard Time elapsed time: 5.925359 seconds (0d 0h 0m 5s)

---------------  T H R E A D  ---------------

Current thread (0x000001617c5c4260):  JavaThread "C2 CompilerThread0" daemon [_thread_in_native, id=6272, stack(0x000000517b500000,0x000000517b600000)]


Current CompileTask:
C2:   5925 7377       4       org.eclipse.jdt.internal.compiler.parser.Parser::consumeRule (7964 bytes)

Stack: [0x000000517b500000,0x000000517b600000]
Native frames: (J=compiled Java code, j=interpreted, Vv=VM code, C=native code)
V  [jvm.dll+0x67d2c9]
V  [jvm.dll+0x834afa]
V  [jvm.dll+0x8365be]
V  [jvm.dll+0x836c23]
V  [jvm.dll+0x2477ff]
V  [jvm.dll+0xac514]
V  [jvm.dll+0xacb5c]
V  [jvm.dll+0x366782]
V  [jvm.dll+0x330bfa]
V  [jvm.dll+0x33009a]
V  [jvm.dll+0x219ef1]
V  [jvm.dll+0x219311]
V  [jvm.dll+0x1a502d]
V  [jvm.dll+0x2290de]
V  [jvm.dll+0x2272ac]
V  [jvm.dll+0x7e9bb7]
V  [jvm.dll+0x7e3fba]
V  [jvm.dll+0x67c1b5]
C  [ucrtbase.dll+0x29363]
C  [KERNEL32.DLL+0x1257d]
C  [ntdll.dll+0x5aa58]


---------------  P R O C E S S  ---------------

Threads class SMR info:
_java_thread_list=0x00000161026703a0, length=37, elements={
0x0000016163661c20, 0x00000161774e4020, 0x00000161774e5290, 0x000001617c5b7320,
0x000001617c5b7cf0, 0x000001617c5b9610, 0x000001617c5ba920, 0x000001617c5c4260,
0x000001617c5c8060, 0x000001617c5d1140, 0x000001617c6ef5d0, 0x000001617c725f90,
0x000001617c943580, 0x000001617e26de60, 0x000001617e258980, 0x000001617de78c40,
0x000001617e3683d0, 0x000001617e57ef10, 0x000001617e5db350, 0x000001617e6f3dd0,
0x000001617e6f6140, 0x000001617e6f38c0, 0x000001617e6f6650, 0x000001617e6f2ea0,
0x000001617e6f42e0, 0x000001617e6f47f0, 0x000001617e6f5210, 0x000001617e6f33b0,
0x0000016102012cd0, 0x00000161020178c0, 0x0000016102017dd0, 0x00000161020182e0,
0x0000016102019720, 0x00000161020131e0, 0x00000161020136f0, 0x0000016102013c00,
0x0000016102889a50
}

Java Threads: ( => current thread )
  0x0000016163661c20 JavaThread "main" [_thread_blocked, id=12384, stack(0x000000517ac00000,0x000000517ad00000)]
  0x00000161774e4020 JavaThread "Reference Handler" daemon [_thread_blocked, id=20004, stack(0x000000517af00000,0x000000517b000000)]
  0x00000161774e5290 JavaThread "Finalizer" daemon [_thread_blocked, id=2628, stack(0x000000517b000000,0x000000517b100000)]
  0x000001617c5b7320 JavaThread "Signal Dispatcher" daemon [_thread_blocked, id=24080, stack(0x000000517b100000,0x000000517b200000)]
  0x000001617c5b7cf0 JavaThread "Attach Listener" daemon [_thread_blocked, id=19228, stack(0x000000517b200000,0x000000517b300000)]
  0x000001617c5b9610 JavaThread "Service Thread" daemon [_thread_blocked, id=2492, stack(0x000000517b300000,0x000000517b400000)]
  0x000001617c5ba920 JavaThread "Monitor Deflation Thread" daemon [_thread_blocked, id=22688, stack(0x000000517b400000,0x000000517b500000)]
=>0x000001617c5c4260 JavaThread "C2 CompilerThread0" daemon [_thread_in_native, id=6272, stack(0x000000517b500000,0x000000517b600000)]
  0x000001617c5c8060 JavaThread "C1 CompilerThread0" daemon [_thread_in_vm, id=14096, stack(0x000000517b600000,0x000000517b700000)]
  0x000001617c5d1140 JavaThread "Sweeper thread" daemon [_thread_blocked, id=15388, stack(0x000000517b700000,0x000000517b800000)]
  0x000001617c6ef5d0 JavaThread "Common-Cleaner" daemon [_thread_blocked, id=14264, stack(0x000000517b800000,0x000000517b900000)]
  0x000001617c725f90 JavaThread "C2 CompilerThread1" daemon [_thread_in_native, id=16368, stack(0x000000517b900000,0x000000517ba00000)]
  0x000001617c943580 JavaThread "Notification Thread" daemon [_thread_blocked, id=296, stack(0x000000517ba00000,0x000000517bb00000)]
  0x000001617e26de60 JavaThread "Active Thread: Equinox Container: 8889dd74-97d0-435f-9103-1c9f7dac8f25" [_thread_blocked, id=22100, stack(0x000000517c200000,0x000000517c300000)]
  0x000001617e258980 JavaThread "Framework Event Dispatcher: Equinox Container: 8889dd74-97d0-435f-9103-1c9f7dac8f25" daemon [_thread_blocked, id=684, stack(0x000000517c300000,0x000000517c400000)]
  0x000001617de78c40 JavaThread "Start Level: Equinox Container: 8889dd74-97d0-435f-9103-1c9f7dac8f25" daemon [_thread_blocked, id=12472, stack(0x000000517c400000,0x000000517c500000)]
  0x000001617e3683d0 JavaThread "Bundle File Closer" daemon [_thread_blocked, id=16680, stack(0x000000517c600000,0x000000517c700000)]
  0x000001617e57ef10 JavaThread "SCR Component Actor" daemon [_thread_blocked, id=21888, stack(0x000000517c700000,0x000000517c800000)]
  0x000001617e5db350 JavaThread "SCR Component Registry" daemon [_thread_blocked, id=22680, stack(0x000000517c800000,0x000000517c900000)]
  0x000001617e6f3dd0 JavaThread "Worker-JM" [_thread_blocked, id=24420, stack(0x000000517c900000,0x000000517ca00000)]
  0x000001617e6f6140 JavaThread "Worker-0: Initialize workspace" [_thread_blocked, id=14716, stack(0x000000517ca00000,0x000000517cb00000)]
  0x000001617e6f38c0 JavaThread "Worker-1" [_thread_blocked, id=20768, stack(0x000000517cb00000,0x000000517cc00000)]
  0x000001617e6f6650 JavaThread "Java indexing" daemon [_thread_blocked, id=18848, stack(0x000000517cc00000,0x000000517cd00000)]
  0x000001617e6f2ea0 JavaThread "JNA Cleaner" daemon [_thread_blocked, id=24328, stack(0x000000517cd00000,0x000000517ce00000)]
  0x000001617e6f42e0 JavaThread "pool-2-thread-1" [_thread_blocked, id=24512, stack(0x000000517ce00000,0x000000517cf00000)]
  0x000001617e6f47f0 JavaThread "WorkspaceEventsHandler" [_thread_blocked, id=13248, stack(0x000000517cf00000,0x000000517d000000)]
  0x000001617e6f5210 JavaThread "pool-1-thread-1" [_thread_in_native, id=22872, stack(0x000000517d000000,0x000000517d100000)]
  0x000001617e6f33b0 JavaThread "Worker-2" [_thread_blocked, id=4876, stack(0x000000517d100000,0x000000517d200000)]
  0x0000016102012cd0 JavaThread "Worker-3" [_thread_blocked, id=24432, stack(0x000000517d200000,0x000000517d300000)]
  0x00000161020178c0 JavaThread "ForkJoinPool.commonPool-worker-1" daemon [_thread_in_Java, id=22344, stack(0x000000517d300000,0x000000517d400000)]
  0x0000016102017dd0 JavaThread "ForkJoinPool.commonPool-worker-2" daemon [_thread_blocked, id=20536, stack(0x000000517d400000,0x000000517d500000)]
  0x00000161020182e0 JavaThread "ForkJoinPool.commonPool-worker-3" daemon [_thread_in_Java, id=5496, stack(0x000000517d500000,0x000000517d600000)]
  0x0000016102019720 JavaThread "ForkJoinPool.commonPool-worker-4" daemon [_thread_in_Java, id=3320, stack(0x000000517d600000,0x000000517d700000)]
  0x00000161020131e0 JavaThread "ForkJoinPool.commonPool-worker-5" daemon [_thread_blocked, id=16344, stack(0x000000517d700000,0x000000517d800000)]
  0x00000161020136f0 JavaThread "ForkJoinPool.commonPool-worker-6" daemon [_thread_blocked, id=4264, stack(0x000000517d800000,0x000000517d900000)]
  0x0000016102013c00 JavaThread "ForkJoinPool.commonPool-worker-7" daemon [_thread_blocked, id=13112, stack(0x000000517d900000,0x000000517da00000)]
  0x0000016102889a50 JavaThread "Compiler Processing Task" daemon [_thread_in_vm, id=8288, stack(0x000000517da00000,0x000000517db00000)]

Other Threads:
  0x000001617c5924c0 VMThread "VM Thread" [stack: 0x000000517ae00000,0x000000517af00000] [id=18436]
  0x000001617d71c080 WatcherThread [stack: 0x000000517bb00000,0x000000517bc00000] [id=2404]
  0x00000161636770b0 GCTaskThread "GC Thread#0" [stack: 0x000000517ad00000,0x000000517ae00000] [id=9036]
  0x000001617e27bcd0 GCTaskThread "GC Thread#1" [stack: 0x000000517bc00000,0x000000517bd00000] [id=23656]
  0x000001617dda1020 GCTaskThread "GC Thread#2" [stack: 0x000000517bd00000,0x000000517be00000] [id=23772]
  0x000001617dda12e0 GCTaskThread "GC Thread#3" [stack: 0x000000517be00000,0x000000517bf00000] [id=3800]
  0x000001617dda15a0 GCTaskThread "GC Thread#4" [stack: 0x000000517bf00000,0x000000517c000000] [id=18612]
  0x000001617ddf8bb0 GCTaskThread "GC Thread#5" [stack: 0x000000517c000000,0x000000517c100000] [id=3200]
  0x000001617ddf8e70 GCTaskThread "GC Thread#6" [stack: 0x000000517c100000,0x000000517c200000] [id=2712]
  0x000001617d8eb300 GCTaskThread "GC Thread#7" [stack: 0x000000517c500000,0x000000517c600000] [id=22228]

Threads with active compile tasks:
C2 CompilerThread0     5939 7377       4       org.eclipse.jdt.internal.compiler.parser.Parser::consumeRule (7964 bytes)
C1 CompilerThread0     5939 7670       2       org.eclipse.jdt.internal.compiler.codegen.StackMapFrame::getCachedValue (63 bytes)
C2 CompilerThread1     5940 7613   !   4       org.eclipse.jdt.internal.compiler.parser.Scanner::getNextToken0 (2518 bytes)

VM state: not at safepoint (normal execution)

VM Mutex/Monitor currently owned by a thread: None

Heap address: 0x00000000c0000000, size: 1024 MB, Compressed Oops mode: 32-bit

CDS archive(s) not mapped
Compressed class space mapped at: 0x0000000100000000-0x0000000140000000, reserved size: 1073741824
Narrow klass base: 0x0000000000000000, Narrow klass shift: 3, Narrow klass range: 0x140000000

GC Precious Log:
 CPUs: 8 total, 8 available
 Memory: 7975M
 Large Page Support: Disabled
 NUMA Support: Disabled
 Compressed Oops: Enabled (32-bit)
 Alignments: Space 512K, Generation 512K, Heap 2M
 Heap Min Capacity: 100M
 Heap Initial Capacity: 100M
 Heap Max Capacity: 1G
 Pre-touch: Disabled
 Parallel Workers: 8

Heap:
 PSYoungGen      total 19968K, used 15794K [0x00000000eab00000, 0x00000000ec380000, 0x0000000100000000)
  eden space 18944K, 78% used [0x00000000eab00000,0x00000000eb971588,0x00000000ebd80000)
  from space 1024K, 98% used [0x00000000ebe00000,0x00000000ebefb628,0x00000000ebf00000)
  to   space 3072K, 0% used [0x00000000ec080000,0x00000000ec080000,0x00000000ec380000)
 ParOldGen       total 68608K, used 38943K [0x00000000c0000000, 0x00000000c4300000, 0x00000000eab00000)
  object space 68608K, 56% used [0x00000000c0000000,0x00000000c2607f18,0x00000000c4300000)
 Metaspace       used 65643K, committed 66816K, reserved 1114112K
  class space    used 6969K, committed 7488K, reserved 1048576K

Card table byte_map: [0x0000016162ff0000,0x0000016163200000] _byte_map_base: 0x00000161629f0000

Marking Bits: (ParMarkBitMap*) 0x00007ffa2c53d7d0
 Begin Bits: [0x00000161752f0000, 0x00000161762f0000)
 End Bits:   [0x00000161762f0000, 0x00000161772f0000)

Polling page: 0x00000161615d0000

Metaspace:

Usage:
  Non-class:     57.30 MB used.
      Class:      6.81 MB used.
       Both:     64.11 MB used.

Virtual space:
  Non-class space:       64.00 MB reserved,      57.94 MB ( 91%) committed,  1 nodes.
      Class space:        1.00 GB reserved,       7.31 MB ( <1%) committed,  1 nodes.
             Both:        1.06 GB reserved,      65.25 MB (  6%) committed. 

Chunk freelists:
   Non-Class:  5.22 MB
       Class:  8.73 MB
        Both:  13.95 MB

MaxMetaspaceSize: unlimited
CompressedClassSpaceSize: 1.00 GB
Initial GC threshold: 21.00 MB
Current GC threshold: 97.31 MB
CDS: off
MetaspaceReclaimPolicy: balanced
 - commit_granule_bytes: 65536.
 - commit_granule_words: 8192.
 - virtual_space_node_default_size: 8388608.
 - enlarge_chunks_in_place: 1.
 - new_chunks_are_fully_committed: 0.
 - uncommit_free_chunks: 1.
 - use_allocation_guard: 0.
 - handle_deallocations: 1.


Internal statistics:

num_allocs_failed_limit: 9.
num_arena_births: 560.
num_arena_deaths: 14.
num_vsnodes_births: 2.
num_vsnodes_deaths: 0.
num_space_committed: 1044.
num_space_uncommitted: 0.
num_chunks_returned_to_freelist: 23.
num_chunks_taken_from_freelist: 3058.
num_chunk_merges: 14.
num_chunk_splits: 2001.
num_chunks_enlarged: 1322.
num_inconsistent_stats: 0.

CodeHeap 'non-profiled nmethods': size=120000Kb used=3781Kb max_used=3781Kb free=116218Kb
 bounds [0x000001616ddc0000, 0x000001616e180000, 0x00000161752f0000]
CodeHeap 'profiled nmethods': size=120000Kb used=14679Kb max_used=14679Kb free=105320Kb
 bounds [0x00000161662f0000, 0x0000016167150000, 0x000001616d820000]
CodeHeap 'non-nmethods': size=5760Kb used=1350Kb max_used=1422Kb free=4410Kb
 bounds [0x000001616d820000, 0x000001616da90000, 0x000001616ddc0000]
 total_blobs=7519 nmethods=6835 adapters=595
 compilation: enabled
              stopped_count=0, restarted_count=0
 full_count=0

Compilation events (20 events):
Event: 5.921 Thread 0x000001617c5c8060 nmethod 7592 0x000001616e16eb10 code [0x000001616e16eca0, 0x000001616e16ed78]
Event: 5.921 Thread 0x000001617c5c8060 7624       2       org.eclipse.jdt.internal.compiler.codegen.CharArrayCache::putIfAbsent (102 bytes)
Event: 5.921 Thread 0x000001617c5c8060 nmethod 7624 0x0000016167127410 code [0x00000161671275e0, 0x0000016167127988]
Event: 5.921 Thread 0x000001617c5c8060 7621       2       org.eclipse.jdt.internal.compiler.lookup.MethodBinding::isAbstract (15 bytes)
Event: 5.921 Thread 0x000001617c5c8060 nmethod 7621 0x0000016167127c90 code [0x0000016167127e20, 0x0000016167127f78]
Event: 5.921 Thread 0x000001617c5c8060 7623       1       org.eclipse.jdt.internal.compiler.ast.ASTNode::isImplicitThis (2 bytes)
Event: 5.921 Thread 0x000001617c5c8060 nmethod 7623 0x000001616e16ee10 code [0x000001616e16efa0, 0x000001616e16f078]
Event: 5.921 Thread 0x000001617c5c8060 7596       1       org.eclipse.jdt.internal.compiler.lookup.BaseTypeBinding::constantPoolName (5 bytes)
Event: 5.921 Thread 0x000001617c5c8060 nmethod 7596 0x000001616e16f110 code [0x000001616e16f2a0, 0x000001616e16f378]
Event: 5.921 Thread 0x000001617c5c8060 7625       2       org.eclipse.jdt.internal.compiler.ast.LocalDeclaration::<init> (25 bytes)
Event: 5.921 Thread 0x000001617c5c8060 nmethod 7625 0x0000016167128010 code [0x00000161671281a0, 0x00000161671282d8]
Event: 5.921 Thread 0x000001617c5c8060 7615       1       org.eclipse.jdt.internal.compiler.lookup.TypeBinding::isParameterizedType (2 bytes)
Event: 5.921 Thread 0x000001617c5c8060 nmethod 7615 0x000001616e16f410 code [0x000001616e16f5a0, 0x000001616e16f678]
Event: 5.921 Thread 0x000001617c5c8060 7581       2       jdk.internal.jrtfs.JrtPath::toAbsolutePath (44 bytes)
Event: 5.922 Thread 0x000001617c725f90 nmethod 7575 0x000001616e16f710 code [0x000001616e16f8c0, 0x000001616e16fff8]
Event: 5.922 Thread 0x000001617c725f90 7613   !   4       org.eclipse.jdt.internal.compiler.parser.Scanner::getNextToken0 (2518 bytes)
Event: 5.922 Thread 0x000001617c5c8060 nmethod 7581 0x0000016167128390 code [0x0000016167128580, 0x00000161671289e8]
Event: 5.922 Thread 0x000001617c5c8060 7632       2       org.eclipse.jdt.internal.compiler.lookup.LookupEnvironment::computePackageFrom (528 bytes)
Event: 5.923 Thread 0x000001617c5c8060 nmethod 7632 0x0000016167128c90 code [0x0000016167129000, 0x000001616712a008]
Event: 5.923 Thread 0x000001617c5c8060 7634       2       org.eclipse.jdt.internal.compiler.lookup.AnnotatableTypeSystem::getArrayType (247 bytes)

GC Heap History (20 events):
Event: 4.469 GC heap before
{Heap before GC invocations=27 (full 2):
 PSYoungGen      total 20992K, used 20632K [0x00000000eab00000, 0x00000000ec280000, 0x0000000100000000)
  eden space 19968K, 100% used [0x00000000eab00000,0x00000000ebe80000,0x00000000ebe80000)
  from space 1024K, 64% used [0x00000000ec180000,0x00000000ec2261e8,0x00000000ec280000)
  to   space 1536K, 0% used [0x00000000ebf80000,0x00000000ebf80000,0x00000000ec100000)
 ParOldGen       total 68608K, used 34667K [0x00000000c0000000, 0x00000000c4300000, 0x00000000eab00000)
  object space 68608K, 50% used [0x00000000c0000000,0x00000000c21dadd8,0x00000000c4300000)
 Metaspace       used 54809K, committed 55808K, reserved 1114112K
  class space    used 5957K, committed 6400K, reserved 1048576K
}
Event: 4.470 GC heap after
{Heap after GC invocations=27 (full 2):
 PSYoungGen      total 21504K, used 384K [0x00000000eab00000, 0x00000000ec200000, 0x0000000100000000)
  eden space 19968K, 0% used [0x00000000eab00000,0x00000000eab00000,0x00000000ebe80000)
  from space 1536K, 25% used [0x00000000ebf80000,0x00000000ebfe0010,0x00000000ec100000)
  to   space 1024K, 0% used [0x00000000ec100000,0x00000000ec100000,0x00000000ec200000)
 ParOldGen       total 68608K, used 35279K [0x00000000c0000000, 0x00000000c4300000, 0x00000000eab00000)
  object space 68608K, 51% used [0x00000000c0000000,0x00000000c2273f60,0x00000000c4300000)
 Metaspace       used 54809K, committed 55808K, reserved 1114112K
  class space    used 5957K, committed 6400K, reserved 1048576K
}
Event: 4.561 GC heap before
{Heap before GC invocations=28 (full 2):
 PSYoungGen      total 21504K, used 20352K [0x00000000eab00000, 0x00000000ec200000, 0x0000000100000000)
  eden space 19968K, 100% used [0x00000000eab00000,0x00000000ebe80000,0x00000000ebe80000)
  from space 1536K, 25% used [0x00000000ebf80000,0x00000000ebfe0010,0x00000000ec100000)
  to   space 1024K, 0% used [0x00000000ec100000,0x00000000ec100000,0x00000000ec200000)
 ParOldGen       total 68608K, used 35279K [0x00000000c0000000, 0x00000000c4300000, 0x00000000eab00000)
  object space 68608K, 51% used [0x00000000c0000000,0x00000000c2273f60,0x00000000c4300000)
 Metaspace       used 55639K, committed 56512K, reserved 1114112K
  class space    used 6023K, committed 6400K, reserved 1048576K
}
Event: 4.564 GC heap after
{Heap after GC invocations=28 (full 2):
 PSYoungGen      total 20992K, used 1023K [0x00000000eab00000, 0x00000000ec280000, 0x0000000100000000)
  eden space 19968K, 0% used [0x00000000eab00000,0x00000000eab00000,0x00000000ebe80000)
  from space 1024K, 99% used [0x00000000ec100000,0x00000000ec1ffcd8,0x00000000ec200000)
  to   space 2048K, 0% used [0x00000000ebe80000,0x00000000ebe80000,0x00000000ec080000)
 ParOldGen       total 68608K, used 36053K [0x00000000c0000000, 0x00000000c4300000, 0x00000000eab00000)
  object space 68608K, 52% used [0x00000000c0000000,0x00000000c2335498,0x00000000c4300000)
 Metaspace       used 55639K, committed 56512K, reserved 1114112K
  class space    used 6023K, committed 6400K, reserved 1048576K
}
Event: 4.608 GC heap before
{Heap before GC invocations=29 (full 2):
 PSYoungGen      total 20992K, used 20991K [0x00000000eab00000, 0x00000000ec280000, 0x0000000100000000)
  eden space 19968K, 100% used [0x00000000eab00000,0x00000000ebe80000,0x00000000ebe80000)
  from space 1024K, 99% used [0x00000000ec100000,0x00000000ec1ffcd8,0x00000000ec200000)
  to   space 2048K, 0% used [0x00000000ebe80000,0x00000000ebe80000,0x00000000ec080000)
 ParOldGen       total 68608K, used 36053K [0x00000000c0000000, 0x00000000c4300000, 0x00000000eab00000)
  object space 68608K, 52% used [0x00000000c0000000,0x00000000c2335498,0x00000000c4300000)
 Metaspace       used 55652K, committed 56512K, reserved 1114112K
  class space    used 6023K, committed 6400K, reserved 1048576K
}
Event: 4.608 GC heap after
{Heap after GC invocations=29 (full 2):
 PSYoungGen      total 20992K, used 645K [0x00000000eab00000, 0x00000000ec180000, 0x0000000100000000)
  eden space 19968K, 0% used [0x00000000eab00000,0x00000000eab00000,0x00000000ebe80000)
  from space 1024K, 63% used [0x00000000ebe80000,0x00000000ebf21798,0x00000000ebf80000)
  to   space 1536K, 0% used [0x00000000ec000000,0x00000000ec000000,0x00000000ec180000)
 ParOldGen       total 68608K, used 37251K [0x00000000c0000000, 0x00000000c4300000, 0x00000000eab00000)
  object space 68608K, 54% used [0x00000000c0000000,0x00000000c2460c88,0x00000000c4300000)
 Metaspace       used 55652K, committed 56512K, reserved 1114112K
  class space    used 6023K, committed 6400K, reserved 1048576K
}
Event: 4.877 GC heap before
{Heap before GC invocations=30 (full 2):
 PSYoungGen      total 20992K, used 20613K [0x00000000eab00000, 0x00000000ec180000, 0x0000000100000000)
  eden space 19968K, 100% used [0x00000000eab00000,0x00000000ebe80000,0x00000000ebe80000)
  from space 1024K, 63% used [0x00000000ebe80000,0x00000000ebf21798,0x00000000ebf80000)
  to   space 1536K, 0% used [0x00000000ec000000,0x00000000ec000000,0x00000000ec180000)
 ParOldGen       total 68608K, used 37251K [0x00000000c0000000, 0x00000000c4300000, 0x00000000eab00000)
  object space 68608K, 54% used [0x00000000c0000000,0x00000000c2460c88,0x00000000c4300000)
 Metaspace       used 58059K, committed 59008K, reserved 1114112K
  class space    used 6249K, committed 6656K, reserved 1048576K
}
Event: 4.878 GC heap after
{Heap after GC invocations=30 (full 2):
 PSYoungGen      total 20992K, used 599K [0x00000000eab00000, 0x00000000ec100000, 0x0000000100000000)
  eden space 19968K, 0% used [0x00000000eab00000,0x00000000eab00000,0x00000000ebe80000)
  from space 1024K, 58% used [0x00000000ec000000,0x00000000ec095fe8,0x00000000ec100000)
  to   space 1024K, 0% used [0x00000000ebe80000,0x00000000ebe80000,0x00000000ebf80000)
 ParOldGen       total 68608K, used 37371K [0x00000000c0000000, 0x00000000c4300000, 0x00000000eab00000)
  object space 68608K, 54% used [0x00000000c0000000,0x00000000c247ec88,0x00000000c4300000)
 Metaspace       used 58059K, committed 59008K, reserved 1114112K
  class space    used 6249K, committed 6656K, reserved 1048576K
}
Event: 4.980 GC heap before
{Heap before GC invocations=31 (full 2):
 PSYoungGen      total 20992K, used 7686K [0x00000000eab00000, 0x00000000ec100000, 0x0000000100000000)
  eden space 19968K, 35% used [0x00000000eab00000,0x00000000eb1ebb90,0x00000000ebe80000)
  from space 1024K, 58% used [0x00000000ec000000,0x00000000ec095fe8,0x00000000ec100000)
  to   space 1024K, 0% used [0x00000000ebe80000,0x00000000ebe80000,0x00000000ebf80000)
 ParOldGen       total 68608K, used 37371K [0x00000000c0000000, 0x00000000c4300000, 0x00000000eab00000)
  object space 68608K, 54% used [0x00000000c0000000,0x00000000c247ec88,0x00000000c4300000)
 Metaspace       used 58924K, committed 59776K, reserved 1114112K
  class space    used 6326K, committed 6720K, reserved 1048576K
}
Event: 4.980 GC heap after
{Heap after GC invocations=31 (full 2):
 PSYoungGen      total 20992K, used 256K [0x00000000eab00000, 0x00000000ec080000, 0x0000000100000000)
  eden space 19968K, 0% used [0x00000000eab00000,0x00000000eab00000,0x00000000ebe80000)
  from space 1024K, 25% used [0x00000000ebe80000,0x00000000ebec0000,0x00000000ebf80000)
  to   space 512K, 0% used [0x00000000ec000000,0x00000000ec000000,0x00000000ec080000)
 ParOldGen       total 68608K, used 37830K [0x00000000c0000000, 0x00000000c4300000, 0x00000000eab00000)
  object space 68608K, 55% used [0x00000000c0000000,0x00000000c24f1878,0x00000000c4300000)
 Metaspace       used 58924K, committed 59776K, reserved 1114112K
  class space    used 6326K, committed 6720K, reserved 1048576K
}
Event: 4.980 GC heap before
{Heap before GC invocations=32 (full 3):
 PSYoungGen      total 20992K, used 256K [0x00000000eab00000, 0x00000000ec080000, 0x0000000100000000)
  eden space 19968K, 0% used [0x00000000eab00000,0x00000000eab00000,0x00000000ebe80000)
  from space 1024K, 25% used [0x00000000ebe80000,0x00000000ebec0000,0x00000000ebf80000)
  to   space 512K, 0% used [0x00000000ec000000,0x00000000ec000000,0x00000000ec080000)
 ParOldGen       total 68608K, used 37830K [0x00000000c0000000, 0x00000000c4300000, 0x00000000eab00000)
  object space 68608K, 55% used [0x00000000c0000000,0x00000000c24f1878,0x00000000c4300000)
 Metaspace       used 58924K, committed 59776K, reserved 1114112K
  class space    used 6326K, committed 6720K, reserved 1048576K
}
Event: 5.023 GC heap after
{Heap after GC invocations=32 (full 3):
 PSYoungGen      total 20992K, used 0K [0x00000000eab00000, 0x00000000ec080000, 0x0000000100000000)
  eden space 19968K, 0% used [0x00000000eab00000,0x00000000eab00000,0x00000000ebe80000)
  from space 1024K, 0% used [0x00000000ebe80000,0x00000000ebe80000,0x00000000ebf80000)
  to   space 512K, 0% used [0x00000000ec000000,0x00000000ec000000,0x00000000ec080000)
 ParOldGen       total 68608K, used 34109K [0x00000000c0000000, 0x00000000c4300000, 0x00000000eab00000)
  object space 68608K, 49% used [0x00000000c0000000,0x00000000c214f580,0x00000000c4300000)
 Metaspace       used 58924K, committed 59776K, reserved 1114112K
  class space    used 6326K, committed 6720K, reserved 1048576K
}
Event: 5.282 GC heap before
{Heap before GC invocations=33 (full 3):
 PSYoungGen      total 20992K, used 19968K [0x00000000eab00000, 0x00000000ec080000, 0x0000000100000000)
  eden space 19968K, 100% used [0x00000000eab00000,0x00000000ebe80000,0x00000000ebe80000)
  from space 1024K, 0% used [0x00000000ebe80000,0x00000000ebe80000,0x00000000ebf80000)
  to   space 512K, 0% used [0x00000000ec000000,0x00000000ec000000,0x00000000ec080000)
 ParOldGen       total 68608K, used 34109K [0x00000000c0000000, 0x00000000c4300000, 0x00000000eab00000)
  object space 68608K, 49% used [0x00000000c0000000,0x00000000c214f580,0x00000000c4300000)
 Metaspace       used 61570K, committed 62528K, reserved 1114112K
  class space    used 6601K, committed 7040K, reserved 1048576K
}
Event: 5.284 GC heap after
{Heap after GC invocations=33 (full 3):
 PSYoungGen      total 19456K, used 482K [0x00000000eab00000, 0x00000000ec380000, 0x0000000100000000)
  eden space 18944K, 0% used [0x00000000eab00000,0x00000000eab00000,0x00000000ebd80000)
  from space 512K, 94% used [0x00000000ec000000,0x00000000ec0788d8,0x00000000ec080000)
  to   space 2560K, 0% used [0x00000000ebd80000,0x00000000ebd80000,0x00000000ec000000)
 ParOldGen       total 68608K, used 35580K [0x00000000c0000000, 0x00000000c4300000, 0x00000000eab00000)
  object space 68608K, 51% used [0x00000000c0000000,0x00000000c22bf280,0x00000000c4300000)
 Metaspace       used 61570K, committed 62528K, reserved 1114112K
  class space    used 6601K, committed 7040K, reserved 1048576K
}
Event: 5.484 GC heap before
{Heap before GC invocations=34 (full 3):
 PSYoungGen      total 19456K, used 19426K [0x00000000eab00000, 0x00000000ec380000, 0x0000000100000000)
  eden space 18944K, 100% used [0x00000000eab00000,0x00000000ebd80000,0x00000000ebd80000)
  from space 512K, 94% used [0x00000000ec000000,0x00000000ec0788d8,0x00000000ec080000)
  to   space 2560K, 0% used [0x00000000ebd80000,0x00000000ebd80000,0x00000000ec000000)
 ParOldGen       total 68608K, used 35580K [0x00000000c0000000, 0x00000000c4300000, 0x00000000eab00000)
  object space 68608K, 51% used [0x00000000c0000000,0x00000000c22bf280,0x00000000c4300000)
 Metaspace       used 63207K, committed 64256K, reserved 1114112K
  class space    used 6770K, committed 7232K, reserved 1048576K
}
Event: 5.486 GC heap after
{Heap after GC invocations=34 (full 3):
 PSYoungGen      total 20480K, used 1290K [0x00000000eab00000, 0x00000000ec080000, 0x0000000100000000)
  eden space 18944K, 0% used [0x00000000eab00000,0x00000000eab00000,0x00000000ebd80000)
  from space 1536K, 83% used [0x00000000ebd80000,0x00000000ebec2898,0x00000000ebf00000)
  to   space 1536K, 0% used [0x00000000ebf00000,0x00000000ebf00000,0x00000000ec080000)
 ParOldGen       total 68608K, used 36064K [0x00000000c0000000, 0x00000000c4300000, 0x00000000eab00000)
  object space 68608K, 52% used [0x00000000c0000000,0x00000000c23382e0,0x00000000c4300000)
 Metaspace       used 63207K, committed 64256K, reserved 1114112K
  class space    used 6770K, committed 7232K, reserved 1048576K
}
Event: 5.708 GC heap before
{Heap before GC invocations=35 (full 3):
 PSYoungGen      total 20480K, used 20234K [0x00000000eab00000, 0x00000000ec080000, 0x0000000100000000)
  eden space 18944K, 100% used [0x00000000eab00000,0x00000000ebd80000,0x00000000ebd80000)
  from space 1536K, 83% used [0x00000000ebd80000,0x00000000ebec2898,0x00000000ebf00000)
  to   space 1536K, 0% used [0x00000000ebf00000,0x00000000ebf00000,0x00000000ec080000)
 ParOldGen       total 68608K, used 36064K [0x00000000c0000000, 0x00000000c4300000, 0x00000000eab00000)
  object space 68608K, 52% used [0x00000000c0000000,0x00000000c23382e0,0x00000000c4300000)
 Metaspace       used 63925K, committed 64960K, reserved 1114112K
  class space    used 6823K, committed 7296K, reserved 1048576K
}
Event: 5.710 GC heap after
{Heap after GC invocations=35 (full 3):
 PSYoungGen      total 19968K, used 592K [0x00000000eab00000, 0x00000000ec000000, 0x0000000100000000)
  eden space 18944K, 0% used [0x00000000eab00000,0x00000000eab00000,0x00000000ebd80000)
  from space 1024K, 57% used [0x00000000ebf00000,0x00000000ebf94030,0x00000000ec000000)
  to   space 1024K, 0% used [0x00000000ebe00000,0x00000000ebe00000,0x00000000ebf00000)
 ParOldGen       total 68608K, used 37245K [0x00000000c0000000, 0x00000000c4300000, 0x00000000eab00000)
  object space 68608K, 54% used [0x00000000c0000000,0x00000000c245f680,0x00000000c4300000)
 Metaspace       used 63925K, committed 64960K, reserved 1114112K
  class space    used 6823K, committed 7296K, reserved 1048576K
}
Event: 5.884 GC heap before
{Heap before GC invocations=36 (full 3):
 PSYoungGen      total 19968K, used 19536K [0x00000000eab00000, 0x00000000ec000000, 0x0000000100000000)
  eden space 18944K, 100% used [0x00000000eab00000,0x00000000ebd80000,0x00000000ebd80000)
  from space 1024K, 57% used [0x00000000ebf00000,0x00000000ebf94030,0x00000000ec000000)
  to   space 1024K, 0% used [0x00000000ebe00000,0x00000000ebe00000,0x00000000ebf00000)
 ParOldGen       total 68608K, used 37245K [0x00000000c0000000, 0x00000000c4300000, 0x00000000eab00000)
  object space 68608K, 54% used [0x00000000c0000000,0x00000000c245f680,0x00000000c4300000)
 Metaspace       used 65117K, committed 66240K, reserved 1114112K
  class space    used 6925K, committed 7424K, reserved 1048576K
}
Event: 5.885 GC heap after
{Heap after GC invocations=36 (full 3):
 PSYoungGen      total 19968K, used 1005K [0x00000000eab00000, 0x00000000ec380000, 0x0000000100000000)
  eden space 18944K, 0% used [0x00000000eab00000,0x00000000eab00000,0x00000000ebd80000)
  from space 1024K, 98% used [0x00000000ebe00000,0x00000000ebefb628,0x00000000ebf00000)
  to   space 3072K, 0% used [0x00000000ec080000,0x00000000ec080000,0x00000000ec380000)
 ParOldGen       total 68608K, used 38943K [0x00000000c0000000, 0x00000000c4300000, 0x00000000eab00000)
  object space 68608K, 56% used [0x00000000c0000000,0x00000000c2607f18,0x00000000c4300000)
 Metaspace       used 65117K, committed 66240K, reserved 1114112K
  class space    used 6925K, committed 7424K, reserved 1048576K
}

Dll operation events (10 events):
Event: 0.008 Loaded shared library c:\Users\mitta\.vscode\extensions\redhat.java-1.28.1-win32-x64\jre\17.0.10-win32-x86_64\bin\java.dll
Event: 0.124 Loaded shared library c:\Users\mitta\.vscode\extensions\redhat.java-1.28.1-win32-x64\jre\17.0.10-win32-x86_64\bin\zip.dll
Event: 0.125 Loaded shared library C:\Users\mitta\.vscode\extensions\redhat.java-1.28.1-win32-x64\jre\17.0.10-win32-x86_64\bin\instrument.dll
Event: 0.134 Loaded shared library C:\Users\mitta\.vscode\extensions\redhat.java-1.28.1-win32-x64\jre\17.0.10-win32-x86_64\bin\net.dll
Event: 0.135 Loaded shared library C:\Users\mitta\.vscode\extensions\redhat.java-1.28.1-win32-x64\jre\17.0.10-win32-x86_64\bin\nio.dll
Event: 0.140 Loaded shared library C:\Users\mitta\.vscode\extensions\redhat.java-1.28.1-win32-x64\jre\17.0.10-win32-x86_64\bin\zip.dll
Event: 0.149 Loaded shared library C:\Users\mitta\.vscode\extensions\redhat.java-1.28.1-win32-x64\jre\17.0.10-win32-x86_64\bin\jimage.dll
Event: 0.183 Loaded shared library c:\Users\mitta\.vscode\extensions\redhat.java-1.28.1-win32-x64\jre\17.0.10-win32-x86_64\bin\verify.dll
Event: 0.788 Loaded shared library C:\Users\mitta\AppData\Roaming\Code\User\globalStorage\redhat.java\1.28.1\config_win\org.eclipse.equinox.launcher\org.eclipse.equinox.launcher.win32.win32.x86_64_1.2.900.v20240129-1338\eclipse_11900.dll
Event: 2.218 Loaded shared library C:\Users\mitta\AppData\Local\Temp\jna-103907013\jna9023059810851605.dll

Deoptimization events (20 events):
Event: 5.877 Thread 0x00000161020178c0 DEOPT PACKING pc=0x000001616ddce8ac sp=0x000000517d3fd100
Event: 5.877 Thread 0x00000161020178c0 DEOPT UNPACKING pc=0x000001616d879ea3 sp=0x000000517d3fd078 mode 2
Event: 5.877 Thread 0x00000161020178c0 Uncommon trap: trap_request=0xffffff45 fr.pc=0x000001616de564d0 relative=0x00000000000002f0
Event: 5.877 Thread 0x00000161020178c0 Uncommon trap: reason=unstable_if action=reinterpret pc=0x000001616de564d0 method=jdk.internal.jrtfs.JrtFileSystem.checkNode(Ljdk/internal/jrtfs/JrtPath;)Ljdk/internal/jimage/ImageReader$Node; @ 16 c2
Event: 5.877 Thread 0x00000161020178c0 DEOPT PACKING pc=0x000001616de564d0 sp=0x000000517d3fd560
Event: 5.877 Thread 0x00000161020178c0 DEOPT UNPACKING pc=0x000001616d879ea3 sp=0x000000517d3fd510 mode 2
Event: 5.886 Thread 0x00000161020182e0 Uncommon trap: trap_request=0xffffff45 fr.pc=0x000001616e160fa4 relative=0x0000000000002164
Event: 5.886 Thread 0x00000161020182e0 Uncommon trap: reason=unstable_if action=reinterpret pc=0x000001616e160fa4 method=org.eclipse.jdt.internal.compiler.parser.Scanner.getNextChar(CC)I @ 130 c2
Event: 5.886 Thread 0x00000161020182e0 DEOPT PACKING pc=0x000001616e160fa4 sp=0x000000517d5fd9e0
Event: 5.886 Thread 0x00000161020182e0 DEOPT UNPACKING pc=0x000001616d879ea3 sp=0x000000517d5fd8e0 mode 2
Event: 5.913 Thread 0x0000016102889a50 DEOPT PACKING pc=0x0000016166f6df58 sp=0x000000517dafe3e0
Event: 5.914 Thread 0x0000016102889a50 DEOPT UNPACKING pc=0x000001616d87a9e3 sp=0x000000517dafd818 mode 0
Event: 5.923 Thread 0x0000016102019720 Uncommon trap: trap_request=0xffffff45 fr.pc=0x000001616e1678f0 relative=0x00000000000001d0
Event: 5.923 Thread 0x0000016102019720 Uncommon trap: reason=unstable_if action=reinterpret pc=0x000001616e1678f0 method=org.eclipse.jdt.internal.compiler.parser.Scanner.scanIdentifierOrKeyword()I @ 27 c2
Event: 5.923 Thread 0x0000016102019720 DEOPT PACKING pc=0x000001616e1678f0 sp=0x000000517d6fe1a0
Event: 5.923 Thread 0x0000016102019720 DEOPT UNPACKING pc=0x000001616d879ea3 sp=0x000000517d6fe120 mode 2
Event: 5.924 Thread 0x00000161020178c0 Uncommon trap: trap_request=0xffffff45 fr.pc=0x000001616e06932c relative=0x00000000000011ac
Event: 5.924 Thread 0x00000161020178c0 Uncommon trap: reason=unstable_if action=reinterpret pc=0x000001616e06932c method=lombok.launch.PackageShader.apply([B)Z @ 190 c2
Event: 5.924 Thread 0x00000161020178c0 DEOPT PACKING pc=0x000001616e06932c sp=0x000000517d3fc8d0
Event: 5.924 Thread 0x00000161020178c0 DEOPT UNPACKING pc=0x000001616d879ea3 sp=0x000000517d3fc8b0 mode 2

Classes unloaded (7 events):
Event: 1.339 Thread 0x000001617c5924c0 Unloading class 0x000000010024c400 'java/lang/invoke/LambdaForm$MH+0x000000010024c400'
Event: 1.339 Thread 0x000001617c5924c0 Unloading class 0x000000010024c000 'java/lang/invoke/LambdaForm$MH+0x000000010024c000'
Event: 1.339 Thread 0x000001617c5924c0 Unloading class 0x000000010024bc00 'java/lang/invoke/LambdaForm$MH+0x000000010024bc00'
Event: 1.339 Thread 0x000001617c5924c0 Unloading class 0x000000010024b800 'java/lang/invoke/LambdaForm$MH+0x000000010024b800'
Event: 1.339 Thread 0x000001617c5924c0 Unloading class 0x000000010024b400 'java/lang/invoke/LambdaForm$BMH+0x000000010024b400'
Event: 1.339 Thread 0x000001617c5924c0 Unloading class 0x000000010024b000 'java/lang/invoke/LambdaForm$DMH+0x000000010024b000'
Event: 1.339 Thread 0x000001617c5924c0 Unloading class 0x0000000100248400 'java/lang/invoke/LambdaForm$DMH+0x0000000100248400'

Classes redefined (0 events):
No events

Internal exceptions (20 events):
Event: 5.739 Thread 0x00000161020178c0 Exception <a 'sun/nio/fs/WindowsException'{0x00000000eac111c8}> (0x00000000eac111c8) 
thrown [s\src\hotspot\share\prims\jni.cpp, line 516]
Event: 5.739 Thread 0x00000161020178c0 Exception <a 'sun/nio/fs/WindowsException'{0x00000000eac1ad68}> (0x00000000eac1ad68) 
thrown [s\src\hotspot\share\prims\jni.cpp, line 516]
Event: 5.742 Thread 0x00000161020178c0 Exception <a 'sun/nio/fs/WindowsException'{0x00000000eac302f0}> (0x00000000eac302f0) 
thrown [s\src\hotspot\share\prims\jni.cpp, line 516]
Event: 5.742 Thread 0x00000161020178c0 Exception <a 'sun/nio/fs/WindowsException'{0x00000000eac34aa8}> (0x00000000eac34aa8) 
thrown [s\src\hotspot\share\prims\jni.cpp, line 516]
Event: 5.742 Thread 0x00000161020178c0 Exception <a 'sun/nio/fs/WindowsException'{0x00000000eac38ed0}> (0x00000000eac38ed0) 
thrown [s\src\hotspot\share\prims\jni.cpp, line 516]
Event: 5.745 Thread 0x00000161020178c0 Exception <a 'sun/nio/fs/WindowsException'{0x00000000eac53b68}> (0x00000000eac53b68) 
thrown [s\src\hotspot\share\prims\jni.cpp, line 516]
Event: 5.745 Thread 0x00000161020178c0 Exception <a 'sun/nio/fs/WindowsException'{0x00000000eac582c8}> (0x00000000eac582c8) 
thrown [s\src\hotspot\share\prims\jni.cpp, line 516]
Event: 5.746 Thread 0x00000161020178c0 Exception <a 'sun/nio/fs/WindowsException'{0x00000000eac5c6a8}> (0x00000000eac5c6a8) 
thrown [s\src\hotspot\share\prims\jni.cpp, line 516]
Event: 5.749 Thread 0x00000161020178c0 Exception <a 'sun/nio/fs/WindowsException'{0x00000000eac71950}> (0x00000000eac71950) 
thrown [s\src\hotspot\share\prims\jni.cpp, line 516]
Event: 5.749 Thread 0x00000161020178c0 Exception <a 'sun/nio/fs/WindowsException'{0x00000000eac76260}> (0x00000000eac76260) 
thrown [s\src\hotspot\share\prims\jni.cpp, line 516]
Event: 5.750 Thread 0x00000161020178c0 Exception <a 'sun/nio/fs/WindowsException'{0x00000000eac7a000}> (0x00000000eac7a000) 
thrown [s\src\hotspot\share\prims\jni.cpp, line 516]
Event: 5.752 Thread 0x00000161020178c0 Exception <a 'sun/nio/fs/WindowsException'{0x00000000eac8e9a8}> (0x00000000eac8e9a8) 
thrown [s\src\hotspot\share\prims\jni.cpp, line 516]
Event: 5.752 Thread 0x00000161020178c0 Exception <a 'sun/nio/fs/WindowsException'{0x00000000eac93200}> (0x00000000eac93200) 
thrown [s\src\hotspot\share\prims\jni.cpp, line 516]
Event: 5.753 Thread 0x00000161020178c0 Exception <a 'sun/nio/fs/WindowsException'{0x00000000eac96fa0}> (0x00000000eac96fa0) 
thrown [s\src\hotspot\share\prims\jni.cpp, line 516]
Event: 5.756 Thread 0x00000161020178c0 Exception <a 'sun/nio/fs/WindowsException'{0x00000000eacaba98}> (0x00000000eacaba98) 
thrown [s\src\hotspot\share\prims\jni.cpp, line 516]
Event: 5.757 Thread 0x00000161020178c0 Exception <a 'sun/nio/fs/WindowsException'{0x00000000eacaff58}> (0x00000000eacaff58) 
thrown [s\src\hotspot\share\prims\jni.cpp, line 516]
Event: 5.757 Thread 0x00000161020178c0 Exception <a 'sun/nio/fs/WindowsException'{0x00000000eacb3bd8}> (0x00000000eacb3bd8) 
thrown [s\src\hotspot\share\prims\jni.cpp, line 516]
Event: 5.824 Thread 0x000001617e6f38c0 Exception <a 'sun/nio/fs/WindowsException'{0x00000000eb1d0cf8}> (0x00000000eb1d0cf8) 
thrown [s\src\hotspot\share\prims\jni.cpp, line 516]
Event: 5.824 Thread 0x000001617e6f38c0 Exception <a 'sun/nio/fs/WindowsException'{0x00000000eb1d1080}> (0x00000000eb1d1080) 
thrown [s\src\hotspot\share\prims\jni.cpp, line 516]
Event: 5.835 Thread 0x00000161020131e0 Exception <a 'java/lang/ArrayIndexOutOfBoundsException'{0x00000000eb4e6a20}> (0x00000000eb4e6a20) 
thrown [s\src\hotspot\share\runtime\sharedRuntime.cpp, line 631]

VM Operations (20 events):
Event: 5.360 Executing VM operation: HandshakeAllThreads
Event: 5.360 Executing VM operation: HandshakeAllThreads done
Event: 5.443 Executing VM operation: HandshakeAllThreads
Event: 5.443 Executing VM operation: HandshakeAllThreads done
Event: 5.484 Executing VM operation: ParallelGCFailedAllocation
Event: 5.486 Executing VM operation: ParallelGCFailedAllocation done
Event: 5.558 Executing VM operation: HandshakeAllThreads
Event: 5.558 Executing VM operation: HandshakeAllThreads done
Event: 5.708 Executing VM operation: ParallelGCFailedAllocation
Event: 5.710 Executing VM operation: ParallelGCFailedAllocation done
Event: 5.814 Executing VM operation: HandshakeAllThreads
Event: 5.814 Executing VM operation: HandshakeAllThreads done
Event: 5.838 Executing VM operation: HandshakeAllThreads
Event: 5.838 Executing VM operation: HandshakeAllThreads done
Event: 5.839 Executing VM operation: HandshakeAllThreads
Event: 5.839 Executing VM operation: HandshakeAllThreads done
Event: 5.870 Executing VM operation: HandshakeAllThreads
Event: 5.871 Executing VM operation: HandshakeAllThreads done
Event: 5.883 Executing VM operation: ParallelGCFailedAllocation
Event: 5.885 Executing VM operation: ParallelGCFailedAllocation done

Events (20 events):
Event: 5.836 loading class java/util/Spliterators$IntArraySpliterator
Event: 5.836 loading class java/util/Spliterators$IntArraySpliterator done
Event: 5.837 loading class java/util/stream/Nodes$IntSpinedNodeBuilder
Event: 5.837 loading class java/util/stream/SpinedBuffer$OfInt
Event: 5.837 loading class java/util/stream/SpinedBuffer$OfPrimitive
Event: 5.837 loading class java/util/stream/SpinedBuffer$OfPrimitive done
Event: 5.837 loading class java/util/stream/SpinedBuffer$OfInt done
Event: 5.838 loading class java/util/stream/Nodes$IntSpinedNodeBuilder done
Event: 5.860 Thread 0x0000016102015040 Thread exited: 0x0000016102015040
Event: 5.860 Thread 0x0000016102016990 Thread exited: 0x0000016102016990
Event: 5.861 Thread 0x0000016102015550 Thread exited: 0x0000016102015550
Event: 5.861 Thread 0x0000016102015a60 Thread exited: 0x0000016102015a60
Event: 5.862 Thread 0x0000016102019210 Thread exited: 0x0000016102019210
Event: 5.862 Thread 0x0000016102014b30 Thread exited: 0x0000016102014b30
Event: 5.863 Thread 0x00000161020173b0 Thread exited: 0x00000161020173b0
Event: 5.865 Thread 0x0000016102015f70 Thread exited: 0x0000016102015f70
Event: 5.865 Thread 0x0000016102014620 Thread exited: 0x0000016102014620
Event: 5.878 loading class java/nio/file/Files$2
Event: 5.878 loading class java/nio/file/Files$2 done
Event: 5.893 Thread 0x0000016102889a50 Thread added: 0x0000016102889a50


Dynamic libraries:
0x00007ff61b2c0000 - 0x00007ff61b2ce000 	c:\Users\mitta\.vscode\extensions\redhat.java-1.28.1-win32-x64\jre\17.0.10-win32-x86_64\bin\java.exe
0x00007ffae6210000 - 0x00007ffae6426000 	C:\WINDOWS\SYSTEM32\ntdll.dll
0x00007ffae4db0000 - 0x00007ffae4e74000 	C:\WINDOWS\System32\KERNEL32.DLL
0x00007ffae3760000 - 0x00007ffae3b06000 	C:\WINDOWS\System32\KERNELBASE.dll
0x00007ffae3cf0000 - 0x00007ffae3e01000 	C:\WINDOWS\System32\ucrtbase.dll
0x00007ffad3340000 - 0x00007ffad3357000 	c:\Users\mitta\.vscode\extensions\redhat.java-1.28.1-win32-x64\jre\17.0.10-win32-x86_64\bin\jli.dll
0x00007ffae5e10000 - 0x00007ffae5fbd000 	C:\WINDOWS\System32\USER32.dll
0x00007ffab9cb0000 - 0x00007ffab9ccb000 	c:\Users\mitta\.vscode\extensions\redhat.java-1.28.1-win32-x64\jre\17.0.10-win32-x86_64\bin\VCRUNTIME140.dll
0x00007ffae3730000 - 0x00007ffae3756000 	C:\WINDOWS\System32\win32u.dll
0x00007ffae4930000 - 0x00007ffae4959000 	C:\WINDOWS\System32\GDI32.dll
0x00007ffabef70000 - 0x00007ffabf203000 	C:\WINDOWS\WinSxS\amd64_microsoft.windows.common-controls_6595b64144ccf1df_6.0.22621.3139_none_270f19e5738675cb\COMCTL32.dll
0x00007ffae3540000 - 0x00007ffae3658000 	C:\WINDOWS\System32\gdi32full.dll
0x00007ffae6120000 - 0x00007ffae61c7000 	C:\WINDOWS\System32\msvcrt.dll
0x00007ffae3690000 - 0x00007ffae372a000 	C:\WINDOWS\System32\msvcp_win.dll
0x00007ffae4c60000 - 0x00007ffae4c91000 	C:\WINDOWS\System32\IMM32.DLL
0x00007ffab93a0000 - 0x00007ffab93ac000 	c:\Users\mitta\.vscode\extensions\redhat.java-1.28.1-win32-x64\jre\17.0.10-win32-x86_64\bin\vcruntime140_1.dll
0x00007ffa7a500000 - 0x00007ffa7a58d000 	c:\Users\mitta\.vscode\extensions\redhat.java-1.28.1-win32-x64\jre\17.0.10-win32-x86_64\bin\msvcp140.dll
0x00007ffa2b9a0000 - 0x00007ffa2c602000 	c:\Users\mitta\.vscode\extensions\redhat.java-1.28.1-win32-x64\jre\17.0.10-win32-x86_64\bin\server\jvm.dll
0x00007ffae4e80000 - 0x00007ffae4f32000 	C:\WINDOWS\System32\ADVAPI32.dll
0x00007ffae4780000 - 0x00007ffae4828000 	C:\WINDOWS\System32\sechost.dll
0x00007ffae3660000 - 0x00007ffae3688000 	C:\WINDOWS\System32\bcrypt.dll
0x00007ffae4b40000 - 0x00007ffae4c55000 	C:\WINDOWS\System32\RPCRT4.dll
0x00007ffae23d0000 - 0x00007ffae241d000 	C:\WINDOWS\SYSTEM32\POWRPROF.dll
0x00007ffad3f00000 - 0x00007ffad3f09000 	C:\WINDOWS\SYSTEM32\WSOCK32.dll
0x00007ffae4830000 - 0x00007ffae48a1000 	C:\WINDOWS\System32\WS2_32.dll
0x00007ffadab70000 - 0x00007ffadaba4000 	C:\WINDOWS\SYSTEM32\WINMM.dll
0x00007ffad7930000 - 0x00007ffad793a000 	C:\WINDOWS\SYSTEM32\VERSION.dll
0x00007ffae23b0000 - 0x00007ffae23c3000 	C:\WINDOWS\SYSTEM32\UMPDC.dll
0x00007ffae2670000 - 0x00007ffae2688000 	C:\WINDOWS\SYSTEM32\kernel.appcore.dll
0x00007ffab9390000 - 0x00007ffab939a000 	c:\Users\mitta\.vscode\extensions\redhat.java-1.28.1-win32-x64\jre\17.0.10-win32-x86_64\bin\jimage.dll
0x00007ffae0950000 - 0x00007ffae0b83000 	C:\WINDOWS\SYSTEM32\DBGHELP.DLL
0x00007ffae42f0000 - 0x00007ffae4678000 	C:\WINDOWS\System32\combase.dll
0x00007ffae5fc0000 - 0x00007ffae6097000 	C:\WINDOWS\System32\OLEAUT32.dll
0x00007ffad4a50000 - 0x00007ffad4a82000 	C:\WINDOWS\SYSTEM32\dbgcore.DLL
0x00007ffae3e10000 - 0x00007ffae3e8a000 	C:\WINDOWS\System32\bcryptPrimitives.dll
0x00007ffab66a0000 - 0x00007ffab66ae000 	c:\Users\mitta\.vscode\extensions\redhat.java-1.28.1-win32-x64\jre\17.0.10-win32-x86_64\bin\instrument.dll
0x00007ffab1da0000 - 0x00007ffab1dc5000 	c:\Users\mitta\.vscode\extensions\redhat.java-1.28.1-win32-x64\jre\17.0.10-win32-x86_64\bin\java.dll
0x00007ffaadef0000 - 0x00007ffaadf08000 	c:\Users\mitta\.vscode\extensions\redhat.java-1.28.1-win32-x64\jre\17.0.10-win32-x86_64\bin\zip.dll
0x00007ffae5060000 - 0x00007ffae58bc000 	C:\WINDOWS\System32\SHELL32.dll
0x00007ffae14b0000 - 0x00007ffae1da9000 	C:\WINDOWS\SYSTEM32\windows.storage.dll
0x00007ffae1370000 - 0x00007ffae14ae000 	C:\WINDOWS\SYSTEM32\wintypes.dll
0x00007ffae4ca0000 - 0x00007ffae4d93000 	C:\WINDOWS\System32\SHCORE.dll
0x00007ffae58c0000 - 0x00007ffae591e000 	C:\WINDOWS\System32\shlwapi.dll
0x00007ffae3470000 - 0x00007ffae3496000 	C:\WINDOWS\SYSTEM32\profapi.dll
0x00007ffaaded0000 - 0x00007ffaadee9000 	C:\Users\mitta\.vscode\extensions\redhat.java-1.28.1-win32-x64\jre\17.0.10-win32-x86_64\bin\net.dll
0x00007ffadd3c0000 - 0x00007ffadd4f7000 	C:\WINDOWS\SYSTEM32\WINHTTP.dll
0x00007ffae2af0000 - 0x00007ffae2b59000 	C:\WINDOWS\system32\mswsock.dll
0x00007ffaadeb0000 - 0x00007ffaadec6000 	C:\Users\mitta\.vscode\extensions\redhat.java-1.28.1-win32-x64\jre\17.0.10-win32-x86_64\bin\nio.dll
0x00007ffab63a0000 - 0x00007ffab63b0000 	c:\Users\mitta\.vscode\extensions\redhat.java-1.28.1-win32-x64\jre\17.0.10-win32-x86_64\bin\verify.dll
0x00007ffaadc90000 - 0x00007ffaadcce000 	C:\Users\mitta\AppData\Roaming\Code\User\globalStorage\redhat.java\1.28.1\config_win\org.eclipse.equinox.launcher\org.eclipse.equinox.launcher.win32.win32.x86_64_1.2.900.v20240129-1338\eclipse_11900.dll
0x00007ffae4140000 - 0x00007ffae42e5000 	C:\WINDOWS\System32\ole32.dll
0x00007ffae2d40000 - 0x00007ffae2d5b000 	C:\WINDOWS\SYSTEM32\CRYPTSP.dll
0x00007ffae25d0000 - 0x00007ffae2605000 	C:\WINDOWS\system32\rsaenh.dll
0x00007ffae2be0000 - 0x00007ffae2c0c000 	C:\WINDOWS\SYSTEM32\USERENV.dll
0x00007ffae2d60000 - 0x00007ffae2d6c000 	C:\WINDOWS\SYSTEM32\CRYPTBASE.dll
0x00007ffae2080000 - 0x00007ffae20ad000 	C:\WINDOWS\SYSTEM32\IPHLPAPI.DLL
0x00007ffae4da0000 - 0x00007ffae4da9000 	C:\WINDOWS\System32\NSI.dll
0x00007ffadd260000 - 0x00007ffadd279000 	C:\WINDOWS\SYSTEM32\dhcpcsvc6.DLL
0x00007ffadd240000 - 0x00007ffadd25f000 	C:\WINDOWS\SYSTEM32\dhcpcsvc.DLL
0x00007ffae20f0000 - 0x00007ffae21e9000 	C:\WINDOWS\SYSTEM32\DNSAPI.dll
0x00007ffa7a4b0000 - 0x00007ffa7a4f5000 	C:\Users\mitta\AppData\Local\Temp\jna-103907013\jna9023059810851605.dll
0x00007ffae4ff0000 - 0x00007ffae4ff8000 	C:\WINDOWS\System32\PSAPI.DLL

dbghelp: loaded successfully - version: 4.0.5 - missing functions: none
symbol engine: initialized successfully - sym options: 0x614 - pdb path: .;c:\Users\mitta\.vscode\extensions\redhat.java-1.28.1-win32-x64\jre\17.0.10-win32-x86_64\bin;C:\WINDOWS\SYSTEM32;C:\WINDOWS\WinSxS\amd64_microsoft.windows.common-controls_6595b64144ccf1df_6.0.22621.3139_none_270f19e5738675cb;c:\Users\mitta\.vscode\extensions\redhat.java-1.28.1-win32-x64\jre\17.0.10-win32-x86_64\bin\server;C:\Users\mitta\AppData\Roaming\Code\User\globalStorage\redhat.java\1.28.1\config_win\org.eclipse.equinox.launcher\org.eclipse.equinox.launcher.win32.win32.x86_64_1.2.900.v20240129-1338;C:\Users\mitta\AppData\Local\Temp\jna-103907013

VM Arguments:
jvm_args: --add-modules=ALL-SYSTEM --add-opens=java.base/java.util=ALL-UNNAMED --add-opens=java.base/java.lang=ALL-UNNAMED --add-opens=java.base/sun.nio.fs=ALL-UNNAMED -Declipse.application=org.eclipse.jdt.ls.core.id1 -Dosgi.bundles.defaultStartLevel=4 -Declipse.product=org.eclipse.jdt.ls.core.product -Djava.import.generatesMetadataFilesAtProjectRoot=false -DDetectVMInstallationsJob.disabled=true -Dfile.encoding=utf8 -XX:+UseParallelGC -XX:GCTimeRatio=4 -XX:AdaptiveSizePolicyWeight=90 -Dsun.zip.disableMemoryMapping=true -Xmx1G -Xms100m -Xlog:disable -javaagent:c:\Users\mitta\.vscode\extensions\redhat.java-1.28.1-win32-x64\lombok\lombok-1.18.31.jar -XX:+HeapDumpOnOutOfMemoryError -XX:HeapDumpPath=c:\Users\mitta\AppData\Roaming\Code\User\workspaceStorage\a692e1cf0e494f24f55278b0b71f1011\redhat.java -Daether.dependencyCollector.impl=bf 
java_command: c:\Users\mitta\.vscode\extensions\redhat.java-1.28.1-win32-x64\server\plugins\org.eclipse.equinox.launcher_1.6.700.v20231214-2017.jar -configuration c:\Users\mitta\AppData\Roaming\Code\User\globalStorage\redhat.java\1.28.1\config_win -data c:\Users\mitta\AppData\Roaming\Code\User\workspaceStorage\a692e1cf0e494f24f55278b0b71f1011\redhat.java\jdt_ws --stdio
java_class_path (initial): c:\Users\mitta\.vscode\extensions\redhat.java-1.28.1-win32-x64\server\plugins\org.eclipse.equinox.launcher_1.6.700.v20231214-2017.jar
Launcher Type: SUN_STANDARD

[Global flags]
    uintx AdaptiveSizePolicyWeight                 = 90                                        {product} {command line}
     intx CICompilerCount                          = 4                                         {product} {ergonomic}
    uintx GCTimeRatio                              = 4                                         {product} {command line}
     bool HeapDumpOnOutOfMemoryError               = true                                   {manageable} {command line}
    ccstr HeapDumpPath                             = c:\Users\mitta\AppData\Roaming\Code\User\workspaceStorage\a692e1cf0e494f24f55278b0b71f1011\redhat.java         {manageable} {command line}
   size_t InitialHeapSize                          = 104857600                                 {product} {command line}
   size_t MaxHeapSize                              = 1073741824                                {product} {command line}
   size_t MaxNewSize                               = 357564416                                 {product} {ergonomic}
   size_t MinHeapDeltaBytes                        = 524288                                    {product} {ergonomic}
   size_t MinHeapSize                              = 104857600                                 {product} {command line}
   size_t NewSize                                  = 34603008                                  {product} {ergonomic}
    uintx NonNMethodCodeHeapSize                   = 5839372                                {pd product} {ergonomic}
    uintx NonProfiledCodeHeapSize                  = 122909434                              {pd product} {ergonomic}
   size_t OldSize                                  = 70254592                                  {product} {ergonomic}
    uintx ProfiledCodeHeapSize                     = 122909434                              {pd product} {ergonomic}
    uintx ReservedCodeCacheSize                    = 251658240                              {pd product} {ergonomic}
     bool SegmentedCodeCache                       = true                                      {product} {ergonomic}
   size_t SoftMaxHeapSize                          = 1073741824                             {manageable} {ergonomic}
     bool UseCompressedClassPointers               = true                           {product lp64_product} {ergonomic}
     bool UseCompressedOops                        = true                           {product lp64_product} {ergonomic}
     bool UseLargePagesIndividualAllocation        = false                                  {pd product} {ergonomic}
     bool UseParallelGC                            = true                                      {product} {command line}

Logging:
Log output configuration:
 #0: stdout all=off uptime,level,tags
 #1: stderr all=off uptime,level,tags

Environment Variables:
JAVA_HOME=C:\Program Files\Java\jdk-19
PATH=C:\Program Files\Eclipse Adoptium\jdk-17.0.7.7-hotspot\bin;C:\Program Files\Common Files\Oracle\Java\javapath;C:\Program Files (x86)\Common Files\Oracle\Java\javapath;C:\Windows\system32;C:\Windows;C:\Windows\System32\Wbem;C:\Windows\System32\WindowsPowerShell\v1.0\;C:\Windows\System32\OpenSSH\;C:\Program Files (x86)\NVIDIA Corporation\PhysX\Common;C:\Program Files\NVIDIA Corporation\NVIDIA NvDLISR;C:\msys64\mingw64\bin;C:\WINDOWS\system32;C:\WINDOWS;C:\WINDOWS\System32\Wbem;C:\WINDOWS\System32\WindowsPowerShell\v1.0\;C:\WINDOWS\System32\OpenSSH\;C:\Program Files\nodejs\;C:\Program Files\Git\cmd;C:\Program Files\dotnet\;C:\Program Files\Microsoft SQL Server\Client SDK\ODBC\170\Tools\Binn\;C:\Program Files\Microsoft SQL Server\150\Tools\Binn\;C:\Program Files (x86)\Microsoft SQL Server\160\DTS\Binn\;C:\Program Files\Azure Data Studio\bin;C:\Users\mitta\AppData\Local\Microsoft\WindowsApps;C:\Users\mitta\AppData\Local\Programs\Microsoft VS Code\bin;C:\Users\mitta\AppData\Roaming\npm;C:\Program Files\Java\jdk-19\bin;C:\Users\mitta\Downloads\flutter_windows_3.10.2-stable\flutter\bin;C:\Users\mitta\AppData\Local\Programs\Python\Python311;C:\ChromeDriver;C:\Users\mitta\.dotnet\tools;C:\Users\mitta\AppData\Local\GitHubDesktop\bin;C:\Users\mitta\AppData\Local\Programs\Azure Dev CLI\;C:\Program Files\Azure Data Studio\bin;C:\Users\mitta\AppData\Local\Programs\Azure Data Studio\bin
USERNAME=mitta
OS=Windows_NT
PROCESSOR_IDENTIFIER=Intel64 Family 6 Model 140 Stepping 2, GenuineIntel
TMP=C:\Users\mitta\AppData\Local\Temp
TEMP=C:\Users\mitta\AppData\Local\Temp



Periodic native trim disabled


---------------  S Y S T E M  ---------------

OS:
 Windows 11 , 64 bit Build 22621 (10.0.22621.3139)
OS uptime: 0 days 15:14 hours

CPU: total 8 (initial active 8) (4 cores per cpu, 2 threads per core) family 6 model 140 stepping 2 microcode 0x16, cx8, cmov, fxsr, ht, mmx, 3dnowpref, sse, sse2, sse3, ssse3, sse4.1, sse4.2, popcnt, lzcnt, tsc, tscinvbit, avx, avx2, aes, erms, clmul, bmi1, bmi2, adx, avx512f, avx512dq, avx512cd, avx512bw, avx512vl, sha, fma, vzeroupper, avx512_vpopcntdq, avx512_vpclmulqdq, avx512_vaes, avx512_vnni, clflush, clflushopt, clwb, avx512_vbmi2, avx512_vbmi
Processor Information for all 8 processors :
  Max Mhz: 3187, Current Mhz: 3187, Mhz Limit: 3187

Memory: 4k page, system-wide physical 7975M (429M free)
TotalPageFile size 32551M (AvailPageFile size 1M)
current process WorkingSet (physical memory assigned to process): 262M, peak: 266M
current process commit charge ("private bytes"): 336M, peak: 342M

vm_info: OpenJDK 64-Bit Server VM (17.0.10+7) for windows-amd64 JRE (17.0.10+7), built on Jan 16 2024 23:25:11 by "admin" with MS VC++ 16.10 / 16.11 (VS2019)

END.
