#
# There is insufficient memory for the Java Runtime Environment to continue.
# Native memory allocation (malloc) failed to allocate 560576 bytes for Chunk::new
# Possible reasons:
#   The system is out of physical RAM or swap space
#   The process is running with CompressedOops enabled, and the Java Heap may be blocking the growth of the native heap
# Possible solutions:
#   Reduce memory load on the system
#   Increase physical memory or swap space
#   Check if swap backing store is full
#   Decrease Java heap size (-Xmx/-Xms)
#   Decrease number of Java threads
#   Decrease Java thread stack sizes (-Xss)
#   Set larger code cache with -XX:ReservedCodeCacheSize=
#   JVM is running with Unscaled Compressed Oops mode in which the Java heap is
#     placed in the first 4GB address space. The Java Heap base address is the
#     maximum limit for the native heap growth. Please use -XX:HeapBaseMinAddress
#     to set the Java Heap base and to place the Java Heap above 4GB virtual address.
# This output file may be truncated or incomplete.
#
#  Out of Memory Error (arena.cpp:191), pid=1908, tid=19964
#
# JRE version: OpenJDK Runtime Environment Temurin-17.0.10+7 (17.0.10+7) (build 17.0.10+7)
# Java VM: OpenJDK 64-Bit Server VM Temurin-17.0.10+7 (17.0.10+7, mixed mode, tiered, compressed oops, compressed class ptrs, parallel gc, windows-amd64)
# No core dump will be written. Minidumps are not enabled by default on client versions of Windows
#

---------------  S U M M A R Y ------------

Command Line: --add-modules=ALL-SYSTEM --add-opens=java.base/java.util=ALL-UNNAMED --add-opens=java.base/java.lang=ALL-UNNAMED --add-opens=java.base/sun.nio.fs=ALL-UNNAMED -Declipse.application=org.eclipse.jdt.ls.core.id1 -Dosgi.bundles.defaultStartLevel=4 -Declipse.product=org.eclipse.jdt.ls.core.product -Djava.import.generatesMetadataFilesAtProjectRoot=false -DDetectVMInstallationsJob.disabled=true -Dfile.encoding=utf8 -XX:+UseParallelGC -XX:GCTimeRatio=4 -XX:AdaptiveSizePolicyWeight=90 -Dsun.zip.disableMemoryMapping=true -Xmx1G -Xms100m -Xlog:disable -javaagent:c:\Users\mitta\.vscode\extensions\redhat.java-1.28.1-win32-x64\lombok\lombok-1.18.31.jar -XX:+HeapDumpOnOutOfMemoryError -XX:HeapDumpPath=c:\Users\mitta\AppData\Roaming\Code\User\workspaceStorage\a692e1cf0e494f24f55278b0b71f1011\redhat.java -Daether.dependencyCollector.impl=bf c:\Users\mitta\.vscode\extensions\redhat.java-1.28.1-win32-x64\server\plugins\org.eclipse.equinox.launcher_1.6.700.v20231214-2017.jar -configuration c:\Users\mitta\AppData\Roaming\Code\User\globalStorage\redhat.java\1.28.1\config_win -data c:\Users\mitta\AppData\Roaming\Code\User\workspaceStorage\a692e1cf0e494f24f55278b0b71f1011\redhat.java\jdt_ws --stdio

Host: 11th Gen Intel(R) Core(TM) i5-11320H @ 3.20GHz, 8 cores, 7G,  Windows 11 , 64 bit Build 22621 (10.0.22621.3139)
Time: Thu Mar  7 11:29:10 2024 India Standard Time elapsed time: 0.945316 seconds (0d 0h 0m 0s)

---------------  T H R E A D  ---------------

Current thread (0x000001ffe15ac010):  JavaThread "C2 CompilerThread1" daemon [_thread_in_native, id=19964, stack(0x0000003703600000,0x0000003703700000)]


Current CompileTask:
C2:    945 1494       4       java.io.WinNTFileSystem::normalize (143 bytes)

Stack: [0x0000003703600000,0x0000003703700000]
Native frames: (J=compiled Java code, j=interpreted, Vv=VM code, C=native code)
V  [jvm.dll+0x67d2c9]
V  [jvm.dll+0x834afa]
V  [jvm.dll+0x8365be]
V  [jvm.dll+0x836c23]
V  [jvm.dll+0x2477ff]
V  [jvm.dll+0xac514]
V  [jvm.dll+0xacb5c]
V  [jvm.dll+0x3667d7]
V  [jvm.dll+0x1bcf72]
V  [jvm.dll+0x21a049]
V  [jvm.dll+0x219311]
V  [jvm.dll+0x1a502d]
V  [jvm.dll+0x2290de]
V  [jvm.dll+0x2272ac]
V  [jvm.dll+0x7e9bb7]
V  [jvm.dll+0x7e3fba]
V  [jvm.dll+0x67c1b5]
C  [ucrtbase.dll+0x29363]
C  [KERNEL32.DLL+0x1257d]
C  [ntdll.dll+0x5aa58]


---------------  P R O C E S S  ---------------

Threads class SMR info:
_java_thread_list=0x000001ffe2ee7d00, length=16, elements={
0x000001ffc831ec40, 0x000001ffe1284010, 0x000001ffe1286380, 0x000001ffe129fe70,
0x000001ffe12a0a30, 0x000001ffe12a1c00, 0x000001ffe12a3470, 0x000001ffe12aaf50,
0x000001ffe12b3920, 0x000001ffe12b4e20, 0x000001ffe13e6400, 0x000001ffe15ac010,
0x000001ffe15d1600, 0x000001ffe263e3b0, 0x000001ffe2af7ba0, 0x000001ffe2b92270
}

Java Threads: ( => current thread )
  0x000001ffc831ec40 JavaThread "main" [_thread_in_Java, id=20452, stack(0x0000003702900000,0x0000003702a00000)]
  0x000001ffe1284010 JavaThread "Reference Handler" daemon [_thread_blocked, id=4032, stack(0x0000003702c00000,0x0000003702d00000)]
  0x000001ffe1286380 JavaThread "Finalizer" daemon [_thread_blocked, id=14384, stack(0x0000003702d00000,0x0000003702e00000)]
  0x000001ffe129fe70 JavaThread "Signal Dispatcher" daemon [_thread_blocked, id=6324, stack(0x0000003702e00000,0x0000003702f00000)]
  0x000001ffe12a0a30 JavaThread "Attach Listener" daemon [_thread_blocked, id=15740, stack(0x0000003702f00000,0x0000003703000000)]
  0x000001ffe12a1c00 JavaThread "Service Thread" daemon [_thread_blocked, id=14876, stack(0x0000003703000000,0x0000003703100000)]
  0x000001ffe12a3470 JavaThread "Monitor Deflation Thread" daemon [_thread_blocked, id=14492, stack(0x0000003703100000,0x0000003703200000)]
  0x000001ffe12aaf50 JavaThread "C2 CompilerThread0" daemon [_thread_in_native, id=22648, stack(0x0000003703200000,0x0000003703300000)]
  0x000001ffe12b3920 JavaThread "C1 CompilerThread0" daemon [_thread_blocked, id=24168, stack(0x0000003703300000,0x0000003703400000)]
  0x000001ffe12b4e20 JavaThread "Sweeper thread" daemon [_thread_blocked, id=17900, stack(0x0000003703400000,0x0000003703500000)]
  0x000001ffe13e6400 JavaThread "Common-Cleaner" daemon [_thread_blocked, id=9672, stack(0x0000003703500000,0x0000003703600000)]
=>0x000001ffe15ac010 JavaThread "C2 CompilerThread1" daemon [_thread_in_native, id=19964, stack(0x0000003703600000,0x0000003703700000)]
  0x000001ffe15d1600 JavaThread "Notification Thread" daemon [_thread_blocked, id=8404, stack(0x0000003703700000,0x0000003703800000)]
  0x000001ffe263e3b0 JavaThread "C2 CompilerThread2" daemon [_thread_in_native, id=2652, stack(0x0000003703900000,0x0000003703a00000)]
  0x000001ffe2af7ba0 JavaThread "Active Thread: Equinox Container: 7225c5de-5821-4413-8f20-6232d91e3272" [_thread_blocked, id=20960, stack(0x0000003704000000,0x0000003704100000)]
  0x000001ffe2b92270 JavaThread "Framework Event Dispatcher: Equinox Container: 7225c5de-5821-4413-8f20-6232d91e3272" daemon [_thread_new, id=21896, stack(0x0000000000000000,0x0000000000000000)]

Other Threads:
  0x000001ffc83bec40 VMThread "VM Thread" [stack: 0x0000003702b00000,0x0000003702c00000] [id=14360]
  0x000001ffe15d1ae0 WatcherThread [stack: 0x0000003703800000,0x0000003703900000] [id=10948]
  0x000001ffc8332b20 GCTaskThread "GC Thread#0" [stack: 0x0000003702a00000,0x0000003702b00000] [id=7352]
  0x000001ffe2e671c0 GCTaskThread "GC Thread#1" [stack: 0x0000003703a00000,0x0000003703b00000] [id=21004]
  0x000001ffe267b3a0 GCTaskThread "GC Thread#2" [stack: 0x0000003703b00000,0x0000003703c00000] [id=13232]
  0x000001ffe2e56780 GCTaskThread "GC Thread#3" [stack: 0x0000003703c00000,0x0000003703d00000] [id=20748]
  0x000001ffe2e56a40 GCTaskThread "GC Thread#4" [stack: 0x0000003703d00000,0x0000003703e00000] [id=21772]
  0x000001ffe2e56d00 GCTaskThread "GC Thread#5" [stack: 0x0000003703e00000,0x0000003703f00000] [id=15272]
  0x000001ffe279a6c0 GCTaskThread "GC Thread#6" [stack: 0x0000003703f00000,0x0000003704000000] [id=22064]

Threads with active compile tasks:
C2 CompilerThread0      965 1535       4       java.lang.StringLatin1::regionMatchesCI (98 bytes)
C2 CompilerThread1      965 1494       4       java.io.WinNTFileSystem::normalize (143 bytes)
C2 CompilerThread2      965 1537       4       org.eclipse.osgi.internal.framework.EquinoxBundle::getLocation (21 bytes)

VM state: not at safepoint (normal execution)

VM Mutex/Monitor currently owned by a thread: None

Heap address: 0x00000000c0000000, size: 1024 MB, Compressed Oops mode: 32-bit

CDS archive(s) not mapped
Compressed class space mapped at: 0x0000000100000000-0x0000000140000000, reserved size: 1073741824
Narrow klass base: 0x0000000000000000, Narrow klass shift: 3, Narrow klass range: 0x140000000

GC Precious Log:
 CPUs: 8 total, 8 available
 Memory: 7975M
 Large Page Support: Disabled
 NUMA Support: Disabled
 Compressed Oops: Enabled (32-bit)
 Alignments: Space 512K, Generation 512K, Heap 2M
 Heap Min Capacity: 100M
 Heap Initial Capacity: 100M
 Heap Max Capacity: 1G
 Pre-touch: Disabled
 Parallel Workers: 8

Heap:
 PSYoungGen      total 29696K, used 24207K [0x00000000eab00000, 0x00000000ecc00000, 0x0000000100000000)
  eden space 25600K, 82% used [0x00000000eab00000,0x00000000ebf8eb18,0x00000000ec400000)
  from space 4096K, 77% used [0x00000000ec400000,0x00000000ec715150,0x00000000ec800000)
  to   space 4096K, 0% used [0x00000000ec800000,0x00000000ec800000,0x00000000ecc00000)
 ParOldGen       total 68608K, used 16K [0x00000000c0000000, 0x00000000c4300000, 0x00000000eab00000)
  object space 68608K, 0% used [0x00000000c0000000,0x00000000c0004000,0x00000000c4300000)
 Metaspace       used 13806K, committed 14016K, reserved 1114112K
  class space    used 1368K, committed 1472K, reserved 1048576K

Card table byte_map: [0x000001ffc7cd0000,0x000001ffc7ee0000] _byte_map_base: 0x000001ffc76d0000

Marking Bits: (ParMarkBitMap*) 0x00007ffa2c53d7d0
 Begin Bits: [0x000001ffd9fa0000, 0x000001ffdafa0000)
 End Bits:   [0x000001ffdafa0000, 0x000001ffdbfa0000)

Polling page: 0x000001ffc7ac0000

Metaspace:

Usage:
  Non-class:     12.15 MB used.
      Class:      1.34 MB used.
       Both:     13.48 MB used.

Virtual space:
  Non-class space:       64.00 MB reserved,      12.25 MB ( 19%) committed,  1 nodes.
      Class space:        1.00 GB reserved,       1.44 MB ( <1%) committed,  1 nodes.
             Both:        1.06 GB reserved,      13.69 MB (  1%) committed. 

Chunk freelists:
   Non-Class:  3.31 MB
       Class:  14.48 MB
        Both:  17.79 MB

MaxMetaspaceSize: unlimited
CompressedClassSpaceSize: 1.00 GB
Initial GC threshold: 21.00 MB
Current GC threshold: 21.00 MB
CDS: off
MetaspaceReclaimPolicy: balanced
 - commit_granule_bytes: 65536.
 - commit_granule_words: 8192.
 - virtual_space_node_default_size: 8388608.
 - enlarge_chunks_in_place: 1.
 - new_chunks_are_fully_committed: 0.
 - uncommit_free_chunks: 1.
 - use_allocation_guard: 0.
 - handle_deallocations: 1.


Internal statistics:

num_allocs_failed_limit: 0.
num_arena_births: 54.
num_arena_deaths: 0.
num_vsnodes_births: 2.
num_vsnodes_deaths: 0.
num_space_committed: 219.
num_space_uncommitted: 0.
num_chunks_returned_to_freelist: 0.
num_chunks_taken_from_freelist: 223.
num_chunk_merges: 0.
num_chunk_splits: 149.
num_chunks_enlarged: 120.
num_inconsistent_stats: 0.

CodeHeap 'non-profiled nmethods': size=120000Kb used=692Kb max_used=692Kb free=119307Kb
 bounds [0x000001ffd2a70000, 0x000001ffd2ce0000, 0x000001ffd9fa0000]
CodeHeap 'profiled nmethods': size=120000Kb used=2826Kb max_used=2826Kb free=117173Kb
 bounds [0x000001ffcafa0000, 0x000001ffcb270000, 0x000001ffd24d0000]
CodeHeap 'non-nmethods': size=5760Kb used=1167Kb max_used=1199Kb free=4593Kb
 bounds [0x000001ffd24d0000, 0x000001ffd2740000, 0x000001ffd2a70000]
 total_blobs=1997 nmethods=1547 adapters=364
 compilation: enabled
              stopped_count=0, restarted_count=0
 full_count=0

Compilation events (20 events):
Event: 0.917 Thread 0x000001ffe12b3920 1511       3       java.lang.String::<init> (10 bytes)
Event: 0.917 Thread 0x000001ffe12b3920 nmethod 1511 0x000001ffcb24be90 code [0x000001ffcb24c040, 0x000001ffcb24c188]
Event: 0.917 Thread 0x000001ffe12b3920 1513       3       java.io.File::<init> (111 bytes)
Event: 0.918 Thread 0x000001ffe12b3920 nmethod 1513 0x000001ffcb24c290 code [0x000001ffcb24c540, 0x000001ffcb24ced8]
Event: 0.922 Thread 0x000001ffe12b3920 1514       3       org.eclipse.osgi.internal.framework.EquinoxConfiguration::getProperty (9 bytes)
Event: 0.923 Thread 0x000001ffe12b3920 nmethod 1514 0x000001ffcb24d290 code [0x000001ffcb24d560, 0x000001ffcb24e318]
Event: 0.923 Thread 0x000001ffe12b3920 1515       3       org.eclipse.osgi.internal.framework.EquinoxConfiguration$ConfigValues::getProperty (31 bytes)
Event: 0.923 Thread 0x000001ffe12aaf50 nmethod 1509 0x000001ffd2b17290 code [0x000001ffd2b17440, 0x000001ffd2b17d18]
Event: 0.924 Thread 0x000001ffe12b3920 nmethod 1515 0x000001ffcb24e810 code [0x000001ffcb24ebc0, 0x000001ffcb250268]
Event: 0.924 Thread 0x000001ffe12b3920 1516       3       java.net.URLStreamHandler::<init> (5 bytes)
Event: 0.924 Thread 0x000001ffe12b3920 nmethod 1516 0x000001ffcb250990 code [0x000001ffcb250b20, 0x000001ffcb250c78]
Event: 0.927 Thread 0x000001ffe12b3920 1517       3       org.eclipse.core.runtime.adaptor.EclipseStarter::createURL (52 bytes)
Event: 0.928 Thread 0x000001ffe12b3920 nmethod 1517 0x000001ffcb250d10 code [0x000001ffcb250fc0, 0x000001ffcb251c88]
Event: 0.928 Thread 0x000001ffe12b3920 1518       3       org.eclipse.osgi.storage.url.reference.Handler::<init> (35 bytes)
Event: 0.928 Thread 0x000001ffe12b3920 nmethod 1518 0x000001ffcb252290 code [0x000001ffcb252480, 0x000001ffcb252978]
Event: 0.932 Thread 0x000001ffe12b3920 1519       3       sun.net.www.protocol.file.Handler::parseURL (18 bytes)
Event: 0.933 Thread 0x000001ffe12b3920 nmethod 1519 0x000001ffcb252b90 code [0x000001ffcb252d40, 0x000001ffcb252ef8]
Event: 0.935 Thread 0x000001ffe12aaf50 1520       4       java.io.WinNTFileSystem::normalize (224 bytes)
Event: 0.941 Thread 0x000001ffe12b3920 1521       3       java.net.URL::<init> (11 bytes)
Event: 0.942 Thread 0x000001ffe12b3920 nmethod 1521 0x000001ffcb253010 code [0x000001ffcb2531c0, 0x000001ffcb253308]

GC Heap History (2 events):
Event: 0.523 GC heap before
{Heap before GC invocations=1 (full 0):
 PSYoungGen      total 29696K, used 25600K [0x00000000eab00000, 0x00000000ecc00000, 0x0000000100000000)
  eden space 25600K, 100% used [0x00000000eab00000,0x00000000ec400000,0x00000000ec400000)
  from space 4096K, 0% used [0x00000000ec800000,0x00000000ec800000,0x00000000ecc00000)
  to   space 4096K, 0% used [0x00000000ec400000,0x00000000ec400000,0x00000000ec800000)
 ParOldGen       total 68608K, used 0K [0x00000000c0000000, 0x00000000c4300000, 0x00000000eab00000)
  object space 68608K, 0% used [0x00000000c0000000,0x00000000c0000000,0x00000000c4300000)
 Metaspace       used 10990K, committed 11200K, reserved 1114112K
  class space    used 1096K, committed 1216K, reserved 1048576K
}
Event: 0.528 GC heap after
{Heap after GC invocations=1 (full 0):
 PSYoungGen      total 29696K, used 3156K [0x00000000eab00000, 0x00000000ecc00000, 0x0000000100000000)
  eden space 25600K, 0% used [0x00000000eab00000,0x00000000eab00000,0x00000000ec400000)
  from space 4096K, 77% used [0x00000000ec400000,0x00000000ec715150,0x00000000ec800000)
  to   space 4096K, 0% used [0x00000000ec800000,0x00000000ec800000,0x00000000ecc00000)
 ParOldGen       total 68608K, used 16K [0x00000000c0000000, 0x00000000c4300000, 0x00000000eab00000)
  object space 68608K, 0% used [0x00000000c0000000,0x00000000c0004000,0x00000000c4300000)
 Metaspace       used 10990K, committed 11200K, reserved 1114112K
  class space    used 1096K, committed 1216K, reserved 1048576K
}

Dll operation events (8 events):
Event: 0.007 Loaded shared library c:\Users\mitta\.vscode\extensions\redhat.java-1.28.1-win32-x64\jre\17.0.10-win32-x86_64\bin\java.dll
Event: 0.106 Loaded shared library c:\Users\mitta\.vscode\extensions\redhat.java-1.28.1-win32-x64\jre\17.0.10-win32-x86_64\bin\zip.dll
Event: 0.108 Loaded shared library C:\Users\mitta\.vscode\extensions\redhat.java-1.28.1-win32-x64\jre\17.0.10-win32-x86_64\bin\instrument.dll
Event: 0.118 Loaded shared library C:\Users\mitta\.vscode\extensions\redhat.java-1.28.1-win32-x64\jre\17.0.10-win32-x86_64\bin\net.dll
Event: 0.120 Loaded shared library C:\Users\mitta\.vscode\extensions\redhat.java-1.28.1-win32-x64\jre\17.0.10-win32-x86_64\bin\nio.dll
Event: 0.125 Loaded shared library C:\Users\mitta\.vscode\extensions\redhat.java-1.28.1-win32-x64\jre\17.0.10-win32-x86_64\bin\zip.dll
Event: 0.137 Loaded shared library C:\Users\mitta\.vscode\extensions\redhat.java-1.28.1-win32-x64\jre\17.0.10-win32-x86_64\bin\jimage.dll
Event: 0.169 Loaded shared library c:\Users\mitta\.vscode\extensions\redhat.java-1.28.1-win32-x64\jre\17.0.10-win32-x86_64\bin\verify.dll

Deoptimization events (20 events):
Event: 0.660 Thread 0x000001ffc831ec40 DEOPT PACKING pc=0x000001ffd2a9ab1c sp=0x00000037029f8250
Event: 0.660 Thread 0x000001ffc831ec40 DEOPT UNPACKING pc=0x000001ffd2529ea3 sp=0x00000037029f8200 mode 2
Event: 0.660 Thread 0x000001ffc831ec40 Uncommon trap: trap_request=0xffffffc6 fr.pc=0x000001ffd2a9ab1c relative=0x000000000000027c
Event: 0.660 Thread 0x000001ffc831ec40 Uncommon trap: reason=bimorphic_or_optimized_type_check action=maybe_recompile pc=0x000001ffd2a9ab1c method=java.util.Collections$UnmodifiableCollection$1.next()Ljava/lang/Object; @ 4 c2
Event: 0.660 Thread 0x000001ffc831ec40 DEOPT PACKING pc=0x000001ffd2a9ab1c sp=0x00000037029f8250
Event: 0.660 Thread 0x000001ffc831ec40 DEOPT UNPACKING pc=0x000001ffd2529ea3 sp=0x00000037029f8200 mode 2
Event: 0.835 Thread 0x000001ffc831ec40 Uncommon trap: trap_request=0xffffffde fr.pc=0x000001ffd2ad8e88 relative=0x0000000000000948
Event: 0.835 Thread 0x000001ffc831ec40 Uncommon trap: reason=class_check action=maybe_recompile pc=0x000001ffd2ad8e88 method=java.util.HashMap.putVal(ILjava/lang/Object;Ljava/lang/Object;ZZ)Ljava/lang/Object; @ 253 c2
Event: 0.835 Thread 0x000001ffc831ec40 DEOPT PACKING pc=0x000001ffd2ad8e88 sp=0x00000037029fe080
Event: 0.835 Thread 0x000001ffc831ec40 DEOPT UNPACKING pc=0x000001ffd2529ea3 sp=0x00000037029fe000 mode 2
Event: 0.836 Thread 0x000001ffc831ec40 Uncommon trap: trap_request=0xffffffde fr.pc=0x000001ffd2ad8e88 relative=0x0000000000000948
Event: 0.836 Thread 0x000001ffc831ec40 Uncommon trap: reason=class_check action=maybe_recompile pc=0x000001ffd2ad8e88 method=java.util.HashMap.putVal(ILjava/lang/Object;Ljava/lang/Object;ZZ)Ljava/lang/Object; @ 253 c2
Event: 0.836 Thread 0x000001ffc831ec40 DEOPT PACKING pc=0x000001ffd2ad8e88 sp=0x00000037029fe080
Event: 0.836 Thread 0x000001ffc831ec40 DEOPT UNPACKING pc=0x000001ffd2529ea3 sp=0x00000037029fe000 mode 2
Event: 0.860 Thread 0x000001ffc831ec40 Uncommon trap: trap_request=0xffffff45 fr.pc=0x000001ffd2afe2e0 relative=0x0000000000000060
Event: 0.860 Thread 0x000001ffc831ec40 Uncommon trap: reason=unstable_if action=reinterpret pc=0x000001ffd2afe2e0 method=java.util.LinkedHashMap.afterNodeAccess(Ljava/util/HashMap$Node;)V @ 4 c2
Event: 0.860 Thread 0x000001ffc831ec40 DEOPT PACKING pc=0x000001ffd2afe2e0 sp=0x00000037029fccf0
Event: 0.860 Thread 0x000001ffc831ec40 DEOPT UNPACKING pc=0x000001ffd2529ea3 sp=0x00000037029fcc60 mode 2
Event: 0.935 Thread 0x000001ffc831ec40 DEOPT PACKING pc=0x000001ffcb092343 sp=0x00000037029fe690
Event: 0.935 Thread 0x000001ffc831ec40 DEOPT UNPACKING pc=0x000001ffd252a9e3 sp=0x00000037029fdbb0 mode 0

Classes unloaded (0 events):
No events

Classes redefined (0 events):
No events

Internal exceptions (20 events):
Event: 0.319 Thread 0x000001ffc831ec40 Exception <a 'java/io/FileNotFoundException'{0x00000000eb874570}> (0x00000000eb874570) 
thrown [s\src\hotspot\share\prims\jni.cpp, line 516]
Event: 0.319 Thread 0x000001ffc831ec40 Exception <a 'java/io/FileNotFoundException'{0x00000000eb875230}> (0x00000000eb875230) 
thrown [s\src\hotspot\share\prims\jni.cpp, line 516]
Event: 0.321 Thread 0x000001ffc831ec40 Implicit null exception at 0x000001ffd2a936f2 to 0x000001ffd2a93c68
Event: 0.323 Thread 0x000001ffc831ec40 Exception <a 'java/io/FileNotFoundException'{0x00000000eb8afb00}> (0x00000000eb8afb00) 
thrown [s\src\hotspot\share\prims\jni.cpp, line 516]
Event: 0.467 Thread 0x000001ffc831ec40 Exception <a 'java/lang/ClassNotFoundException'{0x00000000ec0b7568}: sun/net/www/protocol/c/Handler> (0x00000000ec0b7568) 
thrown [s\src\hotspot\share\classfile\systemDictionary.cpp, line 256]
Event: 0.467 Thread 0x000001ffc831ec40 Exception <a 'java/lang/ClassNotFoundException'{0x00000000ec0b8880}: sun/net/www/protocol/c/Handler> (0x00000000ec0b8880) 
thrown [s\src\hotspot\share\classfile\systemDictionary.cpp, line 256]
Event: 0.467 Thread 0x000001ffc831ec40 Exception <a 'java/lang/ClassNotFoundException'{0x00000000ec0b99b8}: sun/net/www/protocol/c/Handler> (0x00000000ec0b99b8) 
thrown [s\src\hotspot\share\classfile\systemDictionary.cpp, line 256]
Event: 0.471 Thread 0x000001ffc831ec40 Exception <a 'java/io/FileNotFoundException'{0x00000000ec0e0900}> (0x00000000ec0e0900) 
thrown [s\src\hotspot\share\prims\jni.cpp, line 516]
Event: 0.487 Thread 0x000001ffc831ec40 Implicit null exception at 0x000001ffd2acd1fb to 0x000001ffd2acdc40
Event: 0.487 Thread 0x000001ffc831ec40 Implicit null exception at 0x000001ffd2abffec to 0x000001ffd2ac01cc
Event: 0.487 Thread 0x000001ffc831ec40 Implicit null exception at 0x000001ffd2ab6a8e to 0x000001ffd2ab6cd0
Event: 0.487 Thread 0x000001ffc831ec40 Implicit null exception at 0x000001ffd2ab448f to 0x000001ffd2ab4505
Event: 0.514 Thread 0x000001ffc831ec40 Exception <a 'java/lang/NoSuchMethodError'{0x00000000ec3b3a30}: 'int java.lang.invoke.DirectMethodHandle$Holder.invokeStaticInit(java.lang.Object, java.lang.Object, java.lang.Object, java.lang.Object)'> (0x00000000ec3b3a30) 
thrown [s\src\hotspot\share\interpreter\linkResolver.cpp, line 759]
Event: 0.515 Thread 0x000001ffc831ec40 Exception <a 'java/lang/NoSuchMethodError'{0x00000000ec3be0a0}: 'java.lang.Object java.lang.invoke.DirectMethodHandle$Holder.invokeInterface(java.lang.Object, java.lang.Object)'> (0x00000000ec3be0a0) 
thrown [s\src\hotspot\share\interpreter\linkResolver.cpp, line 759]
Event: 0.516 Thread 0x000001ffc831ec40 Exception <a 'java/lang/IncompatibleClassChangeError'{0x00000000ec3c1898}: Found class java.lang.Object, but interface was expected> (0x00000000ec3c1898) 
thrown [s\src\hotspot\share\interpreter\linkResolver.cpp, line 826]
Event: 0.516 Thread 0x000001ffc831ec40 Exception <a 'java/lang/NoSuchMethodError'{0x00000000ec3c5d88}: 'void java.lang.invoke.DirectMethodHandle$Holder.invokeStatic(java.lang.Object, java.lang.Object)'> (0x00000000ec3c5d88) 
thrown [s\src\hotspot\share\interpreter\linkResolver.cpp, line 759]
Event: 0.516 Thread 0x000001ffc831ec40 Exception <a 'java/lang/NoSuchMethodError'{0x00000000ec3c9588}: 'void java.lang.invoke.DirectMethodHandle$Holder.invokeStaticInit(java.lang.Object, java.lang.Object)'> (0x00000000ec3c9588) 
thrown [s\src\hotspot\share\interpreter\linkResolver.cpp, line 759]
Event: 0.518 Thread 0x000001ffc831ec40 Exception <a 'java/lang/NoSuchMethodError'{0x00000000ec3d09b8}: 'int java.lang.invoke.DirectMethodHandle$Holder.invokeStaticInit(java.lang.Object, java.lang.Object)'> (0x00000000ec3d09b8) 
thrown [s\src\hotspot\share\interpreter\linkResolver.cpp, line 759]
Event: 0.565 Thread 0x000001ffc831ec40 Exception <a 'java/lang/NoSuchMethodError'{0x00000000eac5a780}: 'void java.lang.invoke.DirectMethodHandle$Holder.invokeSpecial(java.lang.Object, java.lang.Object, java.lang.Object)'> (0x00000000eac5a780) 
thrown [s\src\hotspot\share\interpreter\linkResolver.cpp, line 759]
Event: 0.822 Thread 0x000001ffc831ec40 Exception <a 'java/lang/NoSuchMethodError'{0x00000000eb9cafd8}: 'java.lang.Object java.lang.invoke.DirectMethodHandle$Holder.newInvokeSpecial(java.lang.Object, int, java.lang.Object)'> (0x00000000eb9cafd8) 
thrown [s\src\hotspot\share\interpreter\linkResolver.cpp, line 759]

VM Operations (20 events):
Event: 0.301 Executing VM operation: HandshakeAllThreads
Event: 0.301 Executing VM operation: HandshakeAllThreads done
Event: 0.311 Executing VM operation: HandshakeAllThreads
Event: 0.311 Executing VM operation: HandshakeAllThreads done
Event: 0.452 Executing VM operation: HandshakeAllThreads
Event: 0.452 Executing VM operation: HandshakeAllThreads done
Event: 0.487 Executing VM operation: ICBufferFull
Event: 0.487 Executing VM operation: ICBufferFull done
Event: 0.523 Executing VM operation: ParallelGCFailedAllocation
Event: 0.528 Executing VM operation: ParallelGCFailedAllocation done
Event: 0.786 Executing VM operation: HandshakeAllThreads
Event: 0.786 Executing VM operation: HandshakeAllThreads done
Event: 0.787 Executing VM operation: HandshakeAllThreads
Event: 0.787 Executing VM operation: HandshakeAllThreads done
Event: 0.792 Executing VM operation: HandshakeAllThreads
Event: 0.792 Executing VM operation: HandshakeAllThreads done
Event: 0.816 Executing VM operation: HandshakeAllThreads
Event: 0.816 Executing VM operation: HandshakeAllThreads done
Event: 0.862 Executing VM operation: ICBufferFull
Event: 0.862 Executing VM operation: ICBufferFull done

Events (20 events):
Event: 0.838 loading class java/net/ContentHandlerFactory
Event: 0.838 loading class java/net/ContentHandlerFactory done
Event: 0.842 loading class java/net/ContentHandler
Event: 0.842 loading class java/net/ContentHandler done
Event: 0.854 loading class javax/xml/parsers/ParserConfigurationException
Event: 0.854 loading class javax/xml/parsers/ParserConfigurationException done
Event: 0.856 loading class java/security/KeyStoreException
Event: 0.856 loading class java/security/KeyStoreException done
Event: 0.875 loading class java/util/LinkedList$Node
Event: 0.875 loading class java/util/LinkedList$Node done
Event: 0.875 loading class java/util/LinkedList$ListItr
Event: 0.876 loading class java/util/LinkedList$ListItr done
Event: 0.884 loading class sun/nio/fs/WindowsChannelFactory
Event: 0.886 loading class sun/nio/fs/WindowsChannelFactory done
Event: 0.886 loading class sun/nio/fs/WindowsChannelFactory$1
Event: 0.886 loading class sun/nio/fs/WindowsChannelFactory$1 done
Event: 0.886 loading class sun/nio/fs/WindowsChannelFactory$Flags
Event: 0.886 loading class sun/nio/fs/WindowsChannelFactory$Flags done
Event: 0.886 loading class sun/nio/ch/FileChannelImpl$Closer
Event: 0.886 loading class sun/nio/ch/FileChannelImpl$Closer done


Dynamic libraries:
0x00007ff700240000 - 0x00007ff70024e000 	c:\Users\mitta\.vscode\extensions\redhat.java-1.28.1-win32-x64\jre\17.0.10-win32-x86_64\bin\java.exe
0x00007ffae6210000 - 0x00007ffae6426000 	C:\WINDOWS\SYSTEM32\ntdll.dll
0x00007ffae4db0000 - 0x00007ffae4e74000 	C:\WINDOWS\System32\KERNEL32.DLL
0x00007ffae3760000 - 0x00007ffae3b06000 	C:\WINDOWS\System32\KERNELBASE.dll
0x00007ffae0440000 - 0x00007ffae04d7000 	C:\WINDOWS\SYSTEM32\apphelp.dll
0x00007ffae3cf0000 - 0x00007ffae3e01000 	C:\WINDOWS\System32\ucrtbase.dll
0x00007ffaa2000000 - 0x00007ffaa2017000 	c:\Users\mitta\.vscode\extensions\redhat.java-1.28.1-win32-x64\jre\17.0.10-win32-x86_64\bin\jli.dll
0x00007ffaa01f0000 - 0x00007ffaa020b000 	c:\Users\mitta\.vscode\extensions\redhat.java-1.28.1-win32-x64\jre\17.0.10-win32-x86_64\bin\VCRUNTIME140.dll
0x00007ffae5e10000 - 0x00007ffae5fbd000 	C:\WINDOWS\System32\USER32.dll
0x00007ffabef70000 - 0x00007ffabf203000 	C:\WINDOWS\WinSxS\amd64_microsoft.windows.common-controls_6595b64144ccf1df_6.0.22621.3139_none_270f19e5738675cb\COMCTL32.dll
0x00007ffae3730000 - 0x00007ffae3756000 	C:\WINDOWS\System32\win32u.dll
0x00007ffae6120000 - 0x00007ffae61c7000 	C:\WINDOWS\System32\msvcrt.dll
0x00007ffae4930000 - 0x00007ffae4959000 	C:\WINDOWS\System32\GDI32.dll
0x00007ffae3540000 - 0x00007ffae3658000 	C:\WINDOWS\System32\gdi32full.dll
0x00007ffae3690000 - 0x00007ffae372a000 	C:\WINDOWS\System32\msvcp_win.dll
0x00007ffae4c60000 - 0x00007ffae4c91000 	C:\WINDOWS\System32\IMM32.DLL
0x00007ffab9cc0000 - 0x00007ffab9ccc000 	c:\Users\mitta\.vscode\extensions\redhat.java-1.28.1-win32-x64\jre\17.0.10-win32-x86_64\bin\vcruntime140_1.dll
0x00007ffa50690000 - 0x00007ffa5071d000 	c:\Users\mitta\.vscode\extensions\redhat.java-1.28.1-win32-x64\jre\17.0.10-win32-x86_64\bin\msvcp140.dll
0x00007ffa2b9a0000 - 0x00007ffa2c602000 	c:\Users\mitta\.vscode\extensions\redhat.java-1.28.1-win32-x64\jre\17.0.10-win32-x86_64\bin\server\jvm.dll
0x00007ffae4e80000 - 0x00007ffae4f32000 	C:\WINDOWS\System32\ADVAPI32.dll
0x00007ffae4780000 - 0x00007ffae4828000 	C:\WINDOWS\System32\sechost.dll
0x00007ffae3660000 - 0x00007ffae3688000 	C:\WINDOWS\System32\bcrypt.dll
0x00007ffae4b40000 - 0x00007ffae4c55000 	C:\WINDOWS\System32\RPCRT4.dll
0x00007ffad3f00000 - 0x00007ffad3f09000 	C:\WINDOWS\SYSTEM32\WSOCK32.dll
0x00007ffae23d0000 - 0x00007ffae241d000 	C:\WINDOWS\SYSTEM32\POWRPROF.dll
0x00007ffae4830000 - 0x00007ffae48a1000 	C:\WINDOWS\System32\WS2_32.dll
0x00007ffad7930000 - 0x00007ffad793a000 	C:\WINDOWS\SYSTEM32\VERSION.dll
0x00007ffadab70000 - 0x00007ffadaba4000 	C:\WINDOWS\SYSTEM32\WINMM.dll
0x00007ffae23b0000 - 0x00007ffae23c3000 	C:\WINDOWS\SYSTEM32\UMPDC.dll
0x00007ffae2670000 - 0x00007ffae2688000 	C:\WINDOWS\SYSTEM32\kernel.appcore.dll
0x00007ffab66a0000 - 0x00007ffab66aa000 	c:\Users\mitta\.vscode\extensions\redhat.java-1.28.1-win32-x64\jre\17.0.10-win32-x86_64\bin\jimage.dll
0x00007ffae0950000 - 0x00007ffae0b83000 	C:\WINDOWS\SYSTEM32\DBGHELP.DLL
0x00007ffae42f0000 - 0x00007ffae4678000 	C:\WINDOWS\System32\combase.dll
0x00007ffae5fc0000 - 0x00007ffae6097000 	C:\WINDOWS\System32\OLEAUT32.dll
0x00007ffad4a50000 - 0x00007ffad4a82000 	C:\WINDOWS\SYSTEM32\dbgcore.DLL
0x00007ffae3e10000 - 0x00007ffae3e8a000 	C:\WINDOWS\System32\bcryptPrimitives.dll
0x00007ffab63a0000 - 0x00007ffab63ae000 	c:\Users\mitta\.vscode\extensions\redhat.java-1.28.1-win32-x64\jre\17.0.10-win32-x86_64\bin\instrument.dll
0x00007ffa79680000 - 0x00007ffa796a5000 	c:\Users\mitta\.vscode\extensions\redhat.java-1.28.1-win32-x64\jre\17.0.10-win32-x86_64\bin\java.dll
0x00007ffa87870000 - 0x00007ffa87888000 	c:\Users\mitta\.vscode\extensions\redhat.java-1.28.1-win32-x64\jre\17.0.10-win32-x86_64\bin\zip.dll
0x00007ffae5060000 - 0x00007ffae58bc000 	C:\WINDOWS\System32\SHELL32.dll
0x00007ffae14b0000 - 0x00007ffae1da9000 	C:\WINDOWS\SYSTEM32\windows.storage.dll
0x00007ffae1370000 - 0x00007ffae14ae000 	C:\WINDOWS\SYSTEM32\wintypes.dll
0x00007ffae4ca0000 - 0x00007ffae4d93000 	C:\WINDOWS\System32\SHCORE.dll
0x00007ffae58c0000 - 0x00007ffae591e000 	C:\WINDOWS\System32\shlwapi.dll
0x00007ffae3470000 - 0x00007ffae3496000 	C:\WINDOWS\SYSTEM32\profapi.dll
0x00007ffa86450000 - 0x00007ffa86469000 	C:\Users\mitta\.vscode\extensions\redhat.java-1.28.1-win32-x64\jre\17.0.10-win32-x86_64\bin\net.dll
0x00007ffadd3c0000 - 0x00007ffadd4f7000 	C:\WINDOWS\SYSTEM32\WINHTTP.dll
0x00007ffae2af0000 - 0x00007ffae2b59000 	C:\WINDOWS\system32\mswsock.dll
0x00007ffa86380000 - 0x00007ffa86396000 	C:\Users\mitta\.vscode\extensions\redhat.java-1.28.1-win32-x64\jre\17.0.10-win32-x86_64\bin\nio.dll
0x00007ffab59d0000 - 0x00007ffab59e0000 	c:\Users\mitta\.vscode\extensions\redhat.java-1.28.1-win32-x64\jre\17.0.10-win32-x86_64\bin\verify.dll

dbghelp: loaded successfully - version: 4.0.5 - missing functions: none
symbol engine: initialized successfully - sym options: 0x614 - pdb path: .;c:\Users\mitta\.vscode\extensions\redhat.java-1.28.1-win32-x64\jre\17.0.10-win32-x86_64\bin;C:\WINDOWS\SYSTEM32;C:\WINDOWS\WinSxS\amd64_microsoft.windows.common-controls_6595b64144ccf1df_6.0.22621.3139_none_270f19e5738675cb;c:\Users\mitta\.vscode\extensions\redhat.java-1.28.1-win32-x64\jre\17.0.10-win32-x86_64\bin\server

VM Arguments:
jvm_args: --add-modules=ALL-SYSTEM --add-opens=java.base/java.util=ALL-UNNAMED --add-opens=java.base/java.lang=ALL-UNNAMED --add-opens=java.base/sun.nio.fs=ALL-UNNAMED -Declipse.application=org.eclipse.jdt.ls.core.id1 -Dosgi.bundles.defaultStartLevel=4 -Declipse.product=org.eclipse.jdt.ls.core.product -Djava.import.generatesMetadataFilesAtProjectRoot=false -DDetectVMInstallationsJob.disabled=true -Dfile.encoding=utf8 -XX:+UseParallelGC -XX:GCTimeRatio=4 -XX:AdaptiveSizePolicyWeight=90 -Dsun.zip.disableMemoryMapping=true -Xmx1G -Xms100m -Xlog:disable -javaagent:c:\Users\mitta\.vscode\extensions\redhat.java-1.28.1-win32-x64\lombok\lombok-1.18.31.jar -XX:+HeapDumpOnOutOfMemoryError -XX:HeapDumpPath=c:\Users\mitta\AppData\Roaming\Code\User\workspaceStorage\a692e1cf0e494f24f55278b0b71f1011\redhat.java -Daether.dependencyCollector.impl=bf 
java_command: c:\Users\mitta\.vscode\extensions\redhat.java-1.28.1-win32-x64\server\plugins\org.eclipse.equinox.launcher_1.6.700.v20231214-2017.jar -configuration c:\Users\mitta\AppData\Roaming\Code\User\globalStorage\redhat.java\1.28.1\config_win -data c:\Users\mitta\AppData\Roaming\Code\User\workspaceStorage\a692e1cf0e494f24f55278b0b71f1011\redhat.java\jdt_ws --stdio
java_class_path (initial): c:\Users\mitta\.vscode\extensions\redhat.java-1.28.1-win32-x64\server\plugins\org.eclipse.equinox.launcher_1.6.700.v20231214-2017.jar
Launcher Type: SUN_STANDARD

[Global flags]
    uintx AdaptiveSizePolicyWeight                 = 90                                        {product} {command line}
     intx CICompilerCount                          = 4                                         {product} {ergonomic}
    uintx GCTimeRatio                              = 4                                         {product} {command line}
     bool HeapDumpOnOutOfMemoryError               = true                                   {manageable} {command line}
    ccstr HeapDumpPath                             = c:\Users\mitta\AppData\Roaming\Code\User\workspaceStorage\a692e1cf0e494f24f55278b0b71f1011\redhat.java         {manageable} {command line}
   size_t InitialHeapSize                          = 104857600                                 {product} {command line}
   size_t MaxHeapSize                              = 1073741824                                {product} {command line}
   size_t MaxNewSize                               = 357564416                                 {product} {ergonomic}
   size_t MinHeapDeltaBytes                        = 524288                                    {product} {ergonomic}
   size_t MinHeapSize                              = 104857600                                 {product} {command line}
   size_t NewSize                                  = 34603008                                  {product} {ergonomic}
    uintx NonNMethodCodeHeapSize                   = 5839372                                {pd product} {ergonomic}
    uintx NonProfiledCodeHeapSize                  = 122909434                              {pd product} {ergonomic}
   size_t OldSize                                  = 70254592                                  {product} {ergonomic}
    uintx ProfiledCodeHeapSize                     = 122909434                              {pd product} {ergonomic}
    uintx ReservedCodeCacheSize                    = 251658240                              {pd product} {ergonomic}
     bool SegmentedCodeCache                       = true                                      {product} {ergonomic}
   size_t SoftMaxHeapSize                          = 1073741824                             {manageable} {ergonomic}
     bool UseCompressedClassPointers               = true                           {product lp64_product} {ergonomic}
     bool UseCompressedOops                        = true                           {product lp64_product} {ergonomic}
     bool UseLargePagesIndividualAllocation        = false                                  {pd product} {ergonomic}
     bool UseParallelGC                            = true                                      {product} {command line}

Logging:
Log output configuration:
 #0: stdout all=off uptime,level,tags
 #1: stderr all=off uptime,level,tags

Environment Variables:
JAVA_HOME=C:\Program Files\Java\jdk-19
PATH=C:\Program Files\Eclipse Adoptium\jdk-17.0.7.7-hotspot\bin;C:\Program Files\Common Files\Oracle\Java\javapath;C:\Program Files (x86)\Common Files\Oracle\Java\javapath;C:\Windows\system32;C:\Windows;C:\Windows\System32\Wbem;C:\Windows\System32\WindowsPowerShell\v1.0\;C:\Windows\System32\OpenSSH\;C:\Program Files (x86)\NVIDIA Corporation\PhysX\Common;C:\Program Files\NVIDIA Corporation\NVIDIA NvDLISR;C:\msys64\mingw64\bin;C:\WINDOWS\system32;C:\WINDOWS;C:\WINDOWS\System32\Wbem;C:\WINDOWS\System32\WindowsPowerShell\v1.0\;C:\WINDOWS\System32\OpenSSH\;C:\Program Files\nodejs\;C:\Program Files\Git\cmd;C:\Program Files\dotnet\;C:\Program Files\Microsoft SQL Server\Client SDK\ODBC\170\Tools\Binn\;C:\Program Files\Microsoft SQL Server\150\Tools\Binn\;C:\Program Files (x86)\Microsoft SQL Server\160\DTS\Binn\;C:\Program Files\Azure Data Studio\bin;C:\Users\mitta\AppData\Local\Microsoft\WindowsApps;C:\Users\mitta\AppData\Local\Programs\Microsoft VS Code\bin;C:\Users\mitta\AppData\Roaming\npm;C:\Program Files\Java\jdk-19\bin;C:\Users\mitta\Downloads\flutter_windows_3.10.2-stable\flutter\bin;C:\Users\mitta\AppData\Local\Programs\Python\Python311;C:\ChromeDriver;C:\Users\mitta\.dotnet\tools;C:\Users\mitta\AppData\Local\GitHubDesktop\bin;C:\Users\mitta\AppData\Local\Programs\Azure Dev CLI\;C:\Program Files\Azure Data Studio\bin;C:\Users\mitta\AppData\Local\Programs\Azure Data Studio\bin
USERNAME=mitta
OS=Windows_NT
PROCESSOR_IDENTIFIER=Intel64 Family 6 Model 140 Stepping 2, GenuineIntel
TMP=C:\Users\mitta\AppData\Local\Temp
TEMP=C:\Users\mitta\AppData\Local\Temp



Periodic native trim disabled


---------------  S Y S T E M  ---------------

OS:
 Windows 11 , 64 bit Build 22621 (10.0.22621.3139)
OS uptime: 0 days 15:15 hours

CPU: total 8 (initial active 8) (4 cores per cpu, 2 threads per core) family 6 model 140 stepping 2 microcode 0x16, cx8, cmov, fxsr, ht, mmx, 3dnowpref, sse, sse2, sse3, ssse3, sse4.1, sse4.2, popcnt, lzcnt, tsc, tscinvbit, avx, avx2, aes, erms, clmul, bmi1, bmi2, adx, avx512f, avx512dq, avx512cd, avx512bw, avx512vl, sha, fma, vzeroupper, avx512_vpopcntdq, avx512_vpclmulqdq, avx512_vaes, avx512_vnni, clflush, clflushopt, clwb, avx512_vbmi2, avx512_vbmi
Processor Information for all 8 processors :
  Max Mhz: 3187, Current Mhz: 3187, Mhz Limit: 3187

Memory: 4k page, system-wide physical 7975M (716M free)
TotalPageFile size 32551M (AvailPageFile size 5M)
current process WorkingSet (physical memory assigned to process): 87M, peak: 87M
current process commit charge ("private bytes"): 207M, peak: 207M

vm_info: OpenJDK 64-Bit Server VM (17.0.10+7) for windows-amd64 JRE (17.0.10+7), built on Jan 16 2024 23:25:11 by "admin" with MS VC++ 16.10 / 16.11 (VS2019)

END.
