#
# There is insufficient memory for the Java Runtime Environment to continue.
# Native memory allocation (malloc) failed to allocate 279216 bytes for Chunk::new
# Possible reasons:
#   The system is out of physical RAM or swap space
#   The process is running with CompressedOops enabled, and the Java Heap may be blocking the growth of the native heap
# Possible solutions:
#   Reduce memory load on the system
#   Increase physical memory or swap space
#   Check if swap backing store is full
#   Decrease Java heap size (-Xmx/-Xms)
#   Decrease number of Java threads
#   Decrease Java thread stack sizes (-Xss)
#   Set larger code cache with -XX:ReservedCodeCacheSize=
#   JVM is running with Unscaled Compressed Oops mode in which the Java heap is
#     placed in the first 4GB address space. The Java Heap base address is the
#     maximum limit for the native heap growth. Please use -XX:HeapBaseMinAddress
#     to set the Java Heap base and to place the Java Heap above 4GB virtual address.
# This output file may be truncated or incomplete.
#
#  Out of Memory Error (arena.cpp:191), pid=18788, tid=24232
#
# JRE version: OpenJDK Runtime Environment Temurin-17.0.10+7 (17.0.10+7) (build 17.0.10+7)
# Java VM: OpenJDK 64-Bit Server VM Temurin-17.0.10+7 (17.0.10+7, mixed mode, tiered, compressed oops, compressed class ptrs, parallel gc, windows-amd64)
# No core dump will be written. Minidumps are not enabled by default on client versions of Windows
#

---------------  S U M M A R Y ------------

Command Line: --add-modules=ALL-SYSTEM --add-opens=java.base/java.util=ALL-UNNAMED --add-opens=java.base/java.lang=ALL-UNNAMED --add-opens=java.base/sun.nio.fs=ALL-UNNAMED -Declipse.application=org.eclipse.jdt.ls.core.id1 -Dosgi.bundles.defaultStartLevel=4 -Declipse.product=org.eclipse.jdt.ls.core.product -Djava.import.generatesMetadataFilesAtProjectRoot=false -DDetectVMInstallationsJob.disabled=true -Dfile.encoding=utf8 -XX:+UseParallelGC -XX:GCTimeRatio=4 -XX:AdaptiveSizePolicyWeight=90 -Dsun.zip.disableMemoryMapping=true -Xmx1G -Xms100m -Xlog:disable -javaagent:c:\Users\mitta\.vscode\extensions\redhat.java-1.28.1-win32-x64\lombok\lombok-1.18.31.jar -XX:+HeapDumpOnOutOfMemoryError -XX:HeapDumpPath=c:\Users\mitta\AppData\Roaming\Code\User\workspaceStorage\a692e1cf0e494f24f55278b0b71f1011\redhat.java -Daether.dependencyCollector.impl=bf c:\Users\mitta\.vscode\extensions\redhat.java-1.28.1-win32-x64\server\plugins\org.eclipse.equinox.launcher_1.6.700.v20231214-2017.jar -configuration c:\Users\mitta\AppData\Roaming\Code\User\globalStorage\redhat.java\1.28.1\config_win -data c:\Users\mitta\AppData\Roaming\Code\User\workspaceStorage\a692e1cf0e494f24f55278b0b71f1011\redhat.java\jdt_ws --stdio

Host: 11th Gen Intel(R) Core(TM) i5-11320H @ 3.20GHz, 8 cores, 7G,  Windows 11 , 64 bit Build 22621 (10.0.22621.3139)
Time: Thu Mar  7 11:27:50 2024 India Standard Time elapsed time: 2.660118 seconds (0d 0h 0m 2s)

---------------  T H R E A D  ---------------

Current thread (0x000001457f3b0b80):  JavaThread "C2 CompilerThread0" daemon [_thread_in_native, id=24232, stack(0x0000003f98300000,0x0000003f98400000)]


Current CompileTask:
C2:   2660 3424   !   4       org.eclipse.osgi.storage.bundlefile.CloseableBundleFile::getEntry (28 bytes)

Stack: [0x0000003f98300000,0x0000003f98400000]
Native frames: (J=compiled Java code, j=interpreted, Vv=VM code, C=native code)
V  [jvm.dll+0x67d2c9]
V  [jvm.dll+0x834afa]
V  [jvm.dll+0x8365be]
V  [jvm.dll+0x836c23]
V  [jvm.dll+0x2477ff]
V  [jvm.dll+0xac514]
V  [jvm.dll+0xacb5c]
V  [jvm.dll+0x366782]
V  [jvm.dll+0x330bfa]
V  [jvm.dll+0x33009a]
V  [jvm.dll+0x219ef1]
V  [jvm.dll+0x219311]
V  [jvm.dll+0x1a502d]
V  [jvm.dll+0x2290de]
V  [jvm.dll+0x2272ac]
V  [jvm.dll+0x7e9bb7]
V  [jvm.dll+0x7e3fba]
V  [jvm.dll+0x67c1b5]
C  [ucrtbase.dll+0x29363]
C  [KERNEL32.DLL+0x1257d]
C  [ntdll.dll+0x5aa58]


---------------  P R O C E S S  ---------------

Threads class SMR info:
_java_thread_list=0x000001450568a090, length=22, elements={
0x0000014568511340, 0x000001457e2f4020, 0x000001457e2f5290, 0x000001457f37df70,
0x000001457f37ea40, 0x000001457f37fe40, 0x000001457f3a1250, 0x000001457f3b0b80,
0x000001457f3b1790, 0x000001457f3b65b0, 0x000001457f4f4d90, 0x000001457f68bcb0,
0x00000145048e8110, 0x0000014504ccf790, 0x00000145047b6370, 0x000001450533af60,
0x00000145050ff860, 0x00000145052ef250, 0x000001450520c130, 0x000001450520da80,
0x000001450520df90, 0x0000014505178560
}

Java Threads: ( => current thread )
  0x0000014568511340 JavaThread "main" [_thread_blocked, id=24220, stack(0x0000003f97a00000,0x0000003f97b00000)]
  0x000001457e2f4020 JavaThread "Reference Handler" daemon [_thread_blocked, id=17860, stack(0x0000003f97d00000,0x0000003f97e00000)]
  0x000001457e2f5290 JavaThread "Finalizer" daemon [_thread_blocked, id=21536, stack(0x0000003f97e00000,0x0000003f97f00000)]
  0x000001457f37df70 JavaThread "Signal Dispatcher" daemon [_thread_blocked, id=20200, stack(0x0000003f97f00000,0x0000003f98000000)]
  0x000001457f37ea40 JavaThread "Attach Listener" daemon [_thread_blocked, id=18004, stack(0x0000003f98000000,0x0000003f98100000)]
  0x000001457f37fe40 JavaThread "Service Thread" daemon [_thread_blocked, id=22608, stack(0x0000003f98100000,0x0000003f98200000)]
  0x000001457f3a1250 JavaThread "Monitor Deflation Thread" daemon [_thread_blocked, id=1276, stack(0x0000003f98200000,0x0000003f98300000)]
=>0x000001457f3b0b80 JavaThread "C2 CompilerThread0" daemon [_thread_in_native, id=24232, stack(0x0000003f98300000,0x0000003f98400000)]
  0x000001457f3b1790 JavaThread "C1 CompilerThread0" daemon [_thread_blocked, id=14416, stack(0x0000003f98400000,0x0000003f98500000)]
  0x000001457f3b65b0 JavaThread "Sweeper thread" daemon [_thread_blocked, id=24204, stack(0x0000003f98500000,0x0000003f98600000)]
  0x000001457f4f4d90 JavaThread "Common-Cleaner" daemon [_thread_blocked, id=5204, stack(0x0000003f98600000,0x0000003f98700000)]
  0x000001457f68bcb0 JavaThread "Notification Thread" daemon [_thread_blocked, id=2984, stack(0x0000003f98700000,0x0000003f98800000)]
  0x00000145048e8110 JavaThread "Active Thread: Equinox Container: b44ef5ba-c3e3-4caa-a90c-bf51d9ff1aab" [_thread_blocked, id=20192, stack(0x0000003f98f00000,0x0000003f99000000)]
  0x0000014504ccf790 JavaThread "Framework Event Dispatcher: Equinox Container: b44ef5ba-c3e3-4caa-a90c-bf51d9ff1aab" daemon [_thread_blocked, id=9488, stack(0x0000003f99000000,0x0000003f99100000)]
  0x00000145047b6370 JavaThread "Start Level: Equinox Container: b44ef5ba-c3e3-4caa-a90c-bf51d9ff1aab" daemon [_thread_in_vm, id=15928, stack(0x0000003f99100000,0x0000003f99200000)]
  0x000001450533af60 JavaThread "Bundle File Closer" daemon [_thread_blocked, id=6032, stack(0x0000003f99300000,0x0000003f99400000)]
  0x00000145050ff860 JavaThread "SCR Component Actor" daemon [_thread_blocked, id=12700, stack(0x0000003f99400000,0x0000003f99500000)]
  0x00000145052ef250 JavaThread "SCR Component Registry" daemon [_thread_blocked, id=8520, stack(0x0000003f99500000,0x0000003f99600000)]
  0x000001450520c130 JavaThread "Worker-JM" [_thread_blocked, id=8928, stack(0x0000003f99600000,0x0000003f99700000)]
  0x000001450520da80 JavaThread "Worker-0" [_thread_blocked, id=17868, stack(0x0000003f99700000,0x0000003f99800000)]
  0x000001450520df90 JavaThread "Worker-1" [_thread_blocked, id=11008, stack(0x0000003f99800000,0x0000003f99900000)]
  0x0000014505178560 JavaThread "C2 CompilerThread1" daemon [_thread_in_native, id=7072, stack(0x0000003f99900000,0x0000003f99a00000)]

Other Threads:
  0x00000145685bed10 VMThread "VM Thread" [stack: 0x0000003f97c00000,0x0000003f97d00000] [id=21576]
  0x000001457f68b1e0 WatcherThread [stack: 0x0000003f98800000,0x0000003f98900000] [id=11648]
  0x0000014568526290 GCTaskThread "GC Thread#0" [stack: 0x0000003f97b00000,0x0000003f97c00000] [id=20000]
  0x0000014504f263d0 GCTaskThread "GC Thread#1" [stack: 0x0000003f98900000,0x0000003f98a00000] [id=15096]
  0x0000014504f286a0 GCTaskThread "GC Thread#2" [stack: 0x0000003f98a00000,0x0000003f98b00000] [id=3064]
  0x0000014504f28960 GCTaskThread "GC Thread#3" [stack: 0x0000003f98b00000,0x0000003f98c00000] [id=24388]
  0x0000014504f28c20 GCTaskThread "GC Thread#4" [stack: 0x0000003f98c00000,0x0000003f98d00000] [id=6384]
  0x0000014504f28ee0 GCTaskThread "GC Thread#5" [stack: 0x0000003f98d00000,0x0000003f98e00000] [id=19396]
  0x0000014504f291a0 GCTaskThread "GC Thread#6" [stack: 0x0000003f98e00000,0x0000003f98f00000] [id=23532]
  0x0000014504ccc690 GCTaskThread "GC Thread#7" [stack: 0x0000003f99200000,0x0000003f99300000] [id=4400]

Threads with active compile tasks:
C2 CompilerThread0     2681 3424   !   4       org.eclipse.osgi.storage.bundlefile.CloseableBundleFile::getEntry (28 bytes)
C2 CompilerThread1     2681 3353       4       org.lombokweb.asm.ClassReader::readMethod (1066 bytes)

VM state: not at safepoint (normal execution)

VM Mutex/Monitor currently owned by a thread: None

Heap address: 0x00000000c0000000, size: 1024 MB, Compressed Oops mode: 32-bit

CDS archive(s) not mapped
Compressed class space mapped at: 0x0000000100000000-0x0000000140000000, reserved size: 1073741824
Narrow klass base: 0x0000000000000000, Narrow klass shift: 3, Narrow klass range: 0x140000000

GC Precious Log:
 CPUs: 8 total, 8 available
 Memory: 7975M
 Large Page Support: Disabled
 NUMA Support: Disabled
 Compressed Oops: Enabled (32-bit)
 Alignments: Space 512K, Generation 512K, Heap 2M
 Heap Min Capacity: 100M
 Heap Initial Capacity: 100M
 Heap Max Capacity: 1G
 Pre-touch: Disabled
 Parallel Workers: 8

Heap:
 PSYoungGen      total 27136K, used 26523K [0x00000000eab00000, 0x00000000ecb00000, 0x0000000100000000)
  eden space 24064K, 98% used [0x00000000eab00000,0x00000000ec23fb78,0x00000000ec280000)
  from space 3072K, 88% used [0x00000000ec800000,0x00000000ecaa70d0,0x00000000ecb00000)
  to   space 3584K, 0% used [0x00000000ec400000,0x00000000ec400000,0x00000000ec780000)
 ParOldGen       total 68608K, used 12109K [0x00000000c0000000, 0x00000000c4300000, 0x00000000eab00000)
  object space 68608K, 17% used [0x00000000c0000000,0x00000000c0bd3638,0x00000000c4300000)
 Metaspace       used 32070K, committed 32704K, reserved 1114112K
  class space    used 3124K, committed 3392K, reserved 1048576K

Card table byte_map: [0x000001457bb70000,0x000001457bd80000] _byte_map_base: 0x000001457b570000

Marking Bits: (ParMarkBitMap*) 0x00007ffa2c53d7d0
 Begin Bits: [0x000001457bee0000, 0x000001457cee0000)
 End Bits:   [0x000001457cee0000, 0x000001457dee0000)

Polling page: 0x00000145685c0000

Metaspace:

Usage:
  Non-class:     28.27 MB used.
      Class:      3.05 MB used.
       Both:     31.32 MB used.

Virtual space:
  Non-class space:       64.00 MB reserved,      28.62 MB ( 45%) committed,  1 nodes.
      Class space:        1.00 GB reserved,       3.31 MB ( <1%) committed,  1 nodes.
             Both:        1.06 GB reserved,      31.94 MB (  3%) committed. 

Chunk freelists:
   Non-Class:  3.31 MB
       Class:  12.73 MB
        Both:  16.05 MB

MaxMetaspaceSize: unlimited
CompressedClassSpaceSize: 1.00 GB
Initial GC threshold: 21.00 MB
Current GC threshold: 35.00 MB
CDS: off
MetaspaceReclaimPolicy: balanced
 - commit_granule_bytes: 65536.
 - commit_granule_words: 8192.
 - virtual_space_node_default_size: 8388608.
 - enlarge_chunks_in_place: 1.
 - new_chunks_are_fully_committed: 0.
 - uncommit_free_chunks: 1.
 - use_allocation_guard: 0.
 - handle_deallocations: 1.


Internal statistics:

num_allocs_failed_limit: 3.
num_arena_births: 344.
num_arena_deaths: 14.
num_vsnodes_births: 2.
num_vsnodes_deaths: 0.
num_space_committed: 511.
num_space_uncommitted: 0.
num_chunks_returned_to_freelist: 17.
num_chunks_taken_from_freelist: 1268.
num_chunk_merges: 9.
num_chunk_splits: 850.
num_chunks_enlarged: 597.
num_inconsistent_stats: 0.

CodeHeap 'non-profiled nmethods': size=120000Kb used=1337Kb max_used=1337Kb free=118662Kb
 bounds [0x0000014574460000, 0x00000145746d0000, 0x000001457b990000]
CodeHeap 'profiled nmethods': size=120000Kb used=7163Kb max_used=7163Kb free=112836Kb
 bounds [0x000001456c990000, 0x000001456d090000, 0x0000014573ec0000]
CodeHeap 'non-nmethods': size=5760Kb used=1262Kb max_used=1276Kb free=4498Kb
 bounds [0x0000014573ec0000, 0x0000014574130000, 0x0000014574460000]
 total_blobs=3992 nmethods=3425 adapters=480
 compilation: enabled
              stopped_count=0, restarted_count=0
 full_count=0

Compilation events (20 events):
Event: 2.638 Thread 0x000001457f3b1790 nmethod 3415 0x000001456d07ff10 code [0x000001456d080500, 0x000001456d083dd8]
Event: 2.638 Thread 0x000001457f3b1790 3421       3       org.eclipse.core.internal.preferences.RootPreferences::node (7 bytes)
Event: 2.638 Thread 0x000001457f3b1790 nmethod 3421 0x000001456d085190 code [0x000001456d085320, 0x000001456d085468]
Event: 2.638 Thread 0x000001457f3b1790 3419       3       org.eclipse.core.internal.preferences.DefaultPreferences::internalPut (66 bytes)
Event: 2.638 Thread 0x000001457f3b1790 nmethod 3419 0x000001456d085510 code [0x000001456d085740, 0x000001456d085e58]
Event: 2.638 Thread 0x000001457f3b1790 3416       3       org.eclipse.core.internal.preferences.PreferencesService::getRootNode (4 bytes)
Event: 2.638 Thread 0x000001457f3b1790 nmethod 3416 0x000001456d086190 code [0x000001456d086320, 0x000001456d086438]
Event: 2.638 Thread 0x000001457f3b1790 3422       3       org.eclipse.core.internal.preferences.RootPreferences::getNode (161 bytes)
Event: 2.640 Thread 0x000001457f3b1790 nmethod 3422 0x000001456d086510 code [0x000001456d0868a0, 0x000001456d087f48]
Event: 2.640 Thread 0x000001457f3b1790 3423  s    3       org.eclipse.core.internal.preferences.RootPreferences::getChild (72 bytes)
Event: 2.640 Thread 0x000001457f3b1790 nmethod 3423 0x000001456d088710 code [0x000001456d088940, 0x000001456d089338]
Event: 2.640 Thread 0x000001457f3b1790 3417       3       org.eclipse.core.internal.preferences.DefaultPreferences::getLoadLevel (52 bytes)
Event: 2.640 Thread 0x000001457f3b1790 nmethod 3417 0x000001456d089510 code [0x000001456d089700, 0x000001456d089d78]
Event: 2.640 Thread 0x000001457f3b1790 3418       3       org.eclipse.core.internal.preferences.DefaultPreferences::getScopeRelativePath (43 bytes)
Event: 2.641 Thread 0x000001457f3b1790 nmethod 3418 0x000001456d089f90 code [0x000001456d08a1c0, 0x000001456d08a948]
Event: 2.641 Thread 0x000001457f3b1790 3420       3       org.eclipse.core.internal.preferences.DefaultPreferences::isInitializingBundleDefaults (41 bytes)
Event: 2.641 Thread 0x000001457f3b1790 nmethod 3420 0x000001456d08ac10 code [0x000001456d08ade0, 0x000001456d08b2c8]
Event: 2.645 Thread 0x000001457f3b0b80 3424   !   4       org.eclipse.osgi.storage.bundlefile.CloseableBundleFile::getEntry (28 bytes)
Event: 2.656 Thread 0x000001457f3b1790 3426  s    3       org.eclipse.core.internal.registry.RegistryObjectManager::add (49 bytes)
Event: 2.657 Thread 0x000001457f3b1790 nmethod 3426 0x000001456d08b410 code [0x000001456d08b5e0, 0x000001456d08baf8]

GC Heap History (18 events):
Event: 0.430 GC heap before
{Heap before GC invocations=1 (full 0):
 PSYoungGen      total 29696K, used 25600K [0x00000000eab00000, 0x00000000ecc00000, 0x0000000100000000)
  eden space 25600K, 100% used [0x00000000eab00000,0x00000000ec400000,0x00000000ec400000)
  from space 4096K, 0% used [0x00000000ec800000,0x00000000ec800000,0x00000000ecc00000)
  to   space 4096K, 0% used [0x00000000ec400000,0x00000000ec400000,0x00000000ec800000)
 ParOldGen       total 68608K, used 0K [0x00000000c0000000, 0x00000000c4300000, 0x00000000eab00000)
  object space 68608K, 0% used [0x00000000c0000000,0x00000000c0000000,0x00000000c4300000)
 Metaspace       used 10965K, committed 11136K, reserved 1114112K
  class space    used 1095K, committed 1216K, reserved 1048576K
}
Event: 0.435 GC heap after
{Heap after GC invocations=1 (full 0):
 PSYoungGen      total 29696K, used 3124K [0x00000000eab00000, 0x00000000ecc00000, 0x0000000100000000)
  eden space 25600K, 0% used [0x00000000eab00000,0x00000000eab00000,0x00000000ec400000)
  from space 4096K, 76% used [0x00000000ec400000,0x00000000ec70d150,0x00000000ec800000)
  to   space 4096K, 0% used [0x00000000ec800000,0x00000000ec800000,0x00000000ecc00000)
 ParOldGen       total 68608K, used 16K [0x00000000c0000000, 0x00000000c4300000, 0x00000000eab00000)
  object space 68608K, 0% used [0x00000000c0000000,0x00000000c0004000,0x00000000c4300000)
 Metaspace       used 10965K, committed 11136K, reserved 1114112K
  class space    used 1095K, committed 1216K, reserved 1048576K
}
Event: 0.784 GC heap before
{Heap before GC invocations=2 (full 0):
 PSYoungGen      total 29696K, used 28724K [0x00000000eab00000, 0x00000000ecc00000, 0x0000000100000000)
  eden space 25600K, 100% used [0x00000000eab00000,0x00000000ec400000,0x00000000ec400000)
  from space 4096K, 76% used [0x00000000ec400000,0x00000000ec70d150,0x00000000ec800000)
  to   space 4096K, 0% used [0x00000000ec800000,0x00000000ec800000,0x00000000ecc00000)
 ParOldGen       total 68608K, used 16K [0x00000000c0000000, 0x00000000c4300000, 0x00000000eab00000)
  object space 68608K, 0% used [0x00000000c0000000,0x00000000c0004000,0x00000000c4300000)
 Metaspace       used 14665K, committed 14912K, reserved 1114112K
  class space    used 1467K, committed 1600K, reserved 1048576K
}
Event: 0.790 GC heap after
{Heap after GC invocations=2 (full 0):
 PSYoungGen      total 29696K, used 4080K [0x00000000eab00000, 0x00000000ecc00000, 0x0000000100000000)
  eden space 25600K, 0% used [0x00000000eab00000,0x00000000eab00000,0x00000000ec400000)
  from space 4096K, 99% used [0x00000000ec800000,0x00000000ecbfc0c8,0x00000000ecc00000)
  to   space 4096K, 0% used [0x00000000ec400000,0x00000000ec400000,0x00000000ec800000)
 ParOldGen       total 68608K, used 1444K [0x00000000c0000000, 0x00000000c4300000, 0x00000000eab00000)
  object space 68608K, 2% used [0x00000000c0000000,0x00000000c0169060,0x00000000c4300000)
 Metaspace       used 14665K, committed 14912K, reserved 1114112K
  class space    used 1467K, committed 1600K, reserved 1048576K
}
Event: 1.275 GC heap before
{Heap before GC invocations=3 (full 0):
 PSYoungGen      total 29696K, used 29680K [0x00000000eab00000, 0x00000000ecc00000, 0x0000000100000000)
  eden space 25600K, 100% used [0x00000000eab00000,0x00000000ec400000,0x00000000ec400000)
  from space 4096K, 99% used [0x00000000ec800000,0x00000000ecbfc0c8,0x00000000ecc00000)
  to   space 4096K, 0% used [0x00000000ec400000,0x00000000ec400000,0x00000000ec800000)
 ParOldGen       total 68608K, used 1444K [0x00000000c0000000, 0x00000000c4300000, 0x00000000eab00000)
  object space 68608K, 2% used [0x00000000c0000000,0x00000000c0169060,0x00000000c4300000)
 Metaspace       used 16345K, committed 16640K, reserved 1114112K
  class space    used 1643K, committed 1792K, reserved 1048576K
}
Event: 1.280 GC heap after
{Heap after GC invocations=3 (full 0):
 PSYoungGen      total 29696K, used 4089K [0x00000000eab00000, 0x00000000ecc00000, 0x0000000100000000)
  eden space 25600K, 0% used [0x00000000eab00000,0x00000000eab00000,0x00000000ec400000)
  from space 4096K, 99% used [0x00000000ec400000,0x00000000ec7fe7e0,0x00000000ec800000)
  to   space 4096K, 0% used [0x00000000ec800000,0x00000000ec800000,0x00000000ecc00000)
 ParOldGen       total 68608K, used 5205K [0x00000000c0000000, 0x00000000c4300000, 0x00000000eab00000)
  object space 68608K, 7% used [0x00000000c0000000,0x00000000c05157b8,0x00000000c4300000)
 Metaspace       used 16345K, committed 16640K, reserved 1114112K
  class space    used 1643K, committed 1792K, reserved 1048576K
}
Event: 1.740 GC heap before
{Heap before GC invocations=4 (full 0):
 PSYoungGen      total 29696K, used 29689K [0x00000000eab00000, 0x00000000ecc00000, 0x0000000100000000)
  eden space 25600K, 100% used [0x00000000eab00000,0x00000000ec400000,0x00000000ec400000)
  from space 4096K, 99% used [0x00000000ec400000,0x00000000ec7fe7e0,0x00000000ec800000)
  to   space 4096K, 0% used [0x00000000ec800000,0x00000000ec800000,0x00000000ecc00000)
 ParOldGen       total 68608K, used 5205K [0x00000000c0000000, 0x00000000c4300000, 0x00000000eab00000)
  object space 68608K, 7% used [0x00000000c0000000,0x00000000c05157b8,0x00000000c4300000)
 Metaspace       used 20824K, committed 21312K, reserved 1114112K
  class space    used 2109K, committed 2304K, reserved 1048576K
}
Event: 1.743 GC heap after
{Heap after GC invocations=4 (full 0):
 PSYoungGen      total 29696K, used 4093K [0x00000000eab00000, 0x00000000ecc00000, 0x0000000100000000)
  eden space 25600K, 0% used [0x00000000eab00000,0x00000000eab00000,0x00000000ec400000)
  from space 4096K, 99% used [0x00000000ec800000,0x00000000ecbff430,0x00000000ecc00000)
  to   space 4096K, 0% used [0x00000000ec400000,0x00000000ec400000,0x00000000ec800000)
 ParOldGen       total 68608K, used 6725K [0x00000000c0000000, 0x00000000c4300000, 0x00000000eab00000)
  object space 68608K, 9% used [0x00000000c0000000,0x00000000c06914b0,0x00000000c4300000)
 Metaspace       used 20824K, committed 21312K, reserved 1114112K
  class space    used 2109K, committed 2304K, reserved 1048576K
}
Event: 1.764 GC heap before
{Heap before GC invocations=5 (full 0):
 PSYoungGen      total 29696K, used 5530K [0x00000000eab00000, 0x00000000ecc00000, 0x0000000100000000)
  eden space 25600K, 5% used [0x00000000eab00000,0x00000000eac674c8,0x00000000ec400000)
  from space 4096K, 99% used [0x00000000ec800000,0x00000000ecbff430,0x00000000ecc00000)
  to   space 4096K, 0% used [0x00000000ec400000,0x00000000ec400000,0x00000000ec800000)
 ParOldGen       total 68608K, used 6725K [0x00000000c0000000, 0x00000000c4300000, 0x00000000eab00000)
  object space 68608K, 9% used [0x00000000c0000000,0x00000000c06914b0,0x00000000c4300000)
 Metaspace       used 21033K, committed 21504K, reserved 1114112K
  class space    used 2130K, committed 2368K, reserved 1048576K
}
Event: 1.766 GC heap after
{Heap after GC invocations=5 (full 0):
 PSYoungGen      total 29696K, used 4090K [0x00000000eab00000, 0x00000000ece00000, 0x0000000100000000)
  eden space 25600K, 0% used [0x00000000eab00000,0x00000000eab00000,0x00000000ec400000)
  from space 4096K, 99% used [0x00000000ec400000,0x00000000ec7fe890,0x00000000ec800000)
  to   space 5120K, 0% used [0x00000000ec900000,0x00000000ec900000,0x00000000ece00000)
 ParOldGen       total 68608K, used 6869K [0x00000000c0000000, 0x00000000c4300000, 0x00000000eab00000)
  object space 68608K, 10% used [0x00000000c0000000,0x00000000c06b54b0,0x00000000c4300000)
 Metaspace       used 21033K, committed 21504K, reserved 1114112K
  class space    used 2130K, committed 2368K, reserved 1048576K
}
Event: 1.766 GC heap before
{Heap before GC invocations=6 (full 1):
 PSYoungGen      total 29696K, used 4090K [0x00000000eab00000, 0x00000000ece00000, 0x0000000100000000)
  eden space 25600K, 0% used [0x00000000eab00000,0x00000000eab00000,0x00000000ec400000)
  from space 4096K, 99% used [0x00000000ec400000,0x00000000ec7fe890,0x00000000ec800000)
  to   space 5120K, 0% used [0x00000000ec900000,0x00000000ec900000,0x00000000ece00000)
 ParOldGen       total 68608K, used 6869K [0x00000000c0000000, 0x00000000c4300000, 0x00000000eab00000)
  object space 68608K, 10% used [0x00000000c0000000,0x00000000c06b54b0,0x00000000c4300000)
 Metaspace       used 21033K, committed 21504K, reserved 1114112K
  class space    used 2130K, committed 2368K, reserved 1048576K
}
Event: 1.786 GC heap after
{Heap after GC invocations=6 (full 1):
 PSYoungGen      total 29696K, used 0K [0x00000000eab00000, 0x00000000ece00000, 0x0000000100000000)
  eden space 25600K, 0% used [0x00000000eab00000,0x00000000eab00000,0x00000000ec400000)
  from space 4096K, 0% used [0x00000000ec400000,0x00000000ec400000,0x00000000ec800000)
  to   space 5120K, 0% used [0x00000000ec900000,0x00000000ec900000,0x00000000ece00000)
 ParOldGen       total 68608K, used 10582K [0x00000000c0000000, 0x00000000c4300000, 0x00000000eab00000)
  object space 68608K, 15% used [0x00000000c0000000,0x00000000c0a55b58,0x00000000c4300000)
 Metaspace       used 21020K, committed 21504K, reserved 1114112K
  class space    used 2127K, committed 2368K, reserved 1048576K
}
Event: 2.132 GC heap before
{Heap before GC invocations=7 (full 1):
 PSYoungGen      total 29696K, used 25598K [0x00000000eab00000, 0x00000000ece00000, 0x0000000100000000)
  eden space 25600K, 99% used [0x00000000eab00000,0x00000000ec3ff948,0x00000000ec400000)
  from space 4096K, 0% used [0x00000000ec400000,0x00000000ec400000,0x00000000ec800000)
  to   space 5120K, 0% used [0x00000000ec900000,0x00000000ec900000,0x00000000ece00000)
 ParOldGen       total 68608K, used 10582K [0x00000000c0000000, 0x00000000c4300000, 0x00000000eab00000)
  object space 68608K, 15% used [0x00000000c0000000,0x00000000c0a55b58,0x00000000c4300000)
 Metaspace       used 24263K, committed 24832K, reserved 1114112K
  class space    used 2466K, committed 2688K, reserved 1048576K
}
Event: 2.134 GC heap after
{Heap after GC invocations=7 (full 1):
 PSYoungGen      total 26624K, used 1389K [0x00000000eab00000, 0x00000000eca80000, 0x0000000100000000)
  eden space 25088K, 0% used [0x00000000eab00000,0x00000000eab00000,0x00000000ec380000)
  from space 1536K, 90% used [0x00000000ec900000,0x00000000eca5b4f0,0x00000000eca80000)
  to   space 2560K, 0% used [0x00000000ec580000,0x00000000ec580000,0x00000000ec800000)
 ParOldGen       total 68608K, used 10590K [0x00000000c0000000, 0x00000000c4300000, 0x00000000eab00000)
  object space 68608K, 15% used [0x00000000c0000000,0x00000000c0a57b58,0x00000000c4300000)
 Metaspace       used 24263K, committed 24832K, reserved 1114112K
  class space    used 2466K, committed 2688K, reserved 1048576K
}
Event: 2.368 GC heap before
{Heap before GC invocations=8 (full 1):
 PSYoungGen      total 26624K, used 26454K [0x00000000eab00000, 0x00000000eca80000, 0x0000000100000000)
  eden space 25088K, 99% used [0x00000000eab00000,0x00000000ec37a310,0x00000000ec380000)
  from space 1536K, 90% used [0x00000000ec900000,0x00000000eca5b4f0,0x00000000eca80000)
  to   space 2560K, 0% used [0x00000000ec580000,0x00000000ec580000,0x00000000ec800000)
 ParOldGen       total 68608K, used 10590K [0x00000000c0000000, 0x00000000c4300000, 0x00000000eab00000)
  object space 68608K, 15% used [0x00000000c0000000,0x00000000c0a57b58,0x00000000c4300000)
 Metaspace       used 27268K, committed 27904K, reserved 1114112K
  class space    used 2795K, committed 3072K, reserved 1048576K
}
Event: 2.369 GC heap after
{Heap after GC invocations=8 (full 1):
 PSYoungGen      total 27136K, used 2530K [0x00000000eab00000, 0x00000000ecc00000, 0x0000000100000000)
  eden space 24576K, 0% used [0x00000000eab00000,0x00000000eab00000,0x00000000ec300000)
  from space 2560K, 98% used [0x00000000ec580000,0x00000000ec7f88b0,0x00000000ec800000)
  to   space 4096K, 0% used [0x00000000ec800000,0x00000000ec800000,0x00000000ecc00000)
 ParOldGen       total 68608K, used 12101K [0x00000000c0000000, 0x00000000c4300000, 0x00000000eab00000)
  object space 68608K, 17% used [0x00000000c0000000,0x00000000c0bd1638,0x00000000c4300000)
 Metaspace       used 27268K, committed 27904K, reserved 1114112K
  class space    used 2795K, committed 3072K, reserved 1048576K
}
Event: 2.525 GC heap before
{Heap before GC invocations=9 (full 1):
 PSYoungGen      total 27136K, used 27106K [0x00000000eab00000, 0x00000000ecc00000, 0x0000000100000000)
  eden space 24576K, 100% used [0x00000000eab00000,0x00000000ec300000,0x00000000ec300000)
  from space 2560K, 98% used [0x00000000ec580000,0x00000000ec7f88b0,0x00000000ec800000)
  to   space 4096K, 0% used [0x00000000ec800000,0x00000000ec800000,0x00000000ecc00000)
 ParOldGen       total 68608K, used 12101K [0x00000000c0000000, 0x00000000c4300000, 0x00000000eab00000)
  object space 68608K, 17% used [0x00000000c0000000,0x00000000c0bd1638,0x00000000c4300000)
 Metaspace       used 30184K, committed 30848K, reserved 1114112K
  class space    used 2997K, committed 3264K, reserved 1048576K
}
Event: 2.526 GC heap after
{Heap after GC invocations=9 (full 1):
 PSYoungGen      total 27136K, used 2716K [0x00000000eab00000, 0x00000000ecb00000, 0x0000000100000000)
  eden space 24064K, 0% used [0x00000000eab00000,0x00000000eab00000,0x00000000ec280000)
  from space 3072K, 88% used [0x00000000ec800000,0x00000000ecaa70d0,0x00000000ecb00000)
  to   space 3584K, 0% used [0x00000000ec400000,0x00000000ec400000,0x00000000ec780000)
 ParOldGen       total 68608K, used 12109K [0x00000000c0000000, 0x00000000c4300000, 0x00000000eab00000)
  object space 68608K, 17% used [0x00000000c0000000,0x00000000c0bd3638,0x00000000c4300000)
 Metaspace       used 30184K, committed 30848K, reserved 1114112K
  class space    used 2997K, committed 3264K, reserved 1048576K
}

Dll operation events (9 events):
Event: 0.004 Loaded shared library c:\Users\mitta\.vscode\extensions\redhat.java-1.28.1-win32-x64\jre\17.0.10-win32-x86_64\bin\java.dll
Event: 0.092 Loaded shared library c:\Users\mitta\.vscode\extensions\redhat.java-1.28.1-win32-x64\jre\17.0.10-win32-x86_64\bin\zip.dll
Event: 0.094 Loaded shared library C:\Users\mitta\.vscode\extensions\redhat.java-1.28.1-win32-x64\jre\17.0.10-win32-x86_64\bin\instrument.dll
Event: 0.101 Loaded shared library C:\Users\mitta\.vscode\extensions\redhat.java-1.28.1-win32-x64\jre\17.0.10-win32-x86_64\bin\net.dll
Event: 0.102 Loaded shared library C:\Users\mitta\.vscode\extensions\redhat.java-1.28.1-win32-x64\jre\17.0.10-win32-x86_64\bin\nio.dll
Event: 0.106 Loaded shared library C:\Users\mitta\.vscode\extensions\redhat.java-1.28.1-win32-x64\jre\17.0.10-win32-x86_64\bin\zip.dll
Event: 0.114 Loaded shared library C:\Users\mitta\.vscode\extensions\redhat.java-1.28.1-win32-x64\jre\17.0.10-win32-x86_64\bin\jimage.dll
Event: 0.149 Loaded shared library c:\Users\mitta\.vscode\extensions\redhat.java-1.28.1-win32-x64\jre\17.0.10-win32-x86_64\bin\verify.dll
Event: 0.717 Loaded shared library C:\Users\mitta\AppData\Roaming\Code\User\globalStorage\redhat.java\1.28.1\config_win\org.eclipse.equinox.launcher\org.eclipse.equinox.launcher.win32.win32.x86_64_1.2.900.v20240129-1338\eclipse_11900.dll

Deoptimization events (20 events):
Event: 2.215 Thread 0x00000145047b6370 DEOPT PACKING pc=0x000001457447a730 sp=0x0000003f991edc80
Event: 2.215 Thread 0x00000145047b6370 DEOPT UNPACKING pc=0x0000014573f19ea3 sp=0x0000003f991edba8 mode 2
Event: 2.215 Thread 0x00000145047b6370 Uncommon trap: trap_request=0xffffff45 fr.pc=0x000001457447b08c relative=0x000000000000036c
Event: 2.215 Thread 0x00000145047b6370 Uncommon trap: reason=unstable_if action=reinterpret pc=0x000001457447b08c method=java.lang.AbstractStringBuilder.isLatin1()Z @ 10 c2
Event: 2.215 Thread 0x00000145047b6370 DEOPT PACKING pc=0x000001457447b08c sp=0x0000003f991edc90
Event: 2.215 Thread 0x00000145047b6370 DEOPT UNPACKING pc=0x0000014573f19ea3 sp=0x0000003f991edc10 mode 2
Event: 2.215 Thread 0x00000145047b6370 Uncommon trap: trap_request=0xffffff45 fr.pc=0x00000145744d2edc relative=0x000000000000005c
Event: 2.215 Thread 0x00000145047b6370 Uncommon trap: reason=unstable_if action=reinterpret pc=0x00000145744d2edc method=java.lang.AbstractStringBuilder.isLatin1()Z @ 10 c2
Event: 2.215 Thread 0x00000145047b6370 DEOPT PACKING pc=0x00000145744d2edc sp=0x0000003f991edc70
Event: 2.216 Thread 0x00000145047b6370 DEOPT UNPACKING pc=0x0000014573f19ea3 sp=0x0000003f991edc00 mode 2
Event: 2.221 Thread 0x00000145047b6370 Uncommon trap: trap_request=0xffffff45 fr.pc=0x0000014574488fc8 relative=0x0000000000000048
Event: 2.221 Thread 0x00000145047b6370 Uncommon trap: reason=unstable_if action=reinterpret pc=0x0000014574488fc8 method=java.lang.CharacterData.of(I)Ljava/lang/CharacterData; @ 4 c2
Event: 2.221 Thread 0x00000145047b6370 DEOPT PACKING pc=0x0000014574488fc8 sp=0x0000003f991ed400
Event: 2.221 Thread 0x00000145047b6370 DEOPT UNPACKING pc=0x0000014573f19ea3 sp=0x0000003f991ed398 mode 2
Event: 2.275 Thread 0x00000145047b6370 Uncommon trap: trap_request=0xffffffc6 fr.pc=0x000001457451ef9c relative=0x0000000000000d7c
Event: 2.275 Thread 0x00000145047b6370 Uncommon trap: reason=bimorphic_or_optimized_type_check action=maybe_recompile pc=0x000001457451ef9c method=java.util.Properties$LineReader.readLine()I @ 479 c2
Event: 2.275 Thread 0x00000145047b6370 DEOPT PACKING pc=0x000001457451ef9c sp=0x0000003f991ef6e0
Event: 2.275 Thread 0x00000145047b6370 DEOPT UNPACKING pc=0x0000014573f19ea3 sp=0x0000003f991ef670 mode 2
Event: 2.584 Thread 0x00000145047b6370 DEOPT PACKING pc=0x000001456ca77a43 sp=0x0000003f991f19e0
Event: 2.584 Thread 0x00000145047b6370 DEOPT UNPACKING pc=0x0000014573f1a9e3 sp=0x0000003f991f0f00 mode 0

Classes unloaded (7 events):
Event: 1.770 Thread 0x00000145685bed10 Unloading class 0x000000010024c400 'java/lang/invoke/LambdaForm$MH+0x000000010024c400'
Event: 1.770 Thread 0x00000145685bed10 Unloading class 0x000000010024c000 'java/lang/invoke/LambdaForm$MH+0x000000010024c000'
Event: 1.770 Thread 0x00000145685bed10 Unloading class 0x000000010024bc00 'java/lang/invoke/LambdaForm$MH+0x000000010024bc00'
Event: 1.770 Thread 0x00000145685bed10 Unloading class 0x000000010024b800 'java/lang/invoke/LambdaForm$MH+0x000000010024b800'
Event: 1.770 Thread 0x00000145685bed10 Unloading class 0x000000010024b400 'java/lang/invoke/LambdaForm$BMH+0x000000010024b400'
Event: 1.770 Thread 0x00000145685bed10 Unloading class 0x000000010024b000 'java/lang/invoke/LambdaForm$DMH+0x000000010024b000'
Event: 1.770 Thread 0x00000145685bed10 Unloading class 0x0000000100248400 'java/lang/invoke/LambdaForm$DMH+0x0000000100248400'

Classes redefined (0 events):
No events

Internal exceptions (20 events):
Event: 1.726 Thread 0x00000145047b6370 Exception <a 'java/lang/NoSuchMethodError'{0x00000000ec308a58}: 'java.lang.Object java.lang.invoke.DirectMethodHandle$Holder.invokeStatic(java.lang.Object, java.lang.Object, java.lang.Object, java.lang.Object, int)'> (0x00000000ec308a58) 
thrown [s\src\hotspot\share\interpreter\linkResolver.cpp, line 759]
Event: 1.727 Thread 0x00000145047b6370 Exception <a 'java/lang/NoSuchMethodError'{0x00000000ec314a50}: 'java.lang.Object java.lang.invoke.DelegatingMethodHandle$Holder.reinvoke_L(java.lang.Object, java.lang.Object, java.lang.Object, java.lang.Object, int, int)'> (0x00000000ec314a50) 
thrown [s\src\hotspot\share\interpreter\linkResolver.cpp, line 759]
Event: 1.728 Thread 0x00000145047b6370 Exception <a 'java/lang/NoSuchMethodError'{0x00000000ec329518}: 'java.lang.Object java.lang.invoke.Invokers$Holder.invokeExact_MT(java.lang.Object, java.lang.Object, java.lang.Object, java.lang.Object)'> (0x00000000ec329518) 
thrown [s\src\hotspot\share\interpreter\linkResolver.cpp, line 759]
Event: 1.795 Thread 0x00000145047b6370 Exception <a 'java/io/FileNotFoundException'{0x00000000eab891b0}> (0x00000000eab891b0) 
thrown [s\src\hotspot\share\prims\jni.cpp, line 516]
Event: 1.796 Thread 0x00000145047b6370 Exception <a 'java/io/FileNotFoundException'{0x00000000eabb35c8}> (0x00000000eabb35c8) 
thrown [s\src\hotspot\share\prims\jni.cpp, line 516]
Event: 1.837 Thread 0x00000145047b6370 Exception <a 'java/lang/NoSuchMethodError'{0x00000000eaeceec8}: 'java.lang.Object java.lang.invoke.DirectMethodHandle$Holder.newInvokeSpecial(java.lang.Object, java.lang.Object, java.lang.Object, java.lang.Object, java.lang.Object)'> (0x00000000eaeceec8) 
thrown [s\src\hotspot\share\interpreter\linkResolver.cpp, line 759]
Event: 1.921 Thread 0x00000145047b6370 Exception <a 'java/lang/NoSuchMethodError'{0x00000000eb30dc60}: 'java.lang.Object java.lang.invoke.DirectMethodHandle$Holder.invokeSpecial(java.lang.Object, java.lang.Object, java.lang.Object, long, java.lang.Object)'> (0x00000000eb30dc60) 
thrown [s\src\hotspot\share\interpreter\linkResolver.cpp, line 759]
Event: 1.921 Thread 0x00000145047b6370 Exception <a 'java/lang/NoSuchMethodError'{0x00000000eb315e18}: 'java.lang.Object java.lang.invoke.DirectMethodHandle$Holder.newInvokeSpecial(java.lang.Object, java.lang.Object, java.lang.Object, long)'> (0x00000000eb315e18) 
thrown [s\src\hotspot\share\interpreter\linkResolver.cpp, line 759]
Event: 1.922 Thread 0x00000145047b6370 Exception <a 'java/lang/NoSuchMethodError'{0x00000000eb31a3b8}: 'java.lang.Object java.lang.invoke.DirectMethodHandle$Holder.invokeSpecial(java.lang.Object, java.lang.Object, java.lang.Object, java.lang.Object, long)'> (0x00000000eb31a3b8) 
thrown [s\src\hotspot\share\interpreter\linkResolver.cpp, line 759]
Event: 1.922 Thread 0x00000145047b6370 Exception <a 'java/lang/NoSuchMethodError'{0x00000000eb31e230}: 'java.lang.Object java.lang.invoke.Invokers$Holder.linkToTargetMethod(java.lang.Object, java.lang.Object, long, java.lang.Object)'> (0x00000000eb31e230) 
thrown [s\src\hotspot\share\interpreter\linkResolver.cpp, line 759]
Event: 1.928 Thread 0x00000145047b6370 Exception <a 'java/lang/NoSuchMethodError'{0x00000000eb386168}: 'int java.lang.invoke.DirectMethodHandle$Holder.invokeStaticInit(java.lang.Object, java.lang.Object, java.lang.Object)'> (0x00000000eb386168) 
thrown [s\src\hotspot\share\interpreter\linkResolver.cpp, line 759]
Event: 1.935 Thread 0x00000145047b6370 Exception <a 'java/lang/IncompatibleClassChangeError'{0x00000000eb42e7f0}: Found class java.lang.Object, but interface was expected> (0x00000000eb42e7f0) 
thrown [s\src\hotspot\share\interpreter\linkResolver.cpp, line 826]
Event: 1.938 Thread 0x00000145047b6370 Exception <a 'java/lang/NoSuchMethodError'{0x00000000eb4422a8}: 'java.lang.Object java.lang.invoke.DirectMethodHandle$Holder.invokeSpecial(java.lang.Object, java.lang.Object, java.lang.Object, int, java.lang.Object, java.lang.Object)'> (0x00000000eb4422a8) 
thrown [s\src\hotspot\share\interpreter\linkResolver.cpp, line 759]
Event: 1.938 Thread 0x00000145047b6370 Exception <a 'java/lang/NoSuchMethodError'{0x00000000eb44db70}: 'java.lang.Object java.lang.invoke.DirectMethodHandle$Holder.newInvokeSpecial(java.lang.Object, java.lang.Object, java.lang.Object, int, java.lang.Object)'> (0x00000000eb44db70) 
thrown [s\src\hotspot\share\interpreter\linkResolver.cpp, line 759]
Event: 1.939 Thread 0x00000145047b6370 Exception <a 'java/lang/NoSuchMethodError'{0x00000000eb451fc8}: 'java.lang.Object java.lang.invoke.DirectMethodHandle$Holder.invokeSpecial(java.lang.Object, java.lang.Object, java.lang.Object, java.lang.Object, int, java.lang.Object)'> (0x00000000eb451fc8) 
thrown [s\src\hotspot\share\interpreter\linkResolver.cpp, line 759]
Event: 1.939 Thread 0x000001450520da80 Exception <a 'java/lang/NoSuchMethodError'{0x00000000eb3906b8}: 'java.lang.Object java.lang.invoke.DirectMethodHandle$Holder.invokeSpecial(java.lang.Object, java.lang.Object, int, java.lang.Object, java.lang.Object)'> (0x00000000eb3906b8) 
thrown [s\src\hotspot\share\interpreter\linkResolver.cpp, line 759]
Event: 2.109 Thread 0x00000145047b6370 Exception <a 'java/lang/NoSuchMethodError'{0x00000000ec1bb190}: 'java.lang.Object java.lang.invoke.Invokers$Holder.linkToTargetMethod(java.lang.Object, long, java.lang.Object, java.lang.Object)'> (0x00000000ec1bb190) 
thrown [s\src\hotspot\share\interpreter\linkResolver.cpp, line 759]
Event: 2.176 Thread 0x00000145047b6370 Exception <a 'java/io/FileNotFoundException'{0x00000000eb03d188}> (0x00000000eb03d188) 
thrown [s\src\hotspot\share\prims\jni.cpp, line 516]
Event: 2.177 Thread 0x00000145047b6370 Exception <a 'java/lang/NoSuchMethodError'{0x00000000eb0464a8}: 'java.lang.Object java.lang.invoke.DirectMethodHandle$Holder.newInvokeSpecial(java.lang.Object, int, java.lang.Object, java.lang.Object)'> (0x00000000eb0464a8) 
thrown [s\src\hotspot\share\interpreter\linkResolver.cpp, line 759]
Event: 2.265 Thread 0x00000145047b6370 Exception <a 'java/lang/NoSuchMethodError'{0x00000000eb821ec8}: 'void java.lang.invoke.DirectMethodHandle$Holder.invokeSpecial(java.lang.Object, java.lang.Object, java.lang.Object, int)'> (0x00000000eb821ec8) 
thrown [s\src\hotspot\share\interpreter\linkResolver.cpp, line 759]

VM Operations (20 events):
Event: 1.987 Executing VM operation: HandshakeAllThreads
Event: 1.987 Executing VM operation: HandshakeAllThreads done
Event: 2.011 Executing VM operation: HandshakeAllThreads
Event: 2.011 Executing VM operation: HandshakeAllThreads done
Event: 2.016 Executing VM operation: HandshakeAllThreads
Event: 2.016 Executing VM operation: HandshakeAllThreads done
Event: 2.079 Executing VM operation: ICBufferFull
Event: 2.079 Executing VM operation: ICBufferFull done
Event: 2.132 Executing VM operation: ParallelGCFailedAllocation
Event: 2.134 Executing VM operation: ParallelGCFailedAllocation done
Event: 2.222 Executing VM operation: HandshakeAllThreads
Event: 2.222 Executing VM operation: HandshakeAllThreads done
Event: 2.368 Executing VM operation: ParallelGCFailedAllocation
Event: 2.369 Executing VM operation: ParallelGCFailedAllocation done
Event: 2.525 Executing VM operation: ParallelGCFailedAllocation
Event: 2.526 Executing VM operation: ParallelGCFailedAllocation done
Event: 2.658 Executing VM operation: HandshakeAllThreads
Event: 2.658 Executing VM operation: HandshakeAllThreads done
Event: 2.658 Executing VM operation: HandshakeAllThreads
Event: 2.658 Executing VM operation: HandshakeAllThreads done

Events (20 events):
Event: 2.319 loading class java/io/StringReader
Event: 2.319 loading class java/io/StringReader done
Event: 2.337 loading class java/net/SocketTimeoutException
Event: 2.337 loading class java/io/InterruptedIOException
Event: 2.337 loading class java/io/InterruptedIOException done
Event: 2.337 loading class java/net/SocketTimeoutException done
Event: 2.337 loading class java/net/SocketException
Event: 2.337 loading class java/net/SocketException done
Event: 2.337 loading class java/net/UnknownHostException
Event: 2.337 loading class java/net/UnknownHostException done
Event: 2.337 loading class java/net/ProtocolException
Event: 2.337 loading class java/net/ProtocolException done
Event: 2.352 loading class java/lang/ThreadLocal$SuppliedThreadLocal
Event: 2.352 loading class java/lang/ThreadLocal$SuppliedThreadLocal done
Event: 2.358 loading class java/io/FileWriter
Event: 2.359 loading class java/io/FileWriter done
Event: 2.393 loading class java/lang/NegativeArraySizeException
Event: 2.393 loading class java/lang/NegativeArraySizeException done
Event: 2.654 loading class org/w3c/dom/DOMException
Event: 2.655 loading class org/w3c/dom/DOMException done


Dynamic libraries:
0x00007ff61b2c0000 - 0x00007ff61b2ce000 	c:\Users\mitta\.vscode\extensions\redhat.java-1.28.1-win32-x64\jre\17.0.10-win32-x86_64\bin\java.exe
0x00007ffae6210000 - 0x00007ffae6426000 	C:\WINDOWS\SYSTEM32\ntdll.dll
0x00007ffae4db0000 - 0x00007ffae4e74000 	C:\WINDOWS\System32\KERNEL32.DLL
0x00007ffae3760000 - 0x00007ffae3b06000 	C:\WINDOWS\System32\KERNELBASE.dll
0x00007ffae3cf0000 - 0x00007ffae3e01000 	C:\WINDOWS\System32\ucrtbase.dll
0x00007ffad3340000 - 0x00007ffad3357000 	c:\Users\mitta\.vscode\extensions\redhat.java-1.28.1-win32-x64\jre\17.0.10-win32-x86_64\bin\jli.dll
0x00007ffab9cb0000 - 0x00007ffab9ccb000 	c:\Users\mitta\.vscode\extensions\redhat.java-1.28.1-win32-x64\jre\17.0.10-win32-x86_64\bin\VCRUNTIME140.dll
0x00007ffae5e10000 - 0x00007ffae5fbd000 	C:\WINDOWS\System32\USER32.dll
0x00007ffabef70000 - 0x00007ffabf203000 	C:\WINDOWS\WinSxS\amd64_microsoft.windows.common-controls_6595b64144ccf1df_6.0.22621.3139_none_270f19e5738675cb\COMCTL32.dll
0x00007ffae3730000 - 0x00007ffae3756000 	C:\WINDOWS\System32\win32u.dll
0x00007ffae6120000 - 0x00007ffae61c7000 	C:\WINDOWS\System32\msvcrt.dll
0x00007ffae4930000 - 0x00007ffae4959000 	C:\WINDOWS\System32\GDI32.dll
0x00007ffae3540000 - 0x00007ffae3658000 	C:\WINDOWS\System32\gdi32full.dll
0x00007ffae3690000 - 0x00007ffae372a000 	C:\WINDOWS\System32\msvcp_win.dll
0x00007ffae4c60000 - 0x00007ffae4c91000 	C:\WINDOWS\System32\IMM32.DLL
0x00007ffab93a0000 - 0x00007ffab93ac000 	c:\Users\mitta\.vscode\extensions\redhat.java-1.28.1-win32-x64\jre\17.0.10-win32-x86_64\bin\vcruntime140_1.dll
0x00007ffa7a500000 - 0x00007ffa7a58d000 	c:\Users\mitta\.vscode\extensions\redhat.java-1.28.1-win32-x64\jre\17.0.10-win32-x86_64\bin\msvcp140.dll
0x00007ffa2b9a0000 - 0x00007ffa2c602000 	c:\Users\mitta\.vscode\extensions\redhat.java-1.28.1-win32-x64\jre\17.0.10-win32-x86_64\bin\server\jvm.dll
0x00007ffae4e80000 - 0x00007ffae4f32000 	C:\WINDOWS\System32\ADVAPI32.dll
0x00007ffae4780000 - 0x00007ffae4828000 	C:\WINDOWS\System32\sechost.dll
0x00007ffae3660000 - 0x00007ffae3688000 	C:\WINDOWS\System32\bcrypt.dll
0x00007ffae4b40000 - 0x00007ffae4c55000 	C:\WINDOWS\System32\RPCRT4.dll
0x00007ffae23d0000 - 0x00007ffae241d000 	C:\WINDOWS\SYSTEM32\POWRPROF.dll
0x00007ffad3f00000 - 0x00007ffad3f09000 	C:\WINDOWS\SYSTEM32\WSOCK32.dll
0x00007ffadab70000 - 0x00007ffadaba4000 	C:\WINDOWS\SYSTEM32\WINMM.dll
0x00007ffae4830000 - 0x00007ffae48a1000 	C:\WINDOWS\System32\WS2_32.dll
0x00007ffad7930000 - 0x00007ffad793a000 	C:\WINDOWS\SYSTEM32\VERSION.dll
0x00007ffae23b0000 - 0x00007ffae23c3000 	C:\WINDOWS\SYSTEM32\UMPDC.dll
0x00007ffae2670000 - 0x00007ffae2688000 	C:\WINDOWS\SYSTEM32\kernel.appcore.dll
0x00007ffab9390000 - 0x00007ffab939a000 	c:\Users\mitta\.vscode\extensions\redhat.java-1.28.1-win32-x64\jre\17.0.10-win32-x86_64\bin\jimage.dll
0x00007ffae0950000 - 0x00007ffae0b83000 	C:\WINDOWS\SYSTEM32\DBGHELP.DLL
0x00007ffae42f0000 - 0x00007ffae4678000 	C:\WINDOWS\System32\combase.dll
0x00007ffae5fc0000 - 0x00007ffae6097000 	C:\WINDOWS\System32\OLEAUT32.dll
0x00007ffad4a50000 - 0x00007ffad4a82000 	C:\WINDOWS\SYSTEM32\dbgcore.DLL
0x00007ffae3e10000 - 0x00007ffae3e8a000 	C:\WINDOWS\System32\bcryptPrimitives.dll
0x00007ffab66a0000 - 0x00007ffab66ae000 	c:\Users\mitta\.vscode\extensions\redhat.java-1.28.1-win32-x64\jre\17.0.10-win32-x86_64\bin\instrument.dll
0x00007ffab1da0000 - 0x00007ffab1dc5000 	c:\Users\mitta\.vscode\extensions\redhat.java-1.28.1-win32-x64\jre\17.0.10-win32-x86_64\bin\java.dll
0x00007ffaadeb0000 - 0x00007ffaadec8000 	c:\Users\mitta\.vscode\extensions\redhat.java-1.28.1-win32-x64\jre\17.0.10-win32-x86_64\bin\zip.dll
0x00007ffae5060000 - 0x00007ffae58bc000 	C:\WINDOWS\System32\SHELL32.dll
0x00007ffae14b0000 - 0x00007ffae1da9000 	C:\WINDOWS\SYSTEM32\windows.storage.dll
0x00007ffae1370000 - 0x00007ffae14ae000 	C:\WINDOWS\SYSTEM32\wintypes.dll
0x00007ffae4ca0000 - 0x00007ffae4d93000 	C:\WINDOWS\System32\SHCORE.dll
0x00007ffae58c0000 - 0x00007ffae591e000 	C:\WINDOWS\System32\shlwapi.dll
0x00007ffae3470000 - 0x00007ffae3496000 	C:\WINDOWS\SYSTEM32\profapi.dll
0x00007ffaade90000 - 0x00007ffaadea9000 	C:\Users\mitta\.vscode\extensions\redhat.java-1.28.1-win32-x64\jre\17.0.10-win32-x86_64\bin\net.dll
0x00007ffadd3c0000 - 0x00007ffadd4f7000 	C:\WINDOWS\SYSTEM32\WINHTTP.dll
0x00007ffae2af0000 - 0x00007ffae2b59000 	C:\WINDOWS\system32\mswsock.dll
0x00007ffaadcb0000 - 0x00007ffaadcc6000 	C:\Users\mitta\.vscode\extensions\redhat.java-1.28.1-win32-x64\jre\17.0.10-win32-x86_64\bin\nio.dll
0x00007ffab63a0000 - 0x00007ffab63b0000 	c:\Users\mitta\.vscode\extensions\redhat.java-1.28.1-win32-x64\jre\17.0.10-win32-x86_64\bin\verify.dll
0x00007ffa84ef0000 - 0x00007ffa84f2e000 	C:\Users\mitta\AppData\Roaming\Code\User\globalStorage\redhat.java\1.28.1\config_win\org.eclipse.equinox.launcher\org.eclipse.equinox.launcher.win32.win32.x86_64_1.2.900.v20240129-1338\eclipse_11900.dll
0x00007ffae4140000 - 0x00007ffae42e5000 	C:\WINDOWS\System32\ole32.dll

dbghelp: loaded successfully - version: 4.0.5 - missing functions: none
symbol engine: initialized successfully - sym options: 0x614 - pdb path: .;c:\Users\mitta\.vscode\extensions\redhat.java-1.28.1-win32-x64\jre\17.0.10-win32-x86_64\bin;C:\WINDOWS\SYSTEM32;C:\WINDOWS\WinSxS\amd64_microsoft.windows.common-controls_6595b64144ccf1df_6.0.22621.3139_none_270f19e5738675cb;c:\Users\mitta\.vscode\extensions\redhat.java-1.28.1-win32-x64\jre\17.0.10-win32-x86_64\bin\server;C:\Users\mitta\AppData\Roaming\Code\User\globalStorage\redhat.java\1.28.1\config_win\org.eclipse.equinox.launcher\org.eclipse.equinox.launcher.win32.win32.x86_64_1.2.900.v20240129-1338

VM Arguments:
jvm_args: --add-modules=ALL-SYSTEM --add-opens=java.base/java.util=ALL-UNNAMED --add-opens=java.base/java.lang=ALL-UNNAMED --add-opens=java.base/sun.nio.fs=ALL-UNNAMED -Declipse.application=org.eclipse.jdt.ls.core.id1 -Dosgi.bundles.defaultStartLevel=4 -Declipse.product=org.eclipse.jdt.ls.core.product -Djava.import.generatesMetadataFilesAtProjectRoot=false -DDetectVMInstallationsJob.disabled=true -Dfile.encoding=utf8 -XX:+UseParallelGC -XX:GCTimeRatio=4 -XX:AdaptiveSizePolicyWeight=90 -Dsun.zip.disableMemoryMapping=true -Xmx1G -Xms100m -Xlog:disable -javaagent:c:\Users\mitta\.vscode\extensions\redhat.java-1.28.1-win32-x64\lombok\lombok-1.18.31.jar -XX:+HeapDumpOnOutOfMemoryError -XX:HeapDumpPath=c:\Users\mitta\AppData\Roaming\Code\User\workspaceStorage\a692e1cf0e494f24f55278b0b71f1011\redhat.java -Daether.dependencyCollector.impl=bf 
java_command: c:\Users\mitta\.vscode\extensions\redhat.java-1.28.1-win32-x64\server\plugins\org.eclipse.equinox.launcher_1.6.700.v20231214-2017.jar -configuration c:\Users\mitta\AppData\Roaming\Code\User\globalStorage\redhat.java\1.28.1\config_win -data c:\Users\mitta\AppData\Roaming\Code\User\workspaceStorage\a692e1cf0e494f24f55278b0b71f1011\redhat.java\jdt_ws --stdio
java_class_path (initial): c:\Users\mitta\.vscode\extensions\redhat.java-1.28.1-win32-x64\server\plugins\org.eclipse.equinox.launcher_1.6.700.v20231214-2017.jar
Launcher Type: SUN_STANDARD

[Global flags]
    uintx AdaptiveSizePolicyWeight                 = 90                                        {product} {command line}
     intx CICompilerCount                          = 4                                         {product} {ergonomic}
    uintx GCTimeRatio                              = 4                                         {product} {command line}
     bool HeapDumpOnOutOfMemoryError               = true                                   {manageable} {command line}
    ccstr HeapDumpPath                             = c:\Users\mitta\AppData\Roaming\Code\User\workspaceStorage\a692e1cf0e494f24f55278b0b71f1011\redhat.java         {manageable} {command line}
   size_t InitialHeapSize                          = 104857600                                 {product} {command line}
   size_t MaxHeapSize                              = 1073741824                                {product} {command line}
   size_t MaxNewSize                               = 357564416                                 {product} {ergonomic}
   size_t MinHeapDeltaBytes                        = 524288                                    {product} {ergonomic}
   size_t MinHeapSize                              = 104857600                                 {product} {command line}
   size_t NewSize                                  = 34603008                                  {product} {ergonomic}
    uintx NonNMethodCodeHeapSize                   = 5839372                                {pd product} {ergonomic}
    uintx NonProfiledCodeHeapSize                  = 122909434                              {pd product} {ergonomic}
   size_t OldSize                                  = 70254592                                  {product} {ergonomic}
    uintx ProfiledCodeHeapSize                     = 122909434                              {pd product} {ergonomic}
    uintx ReservedCodeCacheSize                    = 251658240                              {pd product} {ergonomic}
     bool SegmentedCodeCache                       = true                                      {product} {ergonomic}
   size_t SoftMaxHeapSize                          = 1073741824                             {manageable} {ergonomic}
     bool UseCompressedClassPointers               = true                           {product lp64_product} {ergonomic}
     bool UseCompressedOops                        = true                           {product lp64_product} {ergonomic}
     bool UseLargePagesIndividualAllocation        = false                                  {pd product} {ergonomic}
     bool UseParallelGC                            = true                                      {product} {command line}

Logging:
Log output configuration:
 #0: stdout all=off uptime,level,tags
 #1: stderr all=off uptime,level,tags

Environment Variables:
JAVA_HOME=C:\Program Files\Java\jdk-19
PATH=C:\Program Files\Eclipse Adoptium\jdk-17.0.7.7-hotspot\bin;C:\Program Files\Common Files\Oracle\Java\javapath;C:\Program Files (x86)\Common Files\Oracle\Java\javapath;C:\Windows\system32;C:\Windows;C:\Windows\System32\Wbem;C:\Windows\System32\WindowsPowerShell\v1.0\;C:\Windows\System32\OpenSSH\;C:\Program Files (x86)\NVIDIA Corporation\PhysX\Common;C:\Program Files\NVIDIA Corporation\NVIDIA NvDLISR;C:\msys64\mingw64\bin;C:\WINDOWS\system32;C:\WINDOWS;C:\WINDOWS\System32\Wbem;C:\WINDOWS\System32\WindowsPowerShell\v1.0\;C:\WINDOWS\System32\OpenSSH\;C:\Program Files\nodejs\;C:\Program Files\Git\cmd;C:\Program Files\dotnet\;C:\Program Files\Microsoft SQL Server\Client SDK\ODBC\170\Tools\Binn\;C:\Program Files\Microsoft SQL Server\150\Tools\Binn\;C:\Program Files (x86)\Microsoft SQL Server\160\DTS\Binn\;C:\Program Files\Azure Data Studio\bin;C:\Users\mitta\AppData\Local\Microsoft\WindowsApps;C:\Users\mitta\AppData\Local\Programs\Microsoft VS Code\bin;C:\Users\mitta\AppData\Roaming\npm;C:\Program Files\Java\jdk-19\bin;C:\Users\mitta\Downloads\flutter_windows_3.10.2-stable\flutter\bin;C:\Users\mitta\AppData\Local\Programs\Python\Python311;C:\ChromeDriver;C:\Users\mitta\.dotnet\tools;C:\Users\mitta\AppData\Local\GitHubDesktop\bin;C:\Users\mitta\AppData\Local\Programs\Azure Dev CLI\;C:\Program Files\Azure Data Studio\bin;C:\Users\mitta\AppData\Local\Programs\Azure Data Studio\bin
USERNAME=mitta
OS=Windows_NT
PROCESSOR_IDENTIFIER=Intel64 Family 6 Model 140 Stepping 2, GenuineIntel
TMP=C:\Users\mitta\AppData\Local\Temp
TEMP=C:\Users\mitta\AppData\Local\Temp



Periodic native trim disabled


---------------  S Y S T E M  ---------------

OS:
 Windows 11 , 64 bit Build 22621 (10.0.22621.3139)
OS uptime: 0 days 15:14 hours

CPU: total 8 (initial active 8) (4 cores per cpu, 2 threads per core) family 6 model 140 stepping 2 microcode 0x16, cx8, cmov, fxsr, ht, mmx, 3dnowpref, sse, sse2, sse3, ssse3, sse4.1, sse4.2, popcnt, lzcnt, tsc, tscinvbit, avx, avx2, aes, erms, clmul, bmi1, bmi2, adx, avx512f, avx512dq, avx512cd, avx512bw, avx512vl, sha, fma, vzeroupper, avx512_vpopcntdq, avx512_vpclmulqdq, avx512_vaes, avx512_vnni, clflush, clflushopt, clwb, avx512_vbmi2, avx512_vbmi
Processor Information for all 8 processors :
  Max Mhz: 3187, Current Mhz: 3187, Mhz Limit: 3187

Memory: 4k page, system-wide physical 7975M (398M free)
TotalPageFile size 32551M (AvailPageFile size 2M)
current process WorkingSet (physical memory assigned to process): 151M, peak: 151M
current process commit charge ("private bytes"): 253M, peak: 253M

vm_info: OpenJDK 64-Bit Server VM (17.0.10+7) for windows-amd64 JRE (17.0.10+7), built on Jan 16 2024 23:25:11 by "admin" with MS VC++ 16.10 / 16.11 (VS2019)

END.
