#
# There is insufficient memory for the Java Runtime Environment to continue.
# Native memory allocation (malloc) failed to allocate 67072 bytes for Chunk::new
# Possible reasons:
#   The system is out of physical RAM or swap space
#   The process is running with CompressedOops enabled, and the Java Heap may be blocking the growth of the native heap
# Possible solutions:
#   Reduce memory load on the system
#   Increase physical memory or swap space
#   Check if swap backing store is full
#   Decrease Java heap size (-Xmx/-Xms)
#   Decrease number of Java threads
#   Decrease Java thread stack sizes (-Xss)
#   Set larger code cache with -XX:ReservedCodeCacheSize=
#   JVM is running with Unscaled Compressed Oops mode in which the Java heap is
#     placed in the first 4GB address space. The Java Heap base address is the
#     maximum limit for the native heap growth. Please use -XX:HeapBaseMinAddress
#     to set the Java Heap base and to place the Java Heap above 4GB virtual address.
# This output file may be truncated or incomplete.
#
#  Out of Memory Error (arena.cpp:191), pid=16240, tid=12828
#
# JRE version: OpenJDK Runtime Environment Temurin-17.0.10+7 (17.0.10+7) (build 17.0.10+7)
# Java VM: OpenJDK 64-Bit Server VM Temurin-17.0.10+7 (17.0.10+7, mixed mode, tiered, compressed oops, compressed class ptrs, parallel gc, windows-amd64)
# No core dump will be written. Minidumps are not enabled by default on client versions of Windows
#

---------------  S U M M A R Y ------------

Command Line: --add-modules=ALL-SYSTEM --add-opens=java.base/java.util=ALL-UNNAMED --add-opens=java.base/java.lang=ALL-UNNAMED --add-opens=java.base/sun.nio.fs=ALL-UNNAMED -Declipse.application=org.eclipse.jdt.ls.core.id1 -Dosgi.bundles.defaultStartLevel=4 -Declipse.product=org.eclipse.jdt.ls.core.product -Djava.import.generatesMetadataFilesAtProjectRoot=false -DDetectVMInstallationsJob.disabled=true -Dfile.encoding=utf8 -XX:+UseParallelGC -XX:GCTimeRatio=4 -XX:AdaptiveSizePolicyWeight=90 -Dsun.zip.disableMemoryMapping=true -Xmx1G -Xms100m -Xlog:disable -javaagent:c:\Users\mitta\.vscode\extensions\redhat.java-1.28.1-win32-x64\lombok\lombok-1.18.31.jar -XX:+HeapDumpOnOutOfMemoryError -XX:HeapDumpPath=c:\Users\mitta\AppData\Roaming\Code\User\workspaceStorage\a692e1cf0e494f24f55278b0b71f1011\redhat.java -Daether.dependencyCollector.impl=bf c:\Users\mitta\.vscode\extensions\redhat.java-1.28.1-win32-x64\server\plugins\org.eclipse.equinox.launcher_1.6.700.v20231214-2017.jar -configuration c:\Users\mitta\AppData\Roaming\Code\User\globalStorage\redhat.java\1.28.1\config_win -data c:\Users\mitta\AppData\Roaming\Code\User\workspaceStorage\a692e1cf0e494f24f55278b0b71f1011\redhat.java\jdt_ws --stdio

Host: 11th Gen Intel(R) Core(TM) i5-11320H @ 3.20GHz, 8 cores, 7G,  Windows 11 , 64 bit Build 22621 (10.0.22621.3139)
Time: Thu Mar  7 11:26:12 2024 India Standard Time elapsed time: 0.418197 seconds (0d 0h 0m 0s)

---------------  T H R E A D  ---------------

Current thread (0x000002015d231f80):  JavaThread "C2 CompilerThread1" daemon [_thread_in_native, id=12828, stack(0x000000f662900000,0x000000f662a00000)]


Current CompileTask:
C2:    418  324       4       java.lang.StringUTF16::compress (50 bytes)

Stack: [0x000000f662900000,0x000000f662a00000]
Native frames: (J=compiled Java code, j=interpreted, Vv=VM code, C=native code)
V  [jvm.dll+0x67d2c9]
V  [jvm.dll+0x834afa]
V  [jvm.dll+0x8365be]
V  [jvm.dll+0x836c23]
V  [jvm.dll+0x2477ff]
V  [jvm.dll+0xac514]
V  [jvm.dll+0xacb5c]
V  [jvm.dll+0x3667d7]
V  [jvm.dll+0x330bfa]
V  [jvm.dll+0x33009a]
V  [jvm.dll+0x219ef1]
V  [jvm.dll+0x219311]
V  [jvm.dll+0x1a502d]
V  [jvm.dll+0x2290de]
V  [jvm.dll+0x2272ac]
V  [jvm.dll+0x7e9bb7]
V  [jvm.dll+0x7e3fba]
V  [jvm.dll+0x67c1b5]
C  [ucrtbase.dll+0x29363]
C  [KERNEL32.DLL+0x1257d]
C  [ntdll.dll+0x5aa58]


---------------  P R O C E S S  ---------------

Threads class SMR info:
_java_thread_list=0x000002015d160930, length=12, elements={
0x0000020144071050, 0x0000020157ef4020, 0x0000020157ef5290, 0x000002015d059330,
0x000002015d059d00, 0x000002015d05a7d0, 0x000002015d05b2a0, 0x000002015d05c0a0,
0x0000020157efe6c0, 0x000002015d0ba610, 0x000002015d187a90, 0x000002015d231f80
}

Java Threads: ( => current thread )
  0x0000020144071050 JavaThread "main" [_thread_in_native, id=9788, stack(0x000000f661c00000,0x000000f661d00000)]
  0x0000020157ef4020 JavaThread "Reference Handler" daemon [_thread_blocked, id=7420, stack(0x000000f661f00000,0x000000f662000000)]
  0x0000020157ef5290 JavaThread "Finalizer" daemon [_thread_blocked, id=9828, stack(0x000000f662000000,0x000000f662100000)]
  0x000002015d059330 JavaThread "Signal Dispatcher" daemon [_thread_blocked, id=10936, stack(0x000000f662100000,0x000000f662200000)]
  0x000002015d059d00 JavaThread "Attach Listener" daemon [_thread_blocked, id=17948, stack(0x000000f662200000,0x000000f662300000)]
  0x000002015d05a7d0 JavaThread "Service Thread" daemon [_thread_blocked, id=7728, stack(0x000000f662300000,0x000000f662400000)]
  0x000002015d05b2a0 JavaThread "Monitor Deflation Thread" daemon [_thread_blocked, id=21984, stack(0x000000f662400000,0x000000f662500000)]
  0x000002015d05c0a0 JavaThread "C2 CompilerThread0" daemon [_thread_in_native, id=13272, stack(0x000000f662500000,0x000000f662600000)]
  0x0000020157efe6c0 JavaThread "C1 CompilerThread0" daemon [_thread_in_native, id=24248, stack(0x000000f662600000,0x000000f662700000)]
  0x000002015d0ba610 JavaThread "Sweeper thread" daemon [_thread_blocked, id=22336, stack(0x000000f662700000,0x000000f662800000)]
  0x000002015d187a90 JavaThread "Common-Cleaner" daemon [_thread_blocked, id=24524, stack(0x000000f662800000,0x000000f662900000)]
=>0x000002015d231f80 JavaThread "C2 CompilerThread1" daemon [_thread_in_native, id=12828, stack(0x000000f662900000,0x000000f662a00000)]

Other Threads:
  0x000002015d0314b0 VMThread "VM Thread" [stack: 0x000000f661e00000,0x000000f661f00000] [id=1700]
  0x0000020144088b80 GCTaskThread "GC Thread#0" [stack: 0x000000f661d00000,0x000000f661e00000] [id=22380]

Threads with active compile tasks:
C2 CompilerThread0      447  325       4       lombok.launch.ClassFileMetaData::decodeString (181 bytes)
C2 CompilerThread1      447  324       4       java.lang.StringUTF16::compress (50 bytes)

VM state: not at safepoint (normal execution)

VM Mutex/Monitor currently owned by a thread:  ([mutex/lock_event])
[0x000002014406c670] SystemDictionary_lock - owner thread: 0x0000000000000000

Heap address: 0x00000000c0000000, size: 1024 MB, Compressed Oops mode: 32-bit

CDS archive(s) not mapped
Compressed class space mapped at: 0x0000000100000000-0x0000000140000000, reserved size: 1073741824
Narrow klass base: 0x0000000000000000, Narrow klass shift: 3, Narrow klass range: 0x140000000

GC Precious Log:
 CPUs: 8 total, 8 available
 Memory: 7975M
 Large Page Support: Disabled
 NUMA Support: Disabled
 Compressed Oops: Enabled (32-bit)
 Alignments: Space 512K, Generation 512K, Heap 2M
 Heap Min Capacity: 100M
 Heap Initial Capacity: 100M
 Heap Max Capacity: 1G
 Pre-touch: Disabled
 Parallel Workers: 8

Heap:
 PSYoungGen      total 29696K, used 6080K [0x00000000eab00000, 0x00000000ecc00000, 0x0000000100000000)
  eden space 25600K, 23% used [0x00000000eab00000,0x00000000eb0f02d0,0x00000000ec400000)
  from space 4096K, 0% used [0x00000000ec800000,0x00000000ec800000,0x00000000ecc00000)
  to   space 4096K, 0% used [0x00000000ec400000,0x00000000ec400000,0x00000000ec800000)
 ParOldGen       total 68608K, used 0K [0x00000000c0000000, 0x00000000c4300000, 0x00000000eab00000)
  object space 68608K, 0% used [0x00000000c0000000,0x00000000c0000000,0x00000000c4300000)
 Metaspace       used 6138K, committed 6336K, reserved 1114112K
  class space    used 597K, committed 704K, reserved 1048576K

Card table byte_map: [0x0000020143a00000,0x0000020143c10000] _byte_map_base: 0x0000020143400000

Marking Bits: (ParMarkBitMap*) 0x00007ffa2c53d7d0
 Begin Bits: [0x0000020155d00000, 0x0000020156d00000)
 End Bits:   [0x0000020156d00000, 0x0000020157d00000)

Polling page: 0x0000020141fc0000

Metaspace:

Usage:
  Non-class:      5.41 MB used.
      Class:    597.16 KB used.
       Both:      6.00 MB used.

Virtual space:
  Non-class space:       64.00 MB reserved,       5.50 MB (  9%) committed,  1 nodes.
      Class space:        1.00 GB reserved,     704.00 KB ( <1%) committed,  1 nodes.
             Both:        1.06 GB reserved,       6.19 MB ( <1%) committed. 

Chunk freelists:
   Non-Class:  10.30 MB
       Class:  15.23 MB
        Both:  25.52 MB

MaxMetaspaceSize: unlimited
CompressedClassSpaceSize: 1.00 GB
Initial GC threshold: 21.00 MB
Current GC threshold: 21.00 MB
CDS: off
MetaspaceReclaimPolicy: balanced
 - commit_granule_bytes: 65536.
 - commit_granule_words: 8192.
 - virtual_space_node_default_size: 8388608.
 - enlarge_chunks_in_place: 1.
 - new_chunks_are_fully_committed: 0.
 - uncommit_free_chunks: 1.
 - use_allocation_guard: 0.
 - handle_deallocations: 1.


Internal statistics:

num_allocs_failed_limit: 0.
num_arena_births: 10.
num_arena_deaths: 0.
num_vsnodes_births: 2.
num_vsnodes_deaths: 0.
num_space_committed: 99.
num_space_uncommitted: 0.
num_chunks_returned_to_freelist: 0.
num_chunks_taken_from_freelist: 32.
num_chunk_merges: 0.
num_chunk_splits: 19.
num_chunks_enlarged: 18.
num_inconsistent_stats: 0.

CodeHeap 'non-profiled nmethods': size=120000Kb used=91Kb max_used=91Kb free=119908Kb
 bounds [0x000002014e7d0000, 0x000002014ea40000, 0x0000020155d00000]
CodeHeap 'profiled nmethods': size=120000Kb used=471Kb max_used=471Kb free=119528Kb
 bounds [0x0000020146d00000, 0x0000020146f70000, 0x000002014e230000]
CodeHeap 'non-nmethods': size=5760Kb used=1105Kb max_used=1118Kb free=4654Kb
 bounds [0x000002014e230000, 0x000002014e4a0000, 0x000002014e7d0000]
 total_blobs=728 nmethods=355 adapters=288
 compilation: enabled
              stopped_count=0, restarted_count=0
 full_count=0

Compilation events (20 events):
Event: 0.398 Thread 0x0000020157efe6c0  319       1       java.net.URL::getProtocol (5 bytes)
Event: 0.398 Thread 0x0000020157efe6c0 nmethod 319 0x000002014e7e4510 code [0x000002014e7e46a0, 0x000002014e7e4778]
Event: 0.398 Thread 0x0000020157efe6c0  320       1       java.util.zip.Inflater$InflaterZStreamRef::address (5 bytes)
Event: 0.398 Thread 0x0000020157efe6c0 nmethod 320 0x000002014e7e4810 code [0x000002014e7e49a0, 0x000002014e7e4a78]
Event: 0.399 Thread 0x0000020157efe6c0  321       1       java.io.File::getPath (5 bytes)
Event: 0.399 Thread 0x0000020157efe6c0 nmethod 321 0x000002014e7e4b10 code [0x000002014e7e4ca0, 0x000002014e7e4d78]
Event: 0.399 Thread 0x0000020157efe6c0  322       3       java.lang.String::toString (2 bytes)
Event: 0.400 Thread 0x0000020157efe6c0 nmethod 322 0x0000020146d66c10 code [0x0000020146d66da0, 0x0000020146d66eb8]
Event: 0.401 Thread 0x0000020157efe6c0  323       3       jdk.internal.misc.Unsafe::allocateUninitializedArray (55 bytes)
Event: 0.401 Thread 0x0000020157efe6c0 nmethod 323 0x0000020146d66f90 code [0x0000020146d67180, 0x0000020146d675d8]
Event: 0.401 Thread 0x000002015d231f80  324       4       java.lang.StringUTF16::compress (50 bytes)
Event: 0.401 Thread 0x000002015d05c0a0  325       4       lombok.launch.ClassFileMetaData::decodeString (181 bytes)
Event: 0.403 Thread 0x0000020157efe6c0  327       1       java.net.URL::getHost (5 bytes)
Event: 0.403 Thread 0x0000020157efe6c0 nmethod 327 0x000002014e7e4e10 code [0x000002014e7e4fa0, 0x000002014e7e5078]
Event: 0.403 Thread 0x0000020157efe6c0  328       3       java.net.URI$Parser::scan (76 bytes)
Event: 0.404 Thread 0x0000020157efe6c0 nmethod 328 0x0000020146d67790 code [0x0000020146d679c0, 0x0000020146d68258]
Event: 0.404 Thread 0x0000020157efe6c0  330       3       java.lang.String::newStringUTF8NoRepl (274 bytes)
Event: 0.404 Thread 0x0000020157efe6c0 nmethod 330 0x0000020146d68610 code [0x0000020146d688c0, 0x0000020146d69768]
Event: 0.404 Thread 0x0000020157efe6c0  329       3       java.lang.CharacterDataLatin1::toUpperCase (53 bytes)
Event: 0.404 Thread 0x0000020157efe6c0 nmethod 329 0x0000020146d69c90 code [0x0000020146d69e40, 0x0000020146d6a0d8]

GC Heap History (0 events):
No events

Dll operation events (7 events):
Event: 0.017 Loaded shared library c:\Users\mitta\.vscode\extensions\redhat.java-1.28.1-win32-x64\jre\17.0.10-win32-x86_64\bin\java.dll
Event: 0.259 Loaded shared library c:\Users\mitta\.vscode\extensions\redhat.java-1.28.1-win32-x64\jre\17.0.10-win32-x86_64\bin\zip.dll
Event: 0.261 Loaded shared library C:\Users\mitta\.vscode\extensions\redhat.java-1.28.1-win32-x64\jre\17.0.10-win32-x86_64\bin\instrument.dll
Event: 0.305 Loaded shared library C:\Users\mitta\.vscode\extensions\redhat.java-1.28.1-win32-x64\jre\17.0.10-win32-x86_64\bin\net.dll
Event: 0.352 Loaded shared library C:\Users\mitta\.vscode\extensions\redhat.java-1.28.1-win32-x64\jre\17.0.10-win32-x86_64\bin\nio.dll
Event: 0.358 Loaded shared library C:\Users\mitta\.vscode\extensions\redhat.java-1.28.1-win32-x64\jre\17.0.10-win32-x86_64\bin\zip.dll
Event: 0.371 Loaded shared library C:\Users\mitta\.vscode\extensions\redhat.java-1.28.1-win32-x64\jre\17.0.10-win32-x86_64\bin\jimage.dll

Deoptimization events (2 events):
Event: 0.403 Thread 0x0000020144071050 DEOPT PACKING pc=0x0000020146d49da2 sp=0x000000f661cf91a0
Event: 0.403 Thread 0x0000020144071050 DEOPT UNPACKING pc=0x000002014e28a9e3 sp=0x000000f661cf8600 mode 0

Classes unloaded (0 events):
No events

Classes redefined (0 events):
No events

Internal exceptions (1 events):
Event: 0.240 Thread 0x0000020144071050 Exception <a 'java/lang/NoSuchMethodError'{0x00000000eacb5190}: 'void java.lang.invoke.DirectMethodHandle$Holder.invokeStatic(java.lang.Object, java.lang.Object, java.lang.Object)'> (0x00000000eacb5190) 
thrown [s\src\hotspot\share\interpreter\linkResolver.cpp, line 759]

VM Operations (4 events):
Event: 0.244 Executing VM operation: HandshakeAllThreads
Event: 0.244 Executing VM operation: HandshakeAllThreads done
Event: 0.383 Executing VM operation: HandshakeAllThreads
Event: 0.383 Executing VM operation: HandshakeAllThreads done

Events (20 events):
Event: 0.383 loading class sun/net/www/protocol/jar/URLJarFile
Event: 0.383 loading class sun/net/www/protocol/jar/URLJarFile done
Event: 0.383 loading class sun/net/www/protocol/jar/URLJarFile$URLJarFileEntry
Event: 0.383 loading class sun/net/www/protocol/jar/URLJarFile$URLJarFileEntry done
Event: 0.383 loading class sun/net/www/protocol/jar/JarURLConnection$JarURLInputStream
Event: 0.383 loading class sun/net/www/protocol/jar/JarURLConnection$JarURLInputStream done
Event: 0.384 loading class java/lang/AssertionError
Event: 0.384 loading class java/lang/AssertionError done
Event: 0.386 loading class sun/net/www/protocol/jrt/Handler
Event: 0.386 loading class sun/net/www/protocol/jrt/Handler done
Event: 0.386 loading class java/util/IdentityHashMap$KeyIterator
Event: 0.386 loading class java/util/IdentityHashMap$IdentityHashMapIterator
Event: 0.386 loading class java/util/IdentityHashMap$IdentityHashMapIterator done
Event: 0.386 loading class java/util/IdentityHashMap$KeyIterator done
Event: 0.392 loading class jdk/internal/misc/ScopedMemoryAccess$Scope
Event: 0.392 loading class jdk/internal/misc/ScopedMemoryAccess$Scope done
Event: 0.392 loading class java/util/Collections$UnmodifiableList
Event: 0.393 loading class java/util/Collections$UnmodifiableList done
Event: 0.393 loading class java/util/Collections$UnmodifiableRandomAccessList
Event: 0.393 loading class java/util/Collections$UnmodifiableRandomAccessList done


Dynamic libraries:
0x00007ff6b09a0000 - 0x00007ff6b09ae000 	c:\Users\mitta\.vscode\extensions\redhat.java-1.28.1-win32-x64\jre\17.0.10-win32-x86_64\bin\java.exe
0x00007ffae6210000 - 0x00007ffae6426000 	C:\WINDOWS\SYSTEM32\ntdll.dll
0x00007ffae4db0000 - 0x00007ffae4e74000 	C:\WINDOWS\System32\KERNEL32.DLL
0x00007ffae3760000 - 0x00007ffae3b06000 	C:\WINDOWS\System32\KERNELBASE.dll
0x00007ffae3cf0000 - 0x00007ffae3e01000 	C:\WINDOWS\System32\ucrtbase.dll
0x00007ffad3340000 - 0x00007ffad3357000 	c:\Users\mitta\.vscode\extensions\redhat.java-1.28.1-win32-x64\jre\17.0.10-win32-x86_64\bin\jli.dll
0x00007ffae5e10000 - 0x00007ffae5fbd000 	C:\WINDOWS\System32\USER32.dll
0x00007ffae3730000 - 0x00007ffae3756000 	C:\WINDOWS\System32\win32u.dll
0x00007ffae4930000 - 0x00007ffae4959000 	C:\WINDOWS\System32\GDI32.dll
0x00007ffae3540000 - 0x00007ffae3658000 	C:\WINDOWS\System32\gdi32full.dll
0x00007ffae3690000 - 0x00007ffae372a000 	C:\WINDOWS\System32\msvcp_win.dll
0x00007ffad0f40000 - 0x00007ffad0f5b000 	c:\Users\mitta\.vscode\extensions\redhat.java-1.28.1-win32-x64\jre\17.0.10-win32-x86_64\bin\VCRUNTIME140.dll
0x00007ffabef70000 - 0x00007ffabf203000 	C:\WINDOWS\WinSxS\amd64_microsoft.windows.common-controls_6595b64144ccf1df_6.0.22621.3139_none_270f19e5738675cb\COMCTL32.dll
0x00007ffae6120000 - 0x00007ffae61c7000 	C:\WINDOWS\System32\msvcrt.dll
0x00007ffae4c60000 - 0x00007ffae4c91000 	C:\WINDOWS\System32\IMM32.DLL
0x00007ffad4b20000 - 0x00007ffad4b2c000 	c:\Users\mitta\.vscode\extensions\redhat.java-1.28.1-win32-x64\jre\17.0.10-win32-x86_64\bin\vcruntime140_1.dll
0x00007ffa7a500000 - 0x00007ffa7a58d000 	c:\Users\mitta\.vscode\extensions\redhat.java-1.28.1-win32-x64\jre\17.0.10-win32-x86_64\bin\msvcp140.dll
0x00007ffa2b9a0000 - 0x00007ffa2c602000 	c:\Users\mitta\.vscode\extensions\redhat.java-1.28.1-win32-x64\jre\17.0.10-win32-x86_64\bin\server\jvm.dll
0x00007ffae4e80000 - 0x00007ffae4f32000 	C:\WINDOWS\System32\ADVAPI32.dll
0x00007ffae4780000 - 0x00007ffae4828000 	C:\WINDOWS\System32\sechost.dll
0x00007ffae3660000 - 0x00007ffae3688000 	C:\WINDOWS\System32\bcrypt.dll
0x00007ffae4b40000 - 0x00007ffae4c55000 	C:\WINDOWS\System32\RPCRT4.dll
0x00007ffae23d0000 - 0x00007ffae241d000 	C:\WINDOWS\SYSTEM32\POWRPROF.dll
0x00007ffad3f00000 - 0x00007ffad3f09000 	C:\WINDOWS\SYSTEM32\WSOCK32.dll
0x00007ffae4830000 - 0x00007ffae48a1000 	C:\WINDOWS\System32\WS2_32.dll
0x00007ffadab70000 - 0x00007ffadaba4000 	C:\WINDOWS\SYSTEM32\WINMM.dll
0x00007ffad7930000 - 0x00007ffad793a000 	C:\WINDOWS\SYSTEM32\VERSION.dll
0x00007ffae23b0000 - 0x00007ffae23c3000 	C:\WINDOWS\SYSTEM32\UMPDC.dll
0x00007ffae2670000 - 0x00007ffae2688000 	C:\WINDOWS\SYSTEM32\kernel.appcore.dll
0x00007ffad3cf0000 - 0x00007ffad3cfa000 	c:\Users\mitta\.vscode\extensions\redhat.java-1.28.1-win32-x64\jre\17.0.10-win32-x86_64\bin\jimage.dll
0x00007ffae0950000 - 0x00007ffae0b83000 	C:\WINDOWS\SYSTEM32\DBGHELP.DLL
0x00007ffae42f0000 - 0x00007ffae4678000 	C:\WINDOWS\System32\combase.dll
0x00007ffae5fc0000 - 0x00007ffae6097000 	C:\WINDOWS\System32\OLEAUT32.dll
0x00007ffad4a50000 - 0x00007ffad4a82000 	C:\WINDOWS\SYSTEM32\dbgcore.DLL
0x00007ffae3e10000 - 0x00007ffae3e8a000 	C:\WINDOWS\System32\bcryptPrimitives.dll
0x00007ffaccbd0000 - 0x00007ffaccbde000 	c:\Users\mitta\.vscode\extensions\redhat.java-1.28.1-win32-x64\jre\17.0.10-win32-x86_64\bin\instrument.dll
0x00007ffa84e10000 - 0x00007ffa84e35000 	c:\Users\mitta\.vscode\extensions\redhat.java-1.28.1-win32-x64\jre\17.0.10-win32-x86_64\bin\java.dll
0x00007ffaa6030000 - 0x00007ffaa6048000 	c:\Users\mitta\.vscode\extensions\redhat.java-1.28.1-win32-x64\jre\17.0.10-win32-x86_64\bin\zip.dll
0x00007ffae5060000 - 0x00007ffae58bc000 	C:\WINDOWS\System32\SHELL32.dll
0x00007ffae14b0000 - 0x00007ffae1da9000 	C:\WINDOWS\SYSTEM32\windows.storage.dll
0x00007ffae1370000 - 0x00007ffae14ae000 	C:\WINDOWS\SYSTEM32\wintypes.dll
0x00007ffae4ca0000 - 0x00007ffae4d93000 	C:\WINDOWS\System32\SHCORE.dll
0x00007ffae58c0000 - 0x00007ffae591e000 	C:\WINDOWS\System32\shlwapi.dll
0x00007ffae3470000 - 0x00007ffae3496000 	C:\WINDOWS\SYSTEM32\profapi.dll
0x00007ffaa2000000 - 0x00007ffaa2019000 	C:\Users\mitta\.vscode\extensions\redhat.java-1.28.1-win32-x64\jre\17.0.10-win32-x86_64\bin\net.dll
0x00007ffadd3c0000 - 0x00007ffadd4f7000 	C:\WINDOWS\SYSTEM32\WINHTTP.dll
0x00007ffae2af0000 - 0x00007ffae2b59000 	C:\WINDOWS\system32\mswsock.dll
0x00007ffaa01f0000 - 0x00007ffaa0206000 	C:\Users\mitta\.vscode\extensions\redhat.java-1.28.1-win32-x64\jre\17.0.10-win32-x86_64\bin\nio.dll
0x00007ffaccbc0000 - 0x00007ffaccbd0000 	c:\Users\mitta\.vscode\extensions\redhat.java-1.28.1-win32-x64\jre\17.0.10-win32-x86_64\bin\verify.dll

dbghelp: loaded successfully - version: 4.0.5 - missing functions: none
symbol engine: initialized successfully - sym options: 0x614 - pdb path: .;c:\Users\mitta\.vscode\extensions\redhat.java-1.28.1-win32-x64\jre\17.0.10-win32-x86_64\bin;C:\WINDOWS\SYSTEM32;C:\WINDOWS\WinSxS\amd64_microsoft.windows.common-controls_6595b64144ccf1df_6.0.22621.3139_none_270f19e5738675cb;c:\Users\mitta\.vscode\extensions\redhat.java-1.28.1-win32-x64\jre\17.0.10-win32-x86_64\bin\server

VM Arguments:
jvm_args: --add-modules=ALL-SYSTEM --add-opens=java.base/java.util=ALL-UNNAMED --add-opens=java.base/java.lang=ALL-UNNAMED --add-opens=java.base/sun.nio.fs=ALL-UNNAMED -Declipse.application=org.eclipse.jdt.ls.core.id1 -Dosgi.bundles.defaultStartLevel=4 -Declipse.product=org.eclipse.jdt.ls.core.product -Djava.import.generatesMetadataFilesAtProjectRoot=false -DDetectVMInstallationsJob.disabled=true -Dfile.encoding=utf8 -XX:+UseParallelGC -XX:GCTimeRatio=4 -XX:AdaptiveSizePolicyWeight=90 -Dsun.zip.disableMemoryMapping=true -Xmx1G -Xms100m -Xlog:disable -javaagent:c:\Users\mitta\.vscode\extensions\redhat.java-1.28.1-win32-x64\lombok\lombok-1.18.31.jar -XX:+HeapDumpOnOutOfMemoryError -XX:HeapDumpPath=c:\Users\mitta\AppData\Roaming\Code\User\workspaceStorage\a692e1cf0e494f24f55278b0b71f1011\redhat.java -Daether.dependencyCollector.impl=bf 
java_command: c:\Users\mitta\.vscode\extensions\redhat.java-1.28.1-win32-x64\server\plugins\org.eclipse.equinox.launcher_1.6.700.v20231214-2017.jar -configuration c:\Users\mitta\AppData\Roaming\Code\User\globalStorage\redhat.java\1.28.1\config_win -data c:\Users\mitta\AppData\Roaming\Code\User\workspaceStorage\a692e1cf0e494f24f55278b0b71f1011\redhat.java\jdt_ws --stdio
java_class_path (initial): c:\Users\mitta\.vscode\extensions\redhat.java-1.28.1-win32-x64\server\plugins\org.eclipse.equinox.launcher_1.6.700.v20231214-2017.jar
Launcher Type: SUN_STANDARD

[Global flags]
    uintx AdaptiveSizePolicyWeight                 = 90                                        {product} {command line}
     intx CICompilerCount                          = 4                                         {product} {ergonomic}
    uintx GCTimeRatio                              = 4                                         {product} {command line}
     bool HeapDumpOnOutOfMemoryError               = true                                   {manageable} {command line}
    ccstr HeapDumpPath                             = c:\Users\mitta\AppData\Roaming\Code\User\workspaceStorage\a692e1cf0e494f24f55278b0b71f1011\redhat.java         {manageable} {command line}
   size_t InitialHeapSize                          = 104857600                                 {product} {command line}
   size_t MaxHeapSize                              = 1073741824                                {product} {command line}
   size_t MaxNewSize                               = 357564416                                 {product} {ergonomic}
   size_t MinHeapDeltaBytes                        = 524288                                    {product} {ergonomic}
   size_t MinHeapSize                              = 104857600                                 {product} {command line}
   size_t NewSize                                  = 34603008                                  {product} {ergonomic}
    uintx NonNMethodCodeHeapSize                   = 5839372                                {pd product} {ergonomic}
    uintx NonProfiledCodeHeapSize                  = 122909434                              {pd product} {ergonomic}
   size_t OldSize                                  = 70254592                                  {product} {ergonomic}
    uintx ProfiledCodeHeapSize                     = 122909434                              {pd product} {ergonomic}
    uintx ReservedCodeCacheSize                    = 251658240                              {pd product} {ergonomic}
     bool SegmentedCodeCache                       = true                                      {product} {ergonomic}
   size_t SoftMaxHeapSize                          = 1073741824                             {manageable} {ergonomic}
     bool UseCompressedClassPointers               = true                           {product lp64_product} {ergonomic}
     bool UseCompressedOops                        = true                           {product lp64_product} {ergonomic}
     bool UseLargePagesIndividualAllocation        = false                                  {pd product} {ergonomic}
     bool UseParallelGC                            = true                                      {product} {command line}

Logging:
Log output configuration:
 #0: stdout all=off uptime,level,tags
 #1: stderr all=off uptime,level,tags

Environment Variables:
JAVA_HOME=C:\Program Files\Java\jdk-19
PATH=C:\Program Files\Eclipse Adoptium\jdk-17.0.7.7-hotspot\bin;C:\Program Files\Common Files\Oracle\Java\javapath;C:\Program Files (x86)\Common Files\Oracle\Java\javapath;C:\Windows\system32;C:\Windows;C:\Windows\System32\Wbem;C:\Windows\System32\WindowsPowerShell\v1.0\;C:\Windows\System32\OpenSSH\;C:\Program Files (x86)\NVIDIA Corporation\PhysX\Common;C:\Program Files\NVIDIA Corporation\NVIDIA NvDLISR;C:\msys64\mingw64\bin;C:\WINDOWS\system32;C:\WINDOWS;C:\WINDOWS\System32\Wbem;C:\WINDOWS\System32\WindowsPowerShell\v1.0\;C:\WINDOWS\System32\OpenSSH\;C:\Program Files\nodejs\;C:\Program Files\Git\cmd;C:\Program Files\dotnet\;C:\Program Files\Microsoft SQL Server\Client SDK\ODBC\170\Tools\Binn\;C:\Program Files\Microsoft SQL Server\150\Tools\Binn\;C:\Program Files (x86)\Microsoft SQL Server\160\DTS\Binn\;C:\Program Files\Azure Data Studio\bin;C:\Users\mitta\AppData\Local\Microsoft\WindowsApps;C:\Users\mitta\AppData\Local\Programs\Microsoft VS Code\bin;C:\Users\mitta\AppData\Roaming\npm;C:\Program Files\Java\jdk-19\bin;C:\Users\mitta\Downloads\flutter_windows_3.10.2-stable\flutter\bin;C:\Users\mitta\AppData\Local\Programs\Python\Python311;C:\ChromeDriver;C:\Users\mitta\.dotnet\tools;C:\Users\mitta\AppData\Local\GitHubDesktop\bin;C:\Users\mitta\AppData\Local\Programs\Azure Dev CLI\;C:\Program Files\Azure Data Studio\bin;C:\Users\mitta\AppData\Local\Programs\Azure Data Studio\bin
USERNAME=mitta
OS=Windows_NT
PROCESSOR_IDENTIFIER=Intel64 Family 6 Model 140 Stepping 2, GenuineIntel
TMP=C:\Users\mitta\AppData\Local\Temp
TEMP=C:\Users\mitta\AppData\Local\Temp



Periodic native trim disabled


---------------  S Y S T E M  ---------------

OS:
 Windows 11 , 64 bit Build 22621 (10.0.22621.3139)
OS uptime: 0 days 15:12 hours

CPU: total 8 (initial active 8) (4 cores per cpu, 2 threads per core) family 6 model 140 stepping 2 microcode 0x16, cx8, cmov, fxsr, ht, mmx, 3dnowpref, sse, sse2, sse3, ssse3, sse4.1, sse4.2, popcnt, lzcnt, tsc, tscinvbit, avx, avx2, aes, erms, clmul, bmi1, bmi2, adx, avx512f, avx512dq, avx512cd, avx512bw, avx512vl, sha, fma, vzeroupper, avx512_vpopcntdq, avx512_vpclmulqdq, avx512_vaes, avx512_vnni, clflush, clflushopt, clwb, avx512_vbmi2, avx512_vbmi
Processor Information for all 8 processors :
  Max Mhz: 3187, Current Mhz: 3187, Mhz Limit: 3187

Memory: 4k page, system-wide physical 7975M (508M free)
TotalPageFile size 32551M (AvailPageFile size 29M)
current process WorkingSet (physical memory assigned to process): 39M, peak: 39M
current process commit charge ("private bytes"): 186M, peak: 186M

vm_info: OpenJDK 64-Bit Server VM (17.0.10+7) for windows-amd64 JRE (17.0.10+7), built on Jan 16 2024 23:25:11 by "admin" with MS VC++ 16.10 / 16.11 (VS2019)

END.
